2018-05-06 18:50:21.7136|INFO|eCom/CartV2/Events|Order <No order>: CartV2 frontend visited.
2018-05-06 18:50:21.7456|INFO|eCom/CartV2/Events|Order CART721: Getting order from Context.Cart: CART721
2018-05-06 18:50:21.7896|INFO|eCom/CartV2/Events|Order CART721: Setting shop id to SHOP1
2018-05-06 18:50:21.9434|INFO|eCom/CartV2/Events|Order CART721: Previous step: 0
2018-05-06 18:50:21.9434|INFO|eCom/CartV2/Events|Order CART721: Order is not complete, next step is the first step: 0
2018-05-06 18:50:21.9434|INFO|eCom/CartV2/Events|Order CART721: Next step: 0
2018-05-06 18:50:22.1554|INFO|eCom/CartV2/Events|Order CART721: Render step: 0
2018-05-06 18:50:22.1594|INFO|eCom/CartV2/Events|Order CART721: Rendering step 0
2018-05-06 18:50:26.6877|INFO|eCom/CartV2/Events|Order <No order>: CartV2 frontend visited.
2018-05-06 18:50:26.6917|INFO|eCom/CartV2/Events|Order CART721: Getting order from Context.Cart: CART721
2018-05-06 18:50:26.7197|INFO|eCom/CartV2/Events|Order CART721: Setting shop id to 
2018-05-06 18:50:26.7997|INFO|eCom/CartV2/Events|Order CART721: Previous step: 0
2018-05-06 18:50:26.8037|INFO|eCom/CartV2/Events|Order CART721: Order is not complete, next step is the first step: 0
2018-05-06 18:50:26.8037|INFO|eCom/CartV2/Events|Order CART721: Next step: 0
2018-05-06 18:50:27.0437|INFO|eCom/CartV2/Events|Order CART721: Render step: 0
2018-05-06 18:50:27.0437|INFO|eCom/CartV2/Events|Order CART721: Rendering step 0
2018-05-06 18:50:43.0808|INFO|eCom/CartV2/Events|Order <No order>: CartV2 frontend visited.
2018-05-06 18:50:43.0808|INFO|eCom/CartV2/Events|Order CART721: Getting order from Context.Cart: CART721
2018-05-06 18:50:43.0969|INFO|eCom/CartV2/Events|Order CART721: Setting shop id to SHOP1
2018-05-06 18:50:43.1501|INFO|eCom/CartV2/Events|Order CART721: Previous step: 0
2018-05-06 18:50:43.1501|INFO|eCom/CartV2/Events|Order CART721: Getting next step from submit button: 1
2018-05-06 18:50:43.1501|INFO|eCom/CartV2/Events|Order CART721: Next step: 1
2018-05-06 18:50:43.1741|INFO|eCom/CartV2/Events|Order CART721: Saved 9 fields to the order
2018-05-06 18:50:43.3621|INFO|eCom/CartV2/Events|Order CART721: Validating order price.
2018-05-06 18:50:43.3680|INFO|eCom/CartV2/Events|Order CART721: Going to checkout logic
2018-05-06 18:50:43.3680|INFO|eCom/CartV2/Events|Order CART721: Starting checkout logic
2018-05-06 18:50:43.3680|INFO|eCom/CartV2/Events|Order CART721: Order is kept in context - getting new order id
2018-05-06 18:50:43.4120|INFO|eCom/CartV2/Events|Order ORDER364: Order is kept in context - new order id
2018-05-06 18:50:43.4120|INFO|eCom/CartV2/Events|Order ORDER364: Passing order to checkout handler: Dynamicweb.Ecommerce.Cart.DefaultCheckoutHandler
2018-05-06 18:50:43.7581|INFO|eCom/CartV2/Events|Order ORDER364: Called CheckoutDone (pageID:0)
2018-05-06 18:50:43.7581|INFO|eCom/CartV2/Events|Order ORDER364: Order is complete
2018-05-06 18:50:43.8061|INFO|eCom/CartV2/Events|Order ORDER364: Inside mail loop
2018-05-06 18:50:43.8061|INFO|eCom/CartV2/Events|Order ORDER364: Customer mail
2018-05-06 18:50:46.3063|INFO|eCom/CartV2/Events|Order ORDER364: Redirecting to http://impersonate.dk/Default.aspx?ID=5&CompletedOrderId=ORDER364&CompletedOrderSecret=248d6cffca084ee39cf5903b38123235
2018-05-06 18:50:46.3463|INFO|eCom/CartV2/Events|Order <No order>: CartV2 frontend visited.
2018-05-06 18:50:46.3583|INFO|eCom/CartV2/Events|Order ORDER364: Removing cart from session
2018-05-06 18:50:46.3664|INFO|eCom/CartV2/Events|Order ORDER364: Getting completed order from url
2018-05-06 18:50:46.3664|INFO|eCom/CartV2/Events|Order ORDER364: Previous step: 0
2018-05-06 18:50:46.3664|INFO|eCom/CartV2/Events|Order ORDER364: Order is complete, next step is the first step after checkout: 2
2018-05-06 18:50:46.3664|INFO|eCom/CartV2/Events|Order ORDER364: Next step: 2
2018-05-06 18:50:46.5104|INFO|eCom/CartV2/Events|Order ORDER364: Render step: 2
2018-05-06 18:50:46.5104|INFO|eCom/CartV2/Events|Order ORDER364: Rendering step 2
2018-05-06 19:00:57.1032|INFO|eCom/CartV2/Events|Order <No order>: CartV2 frontend visited.
2018-05-06 19:00:57.1152|INFO|eCom/CartV2/Events|Order ORDER364: Removing cart from session
2018-05-06 19:00:57.1152|INFO|eCom/CartV2/Events|Order ORDER364: Getting completed order from url
2018-05-06 19:00:57.1152|INFO|eCom/CartV2/Events|Order ORDER364: Previous step: 0
2018-05-06 19:00:57.1312|INFO|eCom/CartV2/Events|Order ORDER364: Order is complete, next step is the first step after checkout: 2
2018-05-06 19:00:57.1312|INFO|eCom/CartV2/Events|Order ORDER364: Next step: 2
2018-05-06 19:00:57.2072|INFO|eCom/CartV2/Events|Order ORDER364: Render step: 2
2018-05-06 19:00:57.2072|INFO|eCom/CartV2/Events|Order ORDER364: Rendering step 2
2018-05-06 19:01:35.7777|INFO|eCom/CartV2/Events|Order <No order>: CartV2 frontend visited.
2018-05-06 19:01:35.7777|INFO|eCom/CartV2/Events|Order ORDER364: Removing cart from session
2018-05-06 19:01:35.7777|INFO|eCom/CartV2/Events|Order ORDER364: Getting completed order from url
2018-05-06 19:01:35.7857|INFO|eCom/CartV2/Events|Order ORDER364: Previous step: 0
2018-05-06 19:01:35.7857|INFO|eCom/CartV2/Events|Order ORDER364: Order is complete, next step is the first step after checkout: 2
2018-05-06 19:01:35.7857|INFO|eCom/CartV2/Events|Order ORDER364: Next step: 2
2018-05-06 19:01:35.8217|INFO|eCom/CartV2/Events|Order ORDER364: Render step: 2
2018-05-06 19:01:35.9697|INFO|eCom/CartV2/Events|Order ORDER364: Rendering step 2
2018-05-06 19:02:02.8400|INFO|eCom/CartV2/Events|Order <No order>: CartV2 frontend visited.
2018-05-06 19:02:02.8400|INFO|eCom/CartV2/Events|Order ORDER364: Removing cart from session
2018-05-06 19:02:02.8520|INFO|eCom/CartV2/Events|Order ORDER364: Getting completed order from url
2018-05-06 19:02:02.8520|INFO|eCom/CartV2/Events|Order ORDER364: Previous step: 0
2018-05-06 19:02:02.8520|INFO|eCom/CartV2/Events|Order ORDER364: Order is complete, next step is the first step after checkout: 2
2018-05-06 19:02:02.8640|INFO|eCom/CartV2/Events|Order ORDER364: Next step: 2
2018-05-06 19:02:02.9360|INFO|eCom/CartV2/Events|Order ORDER364: Render step: 2
2018-05-06 19:02:02.9360|INFO|eCom/CartV2/Events|Order ORDER364: Rendering step 2
2018-05-06 19:05:28.8861|INFO|eCom/CartV2/Events|Order <No order>: CartV2 frontend visited.
2018-05-06 19:05:28.8861|INFO|eCom/CartV2/Events|Order ORDER364: Removing cart from session
2018-05-06 19:05:28.8976|INFO|eCom/CartV2/Events|Order ORDER364: Getting completed order from url
2018-05-06 19:05:28.8976|INFO|eCom/CartV2/Events|Order ORDER364: Previous step: 0
2018-05-06 19:05:28.8976|INFO|eCom/CartV2/Events|Order ORDER364: Order is complete, next step is the first step after checkout: 2
2018-05-06 19:05:28.8976|INFO|eCom/CartV2/Events|Order ORDER364: Next step: 2
2018-05-06 19:05:28.9695|INFO|eCom/CartV2/Events|Order ORDER364: Render step: 2
2018-05-06 19:05:28.9734|INFO|eCom/CartV2/Events|Order ORDER364: Rendering step 2
2018-05-06 19:09:25.1459|INFO|eCom/CartV2/Events|Order <No order>: CartV2 frontend visited.
2018-05-06 19:09:25.1459|INFO|eCom/CartV2/Events|Order ORDER364: Removing cart from session
2018-05-06 19:09:25.1619|INFO|eCom/CartV2/Events|Order ORDER364: Getting completed order from url
2018-05-06 19:09:25.1619|INFO|eCom/CartV2/Events|Order ORDER364: Previous step: 0
2018-05-06 19:09:25.1619|INFO|eCom/CartV2/Events|Order ORDER364: Order is complete, next step is the first step after checkout: 2
2018-05-06 19:09:25.1619|INFO|eCom/CartV2/Events|Order ORDER364: Next step: 2
2018-05-06 19:09:25.2459|INFO|eCom/CartV2/Events|Order ORDER364: Render step: 2
2018-05-06 19:09:25.2459|INFO|eCom/CartV2/Events|Order ORDER364: Rendering step 2
2018-05-06 19:09:42.9678|INFO|eCom/CartV2/Events|Order <No order>: CartV2 frontend visited.
2018-05-06 19:09:42.9678|INFO|eCom/CartV2/Events|Order ORDER364: Removing cart from session
2018-05-06 19:09:42.9838|INFO|eCom/CartV2/Events|Order ORDER364: Getting completed order from url
2018-05-06 19:09:42.9878|INFO|eCom/CartV2/Events|Order ORDER364: Previous step: 0
2018-05-06 19:09:42.9878|INFO|eCom/CartV2/Events|Order ORDER364: Order is complete, next step is the first step after checkout: 2
2018-05-06 19:09:42.9878|INFO|eCom/CartV2/Events|Order ORDER364: Next step: 2
2018-05-06 19:09:43.0558|INFO|eCom/CartV2/Events|Order ORDER364: Render step: 2
2018-05-06 19:09:43.0558|INFO|eCom/CartV2/Events|Order ORDER364: Rendering step 2
2018-05-06 19:09:48.2211|INFO|eCom/CartV2/Events|Order <No order>: CartV2 frontend visited.
2018-05-06 19:09:48.2211|INFO|eCom/CartV2/Events|Order ORDER364: Removing cart from session
2018-05-06 19:09:48.2251|INFO|eCom/CartV2/Events|Order ORDER364: Getting completed order from url
2018-05-06 19:09:48.2251|INFO|eCom/CartV2/Events|Order ORDER364: Previous step: 0
2018-05-06 19:09:48.2251|INFO|eCom/CartV2/Events|Order ORDER364: Order is complete, next step is the first step after checkout: 2
2018-05-06 19:09:48.2251|INFO|eCom/CartV2/Events|Order ORDER364: Next step: 2
2018-05-06 19:09:48.2611|INFO|eCom/CartV2/Events|Order ORDER364: Render step: 2
2018-05-06 19:09:48.2611|INFO|eCom/CartV2/Events|Order ORDER364: Rendering step 2
2018-05-06 19:10:54.2994|INFO|eCom/CartV2/Events|Order <No order>: CartV2 frontend visited.
2018-05-06 19:10:54.3004|INFO|eCom/CartV2/Events|Order ORDER364: Removing cart from session
2018-05-06 19:10:54.3004|INFO|eCom/CartV2/Events|Order ORDER364: Getting completed order from url
2018-05-06 19:10:54.3159|INFO|eCom/CartV2/Events|Order ORDER364: Previous step: 0
2018-05-06 19:10:54.3159|INFO|eCom/CartV2/Events|Order ORDER364: Order is complete, next step is the first step after checkout: 2
2018-05-06 19:10:54.3159|INFO|eCom/CartV2/Events|Order ORDER364: Next step: 2
2018-05-06 19:10:54.3880|INFO|eCom/CartV2/Events|Order ORDER364: Render step: 2
2018-05-06 19:10:54.3880|INFO|eCom/CartV2/Events|Order ORDER364: Rendering step 2
2018-05-06 19:11:38.7299|INFO|eCom/CartV2/Events|Order <No order>: CartV2 frontend visited.
2018-05-06 19:11:38.7299|INFO|eCom/CartV2/Events|Order ORDER364: Removing cart from session
2018-05-06 19:11:38.7529|INFO|eCom/CartV2/Events|Order ORDER364: Getting completed order from url
2018-05-06 19:11:38.7574|INFO|eCom/CartV2/Events|Order ORDER364: Previous step: 0
2018-05-06 19:11:38.7574|INFO|eCom/CartV2/Events|Order ORDER364: Order is complete, next step is the first step after checkout: 2
2018-05-06 19:11:38.7574|INFO|eCom/CartV2/Events|Order ORDER364: Next step: 2
2018-05-06 19:11:38.8673|INFO|eCom/CartV2/Events|Order ORDER364: Render step: 2
2018-05-06 19:11:38.8673|INFO|eCom/CartV2/Events|Order ORDER364: Rendering step 2
2018-05-06 19:13:01.6855|INFO|eCom/CartV2/Events|Order <No order>: CartV2 frontend visited.
2018-05-06 19:13:01.6855|INFO|eCom/CartV2/Events|Order ORDER364: Removing cart from session
2018-05-06 19:13:01.6980|INFO|eCom/CartV2/Events|Order ORDER364: Getting completed order from url
2018-05-06 19:13:01.6980|INFO|eCom/CartV2/Events|Order ORDER364: Previous step: 0
2018-05-06 19:13:01.7065|INFO|eCom/CartV2/Events|Order ORDER364: Order is complete, next step is the first step after checkout: 2
2018-05-06 19:13:01.7065|INFO|eCom/CartV2/Events|Order ORDER364: Next step: 2
2018-05-06 19:13:01.7835|INFO|eCom/CartV2/Events|Order ORDER364: Render step: 2
2018-05-06 19:13:01.7872|INFO|eCom/CartV2/Events|Order ORDER364: Rendering step 2
2018-05-06 19:13:35.5594|INFO|eCom/CartV2/Events|Order <No order>: CartV2 frontend visited.
2018-05-06 19:13:35.5594|INFO|eCom/CartV2/Events|Order ORDER364: Removing cart from session
2018-05-06 19:13:35.5594|INFO|eCom/CartV2/Events|Order ORDER364: Getting completed order from url
2018-05-06 19:13:35.5670|INFO|eCom/CartV2/Events|Order ORDER364: Previous step: 0
2018-05-06 19:13:35.5670|INFO|eCom/CartV2/Events|Order ORDER364: Order is complete, next step is the first step after checkout: 2
2018-05-06 19:13:35.5670|INFO|eCom/CartV2/Events|Order ORDER364: Next step: 2
2018-05-06 19:13:35.6020|INFO|eCom/CartV2/Events|Order ORDER364: Render step: 2
2018-05-06 19:13:35.6020|INFO|eCom/CartV2/Events|Order ORDER364: Rendering step 2
2018-05-06 19:13:54.8624|INFO|eCom/CartV2/Events|Order <No order>: CartV2 frontend visited.
2018-05-06 19:13:54.8634|INFO|eCom/CartV2/Events|Order ORDER364: Removing cart from session
2018-05-06 19:13:54.8634|INFO|eCom/CartV2/Events|Order ORDER364: Getting completed order from url
2018-05-06 19:13:54.8803|INFO|eCom/CartV2/Events|Order ORDER364: Previous step: 0
2018-05-06 19:13:54.8803|INFO|eCom/CartV2/Events|Order ORDER364: Order is complete, next step is the first step after checkout: 2
2018-05-06 19:13:54.8803|INFO|eCom/CartV2/Events|Order ORDER364: Next step: 2
2018-05-06 19:13:54.9480|INFO|eCom/CartV2/Events|Order ORDER364: Render step: 2
2018-05-06 19:13:54.9480|INFO|eCom/CartV2/Events|Order ORDER364: Rendering step 2
2018-05-06 19:14:15.5819|INFO|eCom/CartV2/Events|Order <No order>: CartV2 frontend visited.
2018-05-06 19:14:15.5819|INFO|eCom/CartV2/Events|Order ORDER364: Removing cart from session
2018-05-06 19:14:15.5819|INFO|eCom/CartV2/Events|Order ORDER364: Getting completed order from url
2018-05-06 19:14:15.5819|INFO|eCom/CartV2/Events|Order ORDER364: Previous step: 0
2018-05-06 19:14:15.5819|INFO|eCom/CartV2/Events|Order ORDER364: Order is complete, next step is the first step after checkout: 2
2018-05-06 19:14:15.5978|INFO|eCom/CartV2/Events|Order ORDER364: Next step: 2
2018-05-06 19:14:15.6294|INFO|eCom/CartV2/Events|Order ORDER364: Render step: 2
2018-05-06 19:14:15.6294|INFO|eCom/CartV2/Events|Order ORDER364: Rendering step 2
2018-05-06 19:14:33.0648|INFO|eCom/CartV2/Events|Order <No order>: CartV2 frontend visited.
2018-05-06 19:14:33.0663|INFO|eCom/CartV2/Events|Order ORDER364: Removing cart from session
2018-05-06 19:14:33.0663|INFO|eCom/CartV2/Events|Order ORDER364: Getting completed order from url
2018-05-06 19:14:33.0663|INFO|eCom/CartV2/Events|Order ORDER364: Previous step: 0
2018-05-06 19:14:33.0663|INFO|eCom/CartV2/Events|Order ORDER364: Order is complete, next step is the first step after checkout: 2
2018-05-06 19:14:33.0818|INFO|eCom/CartV2/Events|Order ORDER364: Next step: 2
2018-05-06 19:14:33.1007|INFO|eCom/CartV2/Events|Order ORDER364: Render step: 2
2018-05-06 19:14:33.1007|INFO|eCom/CartV2/Events|Order ORDER364: Rendering step 2
2018-05-06 19:14:48.9312|INFO|eCom/CartV2/Events|Order <No order>: CartV2 frontend visited.
2018-05-06 19:14:48.9312|INFO|eCom/CartV2/Events|Order ORDER364: Removing cart from session
2018-05-06 19:14:48.9312|INFO|eCom/CartV2/Events|Order ORDER364: Getting completed order from url
2018-05-06 19:14:48.9312|INFO|eCom/CartV2/Events|Order ORDER364: Previous step: 0
2018-05-06 19:14:48.9407|INFO|eCom/CartV2/Events|Order ORDER364: Order is complete, next step is the first step after checkout: 2
2018-05-06 19:14:48.9407|INFO|eCom/CartV2/Events|Order ORDER364: Next step: 2
2018-05-06 19:14:48.9712|INFO|eCom/CartV2/Events|Order ORDER364: Render step: 2
2018-05-06 19:14:48.9732|INFO|eCom/CartV2/Events|Order ORDER364: Rendering step 2
2018-05-06 19:15:22.0094|INFO|eCom/CartV2/Events|Order <No order>: CartV2 frontend visited.
2018-05-06 19:15:22.0094|INFO|eCom/CartV2/Events|Order ORDER364: Removing cart from session
2018-05-06 19:15:22.0219|INFO|eCom/CartV2/Events|Order ORDER364: Getting completed order from url
2018-05-06 19:15:22.0219|INFO|eCom/CartV2/Events|Order ORDER364: Previous step: 0
2018-05-06 19:15:22.0219|INFO|eCom/CartV2/Events|Order ORDER364: Order is complete, next step is the first step after checkout: 2
2018-05-06 19:15:22.0345|INFO|eCom/CartV2/Events|Order ORDER364: Next step: 2
2018-05-06 19:15:22.1095|INFO|eCom/CartV2/Events|Order ORDER364: Render step: 2
2018-05-06 19:15:22.1130|INFO|eCom/CartV2/Events|Order ORDER364: Rendering step 2
2018-05-06 19:16:26.6694|INFO|eCom/CartV2/Events|Order <No order>: CartV2 frontend visited.
2018-05-06 19:16:26.6694|INFO|eCom/CartV2/Events|Order ORDER364: Removing cart from session
2018-05-06 19:16:26.6799|INFO|eCom/CartV2/Events|Order ORDER364: Getting completed order from url
2018-05-06 19:16:26.6799|INFO|eCom/CartV2/Events|Order ORDER364: Previous step: 0
2018-05-06 19:16:26.6799|INFO|eCom/CartV2/Events|Order ORDER364: Order is complete, next step is the first step after checkout: 2
2018-05-06 19:16:26.6939|INFO|eCom/CartV2/Events|Order ORDER364: Next step: 2
2018-05-06 19:16:26.7710|INFO|eCom/CartV2/Events|Order ORDER364: Render step: 2
2018-05-06 19:16:26.7710|INFO|eCom/CartV2/Events|Order ORDER364: Rendering step 2
2018-05-06 19:16:55.7585|INFO|eCom/CartV2/Events|Order <No order>: CartV2 frontend visited.
2018-05-06 19:16:55.7585|INFO|eCom/CartV2/Events|Order ORDER364: Removing cart from session
2018-05-06 19:16:55.7585|INFO|eCom/CartV2/Events|Order ORDER364: Getting completed order from url
2018-05-06 19:16:55.7585|INFO|eCom/CartV2/Events|Order ORDER364: Previous step: 0
2018-05-06 19:16:55.7720|INFO|eCom/CartV2/Events|Order ORDER364: Order is complete, next step is the first step after checkout: 2
2018-05-06 19:16:55.7720|INFO|eCom/CartV2/Events|Order ORDER364: Next step: 2
2018-05-06 19:16:55.7960|INFO|eCom/CartV2/Events|Order ORDER364: Render step: 2
2018-05-06 19:16:55.7960|INFO|eCom/CartV2/Events|Order ORDER364: Rendering step 2
2018-05-06 19:18:39.1848|INFO|eCom/CartV2/Events|Order <No order>: CartV2 frontend visited.
2018-05-06 19:18:39.1848|INFO|eCom/CartV2/Events|Order ORDER364: Removing cart from session
2018-05-06 19:18:39.1973|INFO|eCom/CartV2/Events|Order ORDER364: Getting completed order from url
2018-05-06 19:18:39.1973|INFO|eCom/CartV2/Events|Order ORDER364: Previous step: 0
2018-05-06 19:18:39.1973|INFO|eCom/CartV2/Events|Order ORDER364: Order is complete, next step is the first step after checkout: 2
2018-05-06 19:18:39.2078|INFO|eCom/CartV2/Events|Order ORDER364: Next step: 2
2018-05-06 19:18:39.2984|INFO|eCom/CartV2/Events|Order ORDER364: Render step: 2
2018-05-06 19:18:39.3024|INFO|eCom/CartV2/Events|Order ORDER364: Rendering step 2
2018-05-06 19:19:30.6233|INFO|eCom/CartV2/Events|Order <No order>: CartV2 frontend visited.
2018-05-06 19:19:30.6233|INFO|eCom/CartV2/Events|Order ORDER364: Removing cart from session
2018-05-06 19:19:30.6368|INFO|eCom/CartV2/Events|Order ORDER364: Getting completed order from url
2018-05-06 19:19:30.6368|INFO|eCom/CartV2/Events|Order ORDER364: Previous step: 0
2018-05-06 19:19:30.6438|INFO|eCom/CartV2/Events|Order ORDER364: Order is complete, next step is the first step after checkout: 2
2018-05-06 19:19:30.6438|INFO|eCom/CartV2/Events|Order ORDER364: Next step: 2
2018-05-06 19:19:30.7061|INFO|eCom/CartV2/Events|Order ORDER364: Render step: 2
2018-05-06 19:19:30.7095|INFO|eCom/CartV2/Events|Order ORDER364: Rendering step 2
2018-05-06 19:20:06.9456|INFO|eCom/CartV2/Events|Order <No order>: CartV2 frontend visited.
2018-05-06 19:20:06.9456|INFO|eCom/CartV2/Events|Order ORDER364: Removing cart from session
2018-05-06 19:20:06.9456|INFO|eCom/CartV2/Events|Order ORDER364: Getting completed order from url
2018-05-06 19:20:06.9456|INFO|eCom/CartV2/Events|Order ORDER364: Previous step: 0
2018-05-06 19:20:06.9456|INFO|eCom/CartV2/Events|Order ORDER364: Order is complete, next step is the first step after checkout: 2
2018-05-06 19:20:06.9585|INFO|eCom/CartV2/Events|Order ORDER364: Next step: 2
2018-05-06 19:20:06.9851|INFO|eCom/CartV2/Events|Order ORDER364: Render step: 2
2018-05-06 19:20:06.9876|INFO|eCom/CartV2/Events|Order ORDER364: Rendering step 2
2018-05-06 19:21:18.8417|INFO|eCom/CartV2/Events|Order <No order>: CartV2 frontend visited.
2018-05-06 19:21:18.8417|INFO|eCom/CartV2/Events|Order ORDER364: Removing cart from session
2018-05-06 19:21:18.8563|INFO|eCom/CartV2/Events|Order ORDER364: Getting completed order from url
2018-05-06 19:21:18.8563|INFO|eCom/CartV2/Events|Order ORDER364: Previous step: 0
2018-05-06 19:21:18.8668|INFO|eCom/CartV2/Events|Order ORDER364: Order is complete, next step is the first step after checkout: 2
2018-05-06 19:21:18.8668|INFO|eCom/CartV2/Events|Order ORDER364: Next step: 2
2018-05-06 19:21:18.9350|INFO|eCom/CartV2/Events|Order ORDER364: Render step: 2
2018-05-06 19:21:18.9350|INFO|eCom/CartV2/Events|Order ORDER364: Rendering step 2
2018-05-06 19:21:43.0544|INFO|eCom/CartV2/Events|Order <No order>: CartV2 frontend visited.
2018-05-06 19:21:43.0544|INFO|eCom/CartV2/Events|Order ORDER364: Removing cart from session
2018-05-06 19:21:43.0710|INFO|eCom/CartV2/Events|Order ORDER364: Getting completed order from url
2018-05-06 19:21:43.0710|INFO|eCom/CartV2/Events|Order ORDER364: Previous step: 0
2018-05-06 19:21:43.0710|INFO|eCom/CartV2/Events|Order ORDER364: Order is complete, next step is the first step after checkout: 2
2018-05-06 19:21:43.0850|INFO|eCom/CartV2/Events|Order ORDER364: Next step: 2
2018-05-06 19:21:43.1873|INFO|eCom/CartV2/Events|Order ORDER364: Render step: 2
2018-05-06 19:21:43.1908|INFO|eCom/CartV2/Events|Order ORDER364: Rendering step 2
2018-05-06 19:21:58.9731|INFO|eCom/CartV2/Events|Order <No order>: CartV2 frontend visited.
2018-05-06 19:21:58.9731|INFO|eCom/CartV2/Events|Order ORDER364: Removing cart from session
2018-05-06 19:21:58.9731|INFO|eCom/CartV2/Events|Order ORDER364: Getting completed order from url
2018-05-06 19:21:58.9731|INFO|eCom/CartV2/Events|Order ORDER364: Previous step: 0
2018-05-06 19:21:58.9731|INFO|eCom/CartV2/Events|Order ORDER364: Order is complete, next step is the first step after checkout: 2
2018-05-06 19:21:58.9731|INFO|eCom/CartV2/Events|Order ORDER364: Next step: 2
2018-05-06 19:21:59.0066|INFO|eCom/CartV2/Events|Order ORDER364: Render step: 2
2018-05-06 19:21:59.0066|INFO|eCom/CartV2/Events|Order ORDER364: Rendering step 2
2018-05-06 19:24:23.5334|INFO|eCom/CartV2/Events|Order <No order>: CartV2 frontend visited.
2018-05-06 19:24:23.5344|INFO|eCom/CartV2/Events|Order ORDER364: Removing cart from session
2018-05-06 19:24:23.5344|INFO|eCom/CartV2/Events|Order ORDER364: Getting completed order from url
2018-05-06 19:24:23.5538|INFO|eCom/CartV2/Events|Order ORDER364: Previous step: 0
2018-05-06 19:24:23.5538|INFO|eCom/CartV2/Events|Order ORDER364: Order is complete, next step is the first step after checkout: 2
2018-05-06 19:24:23.5538|INFO|eCom/CartV2/Events|Order ORDER364: Next step: 2
2018-05-06 19:24:23.6387|INFO|eCom/CartV2/Events|Order ORDER364: Render step: 2
2018-05-06 19:24:23.6387|INFO|eCom/CartV2/Events|Order ORDER364: Rendering step 2
2018-05-06 19:27:23.2878|INFO|eCom/CartV2/Events|Order <No order>: CartV2 frontend visited.
2018-05-06 19:27:23.2878|INFO|eCom/CartV2/Events|Order ORDER364: Removing cart from session
2018-05-06 19:27:23.3013|INFO|eCom/CartV2/Events|Order ORDER364: Getting completed order from url
2018-05-06 19:27:23.3013|INFO|eCom/CartV2/Events|Order ORDER364: Previous step: 0
2018-05-06 19:27:23.3013|INFO|eCom/CartV2/Events|Order ORDER364: Order is complete, next step is the first step after checkout: 2
2018-05-06 19:27:23.3013|INFO|eCom/CartV2/Events|Order ORDER364: Next step: 2
2018-05-06 19:27:23.3768|INFO|eCom/CartV2/Events|Order ORDER364: Render step: 2
2018-05-06 19:27:23.3813|INFO|eCom/CartV2/Events|Order ORDER364: Rendering step 2
2018-05-06 19:28:20.3854|INFO|eCom/CartV2/Events|Order <No order>: CartV2 frontend visited.
2018-05-06 19:28:20.3854|INFO|eCom/CartV2/Events|Order ORDER364: Removing cart from session
2018-05-06 19:28:20.4023|INFO|eCom/CartV2/Events|Order ORDER364: Getting completed order from url
2018-05-06 19:28:20.4023|INFO|eCom/CartV2/Events|Order ORDER364: Previous step: 0
2018-05-06 19:28:20.4101|INFO|eCom/CartV2/Events|Order ORDER364: Order is complete, next step is the first step after checkout: 2
2018-05-06 19:28:20.4101|INFO|eCom/CartV2/Events|Order ORDER364: Next step: 2
2018-05-06 19:28:20.4947|INFO|eCom/CartV2/Events|Order ORDER364: Render step: 2
2018-05-06 19:28:20.4947|INFO|eCom/CartV2/Events|Order ORDER364: Rendering step 2
2018-05-06 19:28:35.2025|INFO|eCom/CartV2/Events|Order <No order>: CartV2 frontend visited.
2018-05-06 19:28:35.2025|INFO|eCom/CartV2/Events|Order ORDER364: Removing cart from session
2018-05-06 19:28:35.2068|INFO|eCom/CartV2/Events|Order ORDER364: Getting completed order from url
2018-05-06 19:28:35.2068|INFO|eCom/CartV2/Events|Order ORDER364: Previous step: 0
2018-05-06 19:28:35.2068|INFO|eCom/CartV2/Events|Order ORDER364: Order is complete, next step is the first step after checkout: 2
2018-05-06 19:28:35.2068|INFO|eCom/CartV2/Events|Order ORDER364: Next step: 2
2018-05-06 19:28:35.2338|INFO|eCom/CartV2/Events|Order ORDER364: Render step: 2
2018-05-06 19:28:35.2338|INFO|eCom/CartV2/Events|Order ORDER364: Rendering step 2
2018-05-06 19:31:16.0333|INFO|eCom/CartV2/Events|Order <No order>: CartV2 frontend visited.
2018-05-06 19:31:16.0333|INFO|eCom/CartV2/Events|Order ORDER364: Removing cart from session
2018-05-06 19:31:16.0498|INFO|eCom/CartV2/Events|Order ORDER364: Getting completed order from url
2018-05-06 19:31:16.0541|INFO|eCom/CartV2/Events|Order ORDER364: Previous step: 0
2018-05-06 19:31:16.0541|INFO|eCom/CartV2/Events|Order ORDER364: Order is complete, next step is the first step after checkout: 2
2018-05-06 19:31:16.0541|INFO|eCom/CartV2/Events|Order ORDER364: Next step: 2
2018-05-06 19:31:16.1404|INFO|eCom/CartV2/Events|Order ORDER364: Render step: 2
2018-05-06 19:31:16.1451|INFO|eCom/CartV2/Events|Order ORDER364: Rendering step 2
2018-05-06 19:31:45.5740|INFO|eCom/CartV2/Events|Order <No order>: CartV2 frontend visited.
2018-05-06 19:31:45.5740|INFO|eCom/CartV2/Events|Order ORDER364: Removing cart from session
2018-05-06 19:31:45.5860|INFO|eCom/CartV2/Events|Order ORDER364: Getting completed order from url
2018-05-06 19:31:45.5860|INFO|eCom/CartV2/Events|Order ORDER364: Previous step: 0
2018-05-06 19:31:45.5860|INFO|eCom/CartV2/Events|Order ORDER364: Order is complete, next step is the first step after checkout: 2
2018-05-06 19:31:45.5997|INFO|eCom/CartV2/Events|Order ORDER364: Next step: 2
2018-05-06 19:31:45.6645|INFO|eCom/CartV2/Events|Order ORDER364: Render step: 2
2018-05-06 19:31:45.6645|INFO|eCom/CartV2/Events|Order ORDER364: Rendering step 2
2018-05-06 19:32:26.0698|INFO|eCom/CartV2/Events|Order <No order>: CartV2 frontend visited.
2018-05-06 19:32:26.0698|INFO|eCom/CartV2/Events|Order ORDER364: Removing cart from session
2018-05-06 19:32:26.0698|INFO|eCom/CartV2/Events|Order ORDER364: Getting completed order from url
2018-05-06 19:32:26.0698|INFO|eCom/CartV2/Events|Order ORDER364: Previous step: 0
2018-05-06 19:32:26.0818|INFO|eCom/CartV2/Events|Order ORDER364: Order is complete, next step is the first step after checkout: 2
2018-05-06 19:32:26.0818|INFO|eCom/CartV2/Events|Order ORDER364: Next step: 2
2018-05-06 19:32:26.1143|INFO|eCom/CartV2/Events|Order ORDER364: Render step: 2
2018-05-06 19:32:26.1143|INFO|eCom/CartV2/Events|Order ORDER364: Rendering step 2
2018-05-06 19:32:39.0603|INFO|eCom/CartV2/Events|Order <No order>: CartV2 frontend visited.
2018-05-06 19:32:39.0603|INFO|eCom/CartV2/Events|Order ORDER364: Removing cart from session
2018-05-06 19:32:39.0774|INFO|eCom/CartV2/Events|Order ORDER364: Getting completed order from url
2018-05-06 19:32:39.0821|INFO|eCom/CartV2/Events|Order ORDER364: Previous step: 0
2018-05-06 19:32:39.0821|INFO|eCom/CartV2/Events|Order ORDER364: Order is complete, next step is the first step after checkout: 2
2018-05-06 19:32:39.0821|INFO|eCom/CartV2/Events|Order ORDER364: Next step: 2
2018-05-06 19:32:39.1590|INFO|eCom/CartV2/Events|Order ORDER364: Render step: 2
2018-05-06 19:32:39.1630|INFO|eCom/CartV2/Events|Order ORDER364: Rendering step 2
2018-05-06 19:33:03.6639|INFO|eCom/CartV2/Events|Order <No order>: CartV2 frontend visited.
2018-05-06 19:33:03.6639|INFO|eCom/CartV2/Events|Order ORDER364: Removing cart from session
2018-05-06 19:33:03.6639|INFO|eCom/CartV2/Events|Order ORDER364: Getting completed order from url
2018-05-06 19:33:03.6639|INFO|eCom/CartV2/Events|Order ORDER364: Previous step: 0
2018-05-06 19:33:03.6639|INFO|eCom/CartV2/Events|Order ORDER364: Order is complete, next step is the first step after checkout: 2
2018-05-06 19:33:03.6775|INFO|eCom/CartV2/Events|Order ORDER364: Next step: 2
2018-05-06 19:33:03.7101|INFO|eCom/CartV2/Events|Order ORDER364: Render step: 2
2018-05-06 19:33:03.7101|INFO|eCom/CartV2/Events|Order ORDER364: Rendering step 2
2018-05-06 19:33:41.0043|INFO|eCom/CartV2/Events|Order <No order>: CartV2 frontend visited.
2018-05-06 19:33:41.0043|INFO|eCom/CartV2/Events|Order ORDER364: Removing cart from session
2018-05-06 19:33:41.0043|INFO|eCom/CartV2/Events|Order ORDER364: Getting completed order from url
2018-05-06 19:33:41.0223|INFO|eCom/CartV2/Events|Order ORDER364: Previous step: 0
2018-05-06 19:33:41.0223|INFO|eCom/CartV2/Events|Order ORDER364: Order is complete, next step is the first step after checkout: 2
2018-05-06 19:33:41.0223|INFO|eCom/CartV2/Events|Order ORDER364: Next step: 2
2018-05-06 19:33:41.1000|INFO|eCom/CartV2/Events|Order ORDER364: Render step: 2
2018-05-06 19:33:41.1000|INFO|eCom/CartV2/Events|Order ORDER364: Rendering step 2
2018-05-06 19:34:41.4916|INFO|eCom/CartV2/Events|Order <No order>: CartV2 frontend visited.
2018-05-06 19:34:41.4916|INFO|eCom/CartV2/Events|Order ORDER364: Removing cart from session
2018-05-06 19:34:41.5086|INFO|eCom/CartV2/Events|Order ORDER364: Getting completed order from url
2018-05-06 19:34:41.5086|INFO|eCom/CartV2/Events|Order ORDER364: Previous step: 0
2018-05-06 19:34:41.5086|INFO|eCom/CartV2/Events|Order ORDER364: Order is complete, next step is the first step after checkout: 2
2018-05-06 19:34:41.5190|INFO|eCom/CartV2/Events|Order ORDER364: Next step: 2
2018-05-06 19:34:41.6784|INFO|eCom/CartV2/Events|Order ORDER364: Render step: 2
2018-05-06 19:34:41.6784|INFO|eCom/CartV2/Events|Order ORDER364: Rendering step 2
2018-05-06 19:34:57.7981|INFO|eCom/CartV2/Events|Order <No order>: CartV2 frontend visited.
2018-05-06 19:34:57.8001|INFO|eCom/CartV2/Events|Order ORDER364: Removing cart from session
2018-05-06 19:34:57.8161|INFO|eCom/CartV2/Events|Order ORDER364: Getting completed order from url
2018-05-06 19:34:57.8161|INFO|eCom/CartV2/Events|Order ORDER364: Previous step: 0
2018-05-06 19:34:57.8161|INFO|eCom/CartV2/Events|Order ORDER364: Order is complete, next step is the first step after checkout: 2
2018-05-06 19:34:57.8161|INFO|eCom/CartV2/Events|Order ORDER364: Next step: 2
2018-05-06 19:34:57.9004|INFO|eCom/CartV2/Events|Order ORDER364: Render step: 2
2018-05-06 19:34:57.9004|INFO|eCom/CartV2/Events|Order ORDER364: Rendering step 2
2018-05-06 19:35:13.2563|INFO|eCom/CartV2/Events|Order <No order>: CartV2 frontend visited.
2018-05-06 19:35:13.2563|INFO|eCom/CartV2/Events|Order ORDER364: Removing cart from session
2018-05-06 19:35:13.2563|INFO|eCom/CartV2/Events|Order ORDER364: Getting completed order from url
2018-05-06 19:35:13.2563|INFO|eCom/CartV2/Events|Order ORDER364: Previous step: 0
2018-05-06 19:35:13.2563|INFO|eCom/CartV2/Events|Order ORDER364: Order is complete, next step is the first step after checkout: 2
2018-05-06 19:35:13.2706|INFO|eCom/CartV2/Events|Order ORDER364: Next step: 2
2018-05-06 19:35:13.2988|INFO|eCom/CartV2/Events|Order ORDER364: Render step: 2
2018-05-06 19:35:13.3016|INFO|eCom/CartV2/Events|Order ORDER364: Rendering step 2
2018-05-06 19:35:26.8192|INFO|eCom/CartV2/Events|Order <No order>: CartV2 frontend visited.
2018-05-06 19:35:26.8192|INFO|eCom/CartV2/Events|Order ORDER364: Removing cart from session
2018-05-06 19:35:26.8192|INFO|eCom/CartV2/Events|Order ORDER364: Getting completed order from url
2018-05-06 19:35:26.8192|INFO|eCom/CartV2/Events|Order ORDER364: Previous step: 0
2018-05-06 19:35:26.8192|INFO|eCom/CartV2/Events|Order ORDER364: Order is complete, next step is the first step after checkout: 2
2018-05-06 19:35:26.8326|INFO|eCom/CartV2/Events|Order ORDER364: Next step: 2
2018-05-06 19:35:26.8563|INFO|eCom/CartV2/Events|Order ORDER364: Render step: 2
2018-05-06 19:35:26.8563|INFO|eCom/CartV2/Events|Order ORDER364: Rendering step 2
2018-05-06 19:35:41.3459|INFO|eCom/CartV2/Events|Order <No order>: CartV2 frontend visited.
2018-05-06 19:35:41.3459|INFO|eCom/CartV2/Events|Order ORDER364: Removing cart from session
2018-05-06 19:35:41.3507|INFO|eCom/CartV2/Events|Order ORDER364: Getting completed order from url
2018-05-06 19:35:41.3507|INFO|eCom/CartV2/Events|Order ORDER364: Previous step: 0
2018-05-06 19:35:41.3507|INFO|eCom/CartV2/Events|Order ORDER364: Order is complete, next step is the first step after checkout: 2
2018-05-06 19:35:41.3507|INFO|eCom/CartV2/Events|Order ORDER364: Next step: 2
2018-05-06 19:35:41.3834|INFO|eCom/CartV2/Events|Order ORDER364: Render step: 2
2018-05-06 19:35:41.3834|INFO|eCom/CartV2/Events|Order ORDER364: Rendering step 2
2018-05-06 19:35:58.7591|INFO|eCom/CartV2/Events|Order <No order>: CartV2 frontend visited.
2018-05-06 19:35:58.7591|INFO|eCom/CartV2/Events|Order ORDER364: Removing cart from session
2018-05-06 19:35:58.7741|INFO|eCom/CartV2/Events|Order ORDER364: Getting completed order from url
2018-05-06 19:35:58.7741|INFO|eCom/CartV2/Events|Order ORDER364: Previous step: 0
2018-05-06 19:35:58.7741|INFO|eCom/CartV2/Events|Order ORDER364: Order is complete, next step is the first step after checkout: 2
2018-05-06 19:35:58.7861|INFO|eCom/CartV2/Events|Order ORDER364: Next step: 2
2018-05-06 19:35:58.8518|INFO|eCom/CartV2/Events|Order ORDER364: Render step: 2
2018-05-06 19:35:58.8518|INFO|eCom/CartV2/Events|Order ORDER364: Rendering step 2
2018-05-06 19:36:32.7567|INFO|eCom/CartV2/Events|Order <No order>: CartV2 frontend visited.
2018-05-06 19:36:32.7567|INFO|eCom/CartV2/Events|Order ORDER364: Removing cart from session
2018-05-06 19:36:32.7567|INFO|eCom/CartV2/Events|Order ORDER364: Getting completed order from url
2018-05-06 19:36:32.7567|INFO|eCom/CartV2/Events|Order ORDER364: Previous step: 0
2018-05-06 19:36:32.7697|INFO|eCom/CartV2/Events|Order ORDER364: Order is complete, next step is the first step after checkout: 2
2018-05-06 19:36:32.7697|INFO|eCom/CartV2/Events|Order ORDER364: Next step: 2
2018-05-06 19:36:32.7998|INFO|eCom/CartV2/Events|Order ORDER364: Render step: 2
2018-05-06 19:36:32.8018|INFO|eCom/CartV2/Events|Order ORDER364: Rendering step 2
2018-05-06 19:37:07.6895|INFO|eCom/CartV2/Events|Order <No order>: CartV2 frontend visited.
2018-05-06 19:37:07.6895|INFO|eCom/CartV2/Events|Order ORDER364: Removing cart from session
2018-05-06 19:37:07.7055|INFO|eCom/CartV2/Events|Order ORDER364: Getting completed order from url
2018-05-06 19:37:07.7104|INFO|eCom/CartV2/Events|Order ORDER364: Previous step: 0
2018-05-06 19:37:07.7104|INFO|eCom/CartV2/Events|Order ORDER364: Order is complete, next step is the first step after checkout: 2
2018-05-06 19:37:07.7104|INFO|eCom/CartV2/Events|Order ORDER364: Next step: 2
2018-05-06 19:37:07.7853|INFO|eCom/CartV2/Events|Order ORDER364: Render step: 2
2018-05-06 19:37:07.7853|INFO|eCom/CartV2/Events|Order ORDER364: Rendering step 2
2018-05-06 19:37:27.6211|INFO|eCom/CartV2/Events|Order <No order>: CartV2 frontend visited.
2018-05-06 19:37:27.6211|INFO|eCom/CartV2/Events|Order ORDER364: Removing cart from session
2018-05-06 19:37:27.6211|INFO|eCom/CartV2/Events|Order ORDER364: Getting completed order from url
2018-05-06 19:37:27.6310|INFO|eCom/CartV2/Events|Order ORDER364: Previous step: 0
2018-05-06 19:37:27.6310|INFO|eCom/CartV2/Events|Order ORDER364: Order is complete, next step is the first step after checkout: 2
2018-05-06 19:37:27.6310|INFO|eCom/CartV2/Events|Order ORDER364: Next step: 2
2018-05-06 19:37:27.6654|INFO|eCom/CartV2/Events|Order ORDER364: Render step: 2
2018-05-06 19:37:27.6654|INFO|eCom/CartV2/Events|Order ORDER364: Rendering step 2
2018-05-06 19:37:53.7345|INFO|eCom/CartV2/Events|Order <No order>: CartV2 frontend visited.
2018-05-06 19:37:53.7345|INFO|eCom/CartV2/Events|Order ORDER364: Removing cart from session
2018-05-06 19:37:53.7375|INFO|eCom/CartV2/Events|Order ORDER364: Getting completed order from url
2018-05-06 19:37:53.7375|INFO|eCom/CartV2/Events|Order ORDER364: Previous step: 0
2018-05-06 19:37:53.7375|INFO|eCom/CartV2/Events|Order ORDER364: Order is complete, next step is the first step after checkout: 2
2018-05-06 19:37:53.7375|INFO|eCom/CartV2/Events|Order ORDER364: Next step: 2
2018-05-06 19:37:53.7705|INFO|eCom/CartV2/Events|Order ORDER364: Render step: 2
2018-05-06 19:37:53.7705|INFO|eCom/CartV2/Events|Order ORDER364: Rendering step 2
2018-05-06 19:40:12.3797|INFO|eCom/CartV2/Events|Order <No order>: CartV2 frontend visited.
2018-05-06 19:40:12.3797|INFO|eCom/CartV2/Events|Order ORDER364: Removing cart from session
2018-05-06 19:40:12.3797|INFO|eCom/CartV2/Events|Order ORDER364: Getting completed order from url
2018-05-06 19:40:12.3967|INFO|eCom/CartV2/Events|Order ORDER364: Previous step: 0
2018-05-06 19:40:12.3967|INFO|eCom/CartV2/Events|Order ORDER364: Order is complete, next step is the first step after checkout: 2
2018-05-06 19:40:12.3967|INFO|eCom/CartV2/Events|Order ORDER364: Next step: 2
2018-05-06 19:40:12.5708|INFO|eCom/CartV2/Events|Order ORDER364: Render step: 2
2018-05-06 19:40:12.5708|INFO|eCom/CartV2/Events|Order ORDER364: Rendering step 2
2018-05-06 19:41:03.1228|INFO|eCom/CartV2/Events|Order <No order>: CartV2 frontend visited.
2018-05-06 19:41:03.1228|INFO|eCom/CartV2/Events|Order ORDER364: Removing cart from session
2018-05-06 19:41:03.1368|INFO|eCom/CartV2/Events|Order ORDER364: Getting completed order from url
2018-05-06 19:41:03.1368|INFO|eCom/CartV2/Events|Order ORDER364: Previous step: 0
2018-05-06 19:41:03.1458|INFO|eCom/CartV2/Events|Order ORDER364: Order is complete, next step is the first step after checkout: 2
2018-05-06 19:41:03.1458|INFO|eCom/CartV2/Events|Order ORDER364: Next step: 2
2018-05-06 19:41:03.2181|INFO|eCom/CartV2/Events|Order ORDER364: Render step: 2
2018-05-06 19:41:03.2227|INFO|eCom/CartV2/Events|Order ORDER364: Rendering step 2
2018-05-06 19:41:23.9514|INFO|eCom/CartV2/Events|Order <No order>: CartV2 frontend visited.
2018-05-06 19:41:23.9514|INFO|eCom/CartV2/Events|Order ORDER364: Removing cart from session
2018-05-06 19:41:23.9672|INFO|eCom/CartV2/Events|Order ORDER364: Getting completed order from url
2018-05-06 19:41:23.9672|INFO|eCom/CartV2/Events|Order ORDER364: Previous step: 0
2018-05-06 19:41:23.9752|INFO|eCom/CartV2/Events|Order ORDER364: Order is complete, next step is the first step after checkout: 2
2018-05-06 19:41:23.9752|INFO|eCom/CartV2/Events|Order ORDER364: Next step: 2
2018-05-06 19:41:24.0585|INFO|eCom/CartV2/Events|Order ORDER364: Render step: 2
2018-05-06 19:41:24.0585|INFO|eCom/CartV2/Events|Order ORDER364: Rendering step 2
2018-05-06 19:42:25.1506|INFO|eCom/CartV2/Events|Order <No order>: CartV2 frontend visited.
2018-05-06 19:42:25.1506|INFO|eCom/CartV2/Events|Order ORDER364: Removing cart from session
2018-05-06 19:42:25.1657|INFO|eCom/CartV2/Events|Order ORDER364: Getting completed order from url
2018-05-06 19:42:25.1657|INFO|eCom/CartV2/Events|Order ORDER364: Previous step: 0
2018-05-06 19:42:25.1657|INFO|eCom/CartV2/Events|Order ORDER364: Order is complete, next step is the first step after checkout: 2
2018-05-06 19:42:25.1776|INFO|eCom/CartV2/Events|Order ORDER364: Next step: 2
2018-05-06 19:42:25.2447|INFO|eCom/CartV2/Events|Order ORDER364: Render step: 2
2018-05-06 19:42:25.2447|INFO|eCom/CartV2/Events|Order ORDER364: Rendering step 2
2018-05-06 19:43:01.3613|INFO|eCom/CartV2/Events|Order <No order>: CartV2 frontend visited.
2018-05-06 19:43:01.3613|INFO|eCom/CartV2/Events|Order ORDER364: Removing cart from session
2018-05-06 19:43:01.3771|INFO|eCom/CartV2/Events|Order ORDER364: Getting completed order from url
2018-05-06 19:43:01.3811|INFO|eCom/CartV2/Events|Order ORDER364: Previous step: 0
2018-05-06 19:43:01.3811|INFO|eCom/CartV2/Events|Order ORDER364: Order is complete, next step is the first step after checkout: 2
2018-05-06 19:43:01.3811|INFO|eCom/CartV2/Events|Order ORDER364: Next step: 2
2018-05-06 19:43:01.4573|INFO|eCom/CartV2/Events|Order ORDER364: Render step: 2
2018-05-06 19:43:01.4573|INFO|eCom/CartV2/Events|Order ORDER364: Rendering step 2
2018-05-06 19:43:25.2960|INFO|eCom/CartV2/Events|Order <No order>: CartV2 frontend visited.
2018-05-06 19:43:25.2960|INFO|eCom/CartV2/Events|Order ORDER364: Removing cart from session
2018-05-06 19:43:25.2960|INFO|eCom/CartV2/Events|Order ORDER364: Getting completed order from url
2018-05-06 19:43:25.3010|INFO|eCom/CartV2/Events|Order ORDER364: Previous step: 0
2018-05-06 19:43:25.3010|INFO|eCom/CartV2/Events|Order ORDER364: Order is complete, next step is the first step after checkout: 2
2018-05-06 19:43:25.3010|INFO|eCom/CartV2/Events|Order ORDER364: Next step: 2
2018-05-06 19:43:25.3299|INFO|eCom/CartV2/Events|Order ORDER364: Render step: 2
2018-05-06 19:43:25.3319|INFO|eCom/CartV2/Events|Order ORDER364: Rendering step 2
2018-05-06 19:43:47.7603|INFO|eCom/CartV2/Events|Order <No order>: CartV2 frontend visited.
2018-05-06 19:43:47.7603|INFO|eCom/CartV2/Events|Order ORDER364: Removing cart from session
2018-05-06 19:43:47.7764|INFO|eCom/CartV2/Events|Order ORDER364: Getting completed order from url
2018-05-06 19:43:47.7764|INFO|eCom/CartV2/Events|Order ORDER364: Previous step: 0
2018-05-06 19:43:47.7850|INFO|eCom/CartV2/Events|Order ORDER364: Order is complete, next step is the first step after checkout: 2
2018-05-06 19:43:47.7850|INFO|eCom/CartV2/Events|Order ORDER364: Next step: 2
2018-05-06 19:43:47.8671|INFO|eCom/CartV2/Events|Order ORDER364: Render step: 2
2018-05-06 19:43:47.8671|INFO|eCom/CartV2/Events|Order ORDER364: Rendering step 2
2018-05-06 19:44:02.1965|INFO|eCom/CartV2/Events|Order <No order>: CartV2 frontend visited.
2018-05-06 19:44:02.1965|INFO|eCom/CartV2/Events|Order ORDER364: Removing cart from session
2018-05-06 19:44:02.1965|INFO|eCom/CartV2/Events|Order ORDER364: Getting completed order from url
2018-05-06 19:44:02.1965|INFO|eCom/CartV2/Events|Order ORDER364: Previous step: 0
2018-05-06 19:44:02.1965|INFO|eCom/CartV2/Events|Order ORDER364: Order is complete, next step is the first step after checkout: 2
2018-05-06 19:44:02.2088|INFO|eCom/CartV2/Events|Order ORDER364: Next step: 2
2018-05-06 19:44:02.2291|INFO|eCom/CartV2/Events|Order ORDER364: Render step: 2
2018-05-06 19:44:02.2291|INFO|eCom/CartV2/Events|Order ORDER364: Rendering step 2
2018-05-06 19:44:58.1569|INFO|eCom/CartV2/Events|Order <No order>: CartV2 frontend visited.
2018-05-06 19:44:58.1569|INFO|eCom/CartV2/Events|Order ORDER364: Removing cart from session
2018-05-06 19:44:58.1699|INFO|eCom/CartV2/Events|Order ORDER364: Getting completed order from url
2018-05-06 19:44:58.1699|INFO|eCom/CartV2/Events|Order ORDER364: Previous step: 0
2018-05-06 19:44:58.1789|INFO|eCom/CartV2/Events|Order ORDER364: Order is complete, next step is the first step after checkout: 2
2018-05-06 19:44:58.1789|INFO|eCom/CartV2/Events|Order ORDER364: Next step: 2
2018-05-06 19:44:58.2707|INFO|eCom/CartV2/Events|Order ORDER364: Render step: 2
2018-05-06 19:44:58.2707|INFO|eCom/CartV2/Events|Order ORDER364: Rendering step 2
2018-05-06 19:45:23.0505|INFO|eCom/CartV2/Events|Order <No order>: CartV2 frontend visited.
2018-05-06 19:45:23.0505|INFO|eCom/CartV2/Events|Order ORDER364: Removing cart from session
2018-05-06 19:45:23.0505|INFO|eCom/CartV2/Events|Order ORDER364: Getting completed order from url
2018-05-06 19:45:23.0505|INFO|eCom/CartV2/Events|Order ORDER364: Previous step: 0
2018-05-06 19:45:23.0505|INFO|eCom/CartV2/Events|Order ORDER364: Order is complete, next step is the first step after checkout: 2
2018-05-06 19:45:23.0505|INFO|eCom/CartV2/Events|Order ORDER364: Next step: 2
2018-05-06 19:45:23.0854|INFO|eCom/CartV2/Events|Order ORDER364: Render step: 2
2018-05-06 19:45:23.0854|INFO|eCom/CartV2/Events|Order ORDER364: Rendering step 2
2018-05-06 19:45:37.4310|INFO|eCom/CartV2/Events|Order <No order>: CartV2 frontend visited.
2018-05-06 19:45:37.4310|INFO|eCom/CartV2/Events|Order ORDER364: Removing cart from session
2018-05-06 19:45:37.4310|INFO|eCom/CartV2/Events|Order ORDER364: Getting completed order from url
2018-05-06 19:45:37.4310|INFO|eCom/CartV2/Events|Order ORDER364: Previous step: 0
2018-05-06 19:45:37.4310|INFO|eCom/CartV2/Events|Order ORDER364: Order is complete, next step is the first step after checkout: 2
2018-05-06 19:45:37.4419|INFO|eCom/CartV2/Events|Order ORDER364: Next step: 2
2018-05-06 19:45:37.4689|INFO|eCom/CartV2/Events|Order ORDER364: Render step: 2
2018-05-06 19:45:37.4689|INFO|eCom/CartV2/Events|Order ORDER364: Rendering step 2
2018-05-06 19:45:53.2389|INFO|eCom/CartV2/Events|Order <No order>: CartV2 frontend visited.
2018-05-06 19:45:53.2389|INFO|eCom/CartV2/Events|Order ORDER364: Removing cart from session
2018-05-06 19:45:53.2549|INFO|eCom/CartV2/Events|Order ORDER364: Getting completed order from url
2018-05-06 19:45:53.2549|INFO|eCom/CartV2/Events|Order ORDER364: Previous step: 0
2018-05-06 19:45:53.2549|INFO|eCom/CartV2/Events|Order ORDER364: Order is complete, next step is the first step after checkout: 2
2018-05-06 19:45:53.2691|INFO|eCom/CartV2/Events|Order ORDER364: Next step: 2
2018-05-06 19:45:53.3440|INFO|eCom/CartV2/Events|Order ORDER364: Render step: 2
2018-05-06 19:45:53.3490|INFO|eCom/CartV2/Events|Order ORDER364: Rendering step 2
2018-05-06 19:46:43.3661|INFO|eCom/CartV2/Events|Order <No order>: CartV2 frontend visited.
2018-05-06 19:46:43.3661|INFO|eCom/CartV2/Events|Order ORDER364: Removing cart from session
2018-05-06 19:46:43.3661|INFO|eCom/CartV2/Events|Order ORDER364: Getting completed order from url
2018-05-06 19:46:43.3661|INFO|eCom/CartV2/Events|Order ORDER364: Previous step: 0
2018-05-06 19:46:43.3661|INFO|eCom/CartV2/Events|Order ORDER364: Order is complete, next step is the first step after checkout: 2
2018-05-06 19:46:43.3806|INFO|eCom/CartV2/Events|Order ORDER364: Next step: 2
2018-05-06 19:46:43.4117|INFO|eCom/CartV2/Events|Order ORDER364: Render step: 2
2018-05-06 19:46:43.4117|INFO|eCom/CartV2/Events|Order ORDER364: Rendering step 2
2018-05-06 19:48:29.9645|INFO|eCom/CartV2/Events|Order <No order>: CartV2 frontend visited.
2018-05-06 19:48:29.9645|INFO|eCom/CartV2/Events|Order ORDER364: Removing cart from session
2018-05-06 19:48:29.9811|INFO|eCom/CartV2/Events|Order ORDER364: Getting completed order from url
2018-05-06 19:48:29.9811|INFO|eCom/CartV2/Events|Order ORDER364: Previous step: 0
2018-05-06 19:48:29.9886|INFO|eCom/CartV2/Events|Order ORDER364: Order is complete, next step is the first step after checkout: 2
2018-05-06 19:48:29.9886|INFO|eCom/CartV2/Events|Order ORDER364: Next step: 2
2018-05-06 19:48:30.0735|INFO|eCom/CartV2/Events|Order ORDER364: Render step: 2
2018-05-06 19:48:30.0735|INFO|eCom/CartV2/Events|Order ORDER364: Rendering step 2
2018-05-06 19:51:34.0821|INFO|eCom/CartV2/Events|Order <No order>: CartV2 frontend visited.
2018-05-06 19:51:34.0821|INFO|eCom/CartV2/Events|Order ORDER364: Removing cart from session
2018-05-06 19:51:34.1071|INFO|eCom/CartV2/Events|Order ORDER364: Getting completed order from url
2018-05-06 19:51:34.1141|INFO|eCom/CartV2/Events|Order ORDER364: Previous step: 0
2018-05-06 19:51:34.1141|INFO|eCom/CartV2/Events|Order ORDER364: Order is complete, next step is the first step after checkout: 2
2018-05-06 19:51:34.1341|INFO|eCom/CartV2/Events|Order ORDER364: Next step: 2
2018-05-06 19:51:34.2532|INFO|eCom/CartV2/Events|Order ORDER364: Render step: 2
2018-05-06 19:51:34.2532|INFO|eCom/CartV2/Events|Order ORDER364: Rendering step 2
2018-05-06 19:52:30.4856|INFO|eCom/CartV2/Events|Order <No order>: CartV2 frontend visited.
2018-05-06 19:52:30.4876|INFO|eCom/CartV2/Events|Order ORDER364: Removing cart from session
2018-05-06 19:52:30.5126|INFO|eCom/CartV2/Events|Order ORDER364: Getting completed order from url
2018-05-06 19:52:30.5126|INFO|eCom/CartV2/Events|Order ORDER364: Previous step: 0
2018-05-06 19:52:30.5206|INFO|eCom/CartV2/Events|Order ORDER364: Order is complete, next step is the first step after checkout: 2
2018-05-06 19:52:30.5206|INFO|eCom/CartV2/Events|Order ORDER364: Next step: 2
2018-05-06 19:52:30.6397|INFO|eCom/CartV2/Events|Order ORDER364: Render step: 2
2018-05-06 19:52:30.6397|INFO|eCom/CartV2/Events|Order ORDER364: Rendering step 2
2018-05-06 19:56:29.8569|INFO|eCom/CartV2/Events|Order <No order>: CartV2 frontend visited.
2018-05-06 19:56:29.9060|INFO|eCom/CartV2/Events|Order CART722: Getting order from Context.Cart: CART722
2018-05-06 19:56:29.9140|INFO|eCom/CartV2/Events|Order CART722: Setting user details from the user with id 18 and username 'DemoUser'
2018-05-06 19:56:29.9140|INFO|eCom/CartV2/Events|Order CART722: Impersonation type: tag orders with secondary user
2018-05-06 19:56:29.9909|INFO|eCom/CartV2/Events|Order CART722: Setting currency rate to 750
2018-05-06 19:56:29.9909|INFO|eCom/CartV2/Events|Order CART722: Setting currency name to Euro
2018-05-06 19:56:29.9909|INFO|eCom/CartV2/Events|Order CART722: Setting shop id to SHOP1
2018-05-06 19:56:30.0450|INFO|eCom/CartV2/Events|Order CART722: Previous step: 0
2018-05-06 19:56:30.0500|INFO|eCom/CartV2/Events|Order CART722: Order is not complete, next step is the first step: 0
2018-05-06 19:56:30.0500|INFO|eCom/CartV2/Events|Order CART722: Next step: 0
2018-05-06 19:56:30.0500|INFO|eCom/CartV2/Events|Order CART722: No fields saved to the order
2018-05-06 19:56:30.1542|INFO|eCom/CartV2/Events|Order CART722: Render step: 0
2018-05-06 19:56:30.1542|INFO|eCom/CartV2/Events|Order CART722: Rendering step 0
2018-05-06 19:56:34.1006|INFO|eCom/CartV2/Events|Order <No order>: CartV2 frontend visited.
2018-05-06 19:56:34.1006|INFO|eCom/CartV2/Events|Order CART722: Getting order from Context.Cart: CART722
2018-05-06 19:56:34.1206|INFO|eCom/CartV2/Events|Order CART722: Setting shop id to 
2018-05-06 19:56:34.1947|INFO|eCom/CartV2/Events|Order CART722: Previous step: 0
2018-05-06 19:56:34.1947|INFO|eCom/CartV2/Events|Order CART722: Order is not complete, next step is the first step: 0
2018-05-06 19:56:34.1947|INFO|eCom/CartV2/Events|Order CART722: Next step: 0
2018-05-06 19:56:34.2652|INFO|eCom/CartV2/Events|Order CART722: Render step: 0
2018-05-06 19:56:34.2652|INFO|eCom/CartV2/Events|Order CART722: Rendering step 0
2018-05-06 19:56:34.4320|INFO|eCom/CartV2/Events|Order <No order>: CartV2 frontend visited.
2018-05-06 19:56:34.4320|INFO|eCom/CartV2/Events|Order CART722: Getting order from Context.Cart: CART722
2018-05-06 19:56:34.4491|INFO|eCom/CartV2/Events|Order CART722: Setting shop id to SHOP1
2018-05-06 19:56:34.5571|INFO|eCom/CartV2/Events|Order CART722: Previous step: 0
2018-05-06 19:56:34.5571|INFO|eCom/CartV2/Events|Order CART722: Order is not complete, next step is the first step: 0
2018-05-06 19:56:34.5671|INFO|eCom/CartV2/Events|Order CART722: Next step: 0
2018-05-06 19:56:34.6302|INFO|eCom/CartV2/Events|Order CART722: Render step: 0
2018-05-06 19:56:34.6302|INFO|eCom/CartV2/Events|Order CART722: Rendering step 0
2018-05-06 19:57:00.8401|INFO|eCom/CartV2/Events|Order <No order>: CartV2 frontend visited.
2018-05-06 19:57:00.8401|INFO|eCom/CartV2/Events|Order CART722: Getting order from Context.Cart: CART722
2018-05-06 19:57:00.8675|INFO|eCom/CartV2/Events|Order CART722: Setting shop id to 
2018-05-06 19:57:00.9571|INFO|eCom/CartV2/Events|Order CART722: Previous step: 0
2018-05-06 19:57:00.9571|INFO|eCom/CartV2/Events|Order CART722: Getting next step from submit button: 1
2018-05-06 19:57:00.9571|INFO|eCom/CartV2/Events|Order CART722: Next step: 1
2018-05-06 19:57:00.9571|INFO|eCom/CartV2/Events|Order CART722: Saved 2 fields to the order
2018-05-06 19:57:01.0932|INFO|eCom/CartV2/Events|Order CART722: Validating order price.
2018-05-06 19:57:01.1022|INFO|eCom/CartV2/Events|Order CART722: Going to checkout logic
2018-05-06 19:57:01.1022|INFO|eCom/CartV2/Events|Order CART722: Starting checkout logic
2018-05-06 19:57:01.1022|INFO|eCom/CartV2/Events|Order CART722: Order is kept in context - getting new order id
2018-05-06 19:57:01.1432|INFO|eCom/CartV2/Events|Order ORDER365: Order is kept in context - new order id
2018-05-06 19:57:01.1472|INFO|eCom/CartV2/Events|Order ORDER365: Passing order to checkout handler: Dynamicweb.Ecommerce.Cart.DefaultCheckoutHandler
2018-05-06 19:57:01.3831|INFO|eCom/CartV2/Events|Order ORDER365: Called CheckoutDone (pageID:0)
2018-05-06 19:57:01.3831|INFO|eCom/CartV2/Events|Order ORDER365: Order is complete
2018-05-06 19:57:01.4016|INFO|eCom/CartV2/Events|Order ORDER365: Inside mail loop
2018-05-06 19:57:01.4016|INFO|eCom/CartV2/Events|Order ORDER365: Customer mail
2018-05-06 19:57:01.4647|INFO|eCom/CartV2/Events|Order ORDER365: Redirecting to http://impersonate.dk/Default.aspx?ID=5&CompletedOrderId=ORDER365&CompletedOrderSecret=e0a8160c25714a1a9c949b6364aec9c8
2018-05-06 19:57:01.5027|INFO|eCom/CartV2/Events|Order <No order>: CartV2 frontend visited.
2018-05-06 19:57:01.5107|INFO|eCom/CartV2/Events|Order ORDER365: Removing cart from session
2018-05-06 19:57:01.5107|INFO|eCom/CartV2/Events|Order ORDER365: Getting completed order from url
2018-05-06 19:57:01.5212|INFO|eCom/CartV2/Events|Order ORDER365: Previous step: 0
2018-05-06 19:57:01.5212|INFO|eCom/CartV2/Events|Order ORDER365: Order is complete, next step is the first step after checkout: 2
2018-05-06 19:57:01.5212|INFO|eCom/CartV2/Events|Order ORDER365: Next step: 2
2018-05-06 19:57:01.5992|INFO|eCom/CartV2/Events|Order ORDER365: Render step: 2
2018-05-06 19:57:01.5992|INFO|eCom/CartV2/Events|Order ORDER365: Rendering step 2
2018-05-06 19:58:20.3165|INFO|eCom/CartV2/Events|Order <No order>: CartV2 frontend visited.
2018-05-06 19:58:20.3165|INFO|eCom/CartV2/Events|Order ORDER365: Removing cart from session
2018-05-06 19:58:20.3375|INFO|eCom/CartV2/Events|Order ORDER365: Getting completed order from url
2018-05-06 19:58:20.3375|INFO|eCom/CartV2/Events|Order ORDER365: Previous step: 0
2018-05-06 19:58:20.3375|INFO|eCom/CartV2/Events|Order ORDER365: Order is complete, next step is the first step after checkout: 2
2018-05-06 19:58:20.3495|INFO|eCom/CartV2/Events|Order ORDER365: Next step: 2
2018-05-06 19:58:20.4406|INFO|eCom/CartV2/Events|Order ORDER365: Render step: 2
2018-05-06 19:58:20.4446|INFO|eCom/CartV2/Events|Order ORDER365: Rendering step 2
