2018-05-12 21:10:30.8446|INFO|eCom/CartV2/Events|Order <No order>: CartV2 frontend visited.
2018-05-12 21:10:30.9036|INFO|eCom/CartV2/Events|Order CART732: Getting order from Context.Cart: CART732
2018-05-12 21:10:30.9036|INFO|eCom/CartV2/Events|Order CART732: Setting user details from the user with id 23 and username 'ioana'
2018-05-12 21:10:30.9176|INFO|eCom/CartV2/Events|Order CART732: Impersonation type: replace user
2018-05-12 21:10:31.0057|INFO|eCom/CartV2/Events|Order CART732: Setting shop id to 
2018-05-12 21:10:31.2619|INFO|eCom/CartV2/Events|Order CART732: Previous step: 0
2018-05-12 21:10:31.2619|INFO|eCom/CartV2/Events|Order CART732: Order is not complete, next step is the first step: 0
2018-05-12 21:10:31.2619|INFO|eCom/CartV2/Events|Order CART732: Next step: 0
2018-05-12 21:10:31.3210|INFO|eCom/CartV2/Events|Order CART732: No fields saved to the order
2018-05-12 21:10:31.4630|INFO|eCom/CartV2/Events|Order CART732: Render step: 0
2018-05-12 21:10:31.4680|INFO|eCom/CartV2/Events|Order CART732: Rendering step 0
2018-05-12 21:10:47.2078|INFO|eCom/CartV2/Events|Order <No order>: CartV2 frontend visited.
2018-05-12 21:10:47.2078|INFO|eCom/CartV2/Events|Order CART732: Getting order from Context.Cart: CART732
2018-05-12 21:10:47.2212|INFO|eCom/CartV2/Events|Order CART732: Setting shop id to SHOP1
2018-05-12 21:10:47.2858|INFO|eCom/CartV2/Events|Order CART732: Previous step: 0
2018-05-12 21:10:47.2858|INFO|eCom/CartV2/Events|Order CART732: Order is not complete, next step is the first step: 0
2018-05-12 21:10:47.2858|INFO|eCom/CartV2/Events|Order CART732: Next step: 0
2018-05-12 21:10:47.4122|INFO|eCom/CartV2/Events|Order CART732: Render step: 0
2018-05-12 21:10:47.4122|INFO|eCom/CartV2/Events|Order CART732: Rendering step 0
2018-05-12 21:10:51.6162|INFO|eCom/CartV2/Events|Order <No order>: CartV2 frontend visited.
2018-05-12 21:10:51.6162|INFO|eCom/CartV2/Events|Order CART732: Getting order from Context.Cart: CART732
2018-05-12 21:10:51.6333|INFO|eCom/CartV2/Events|Order CART732: Setting shop id to 
2018-05-12 21:10:51.7199|INFO|eCom/CartV2/Events|Order CART732: Previous step: 0
2018-05-12 21:10:51.7199|INFO|eCom/CartV2/Events|Order CART732: Order is not complete, next step is the first step: 0
2018-05-12 21:10:51.7199|INFO|eCom/CartV2/Events|Order CART732: Next step: 0
2018-05-12 21:10:51.8286|INFO|eCom/CartV2/Events|Order CART732: Render step: 0
2018-05-12 21:10:51.8286|INFO|eCom/CartV2/Events|Order CART732: Rendering step 0
2018-05-12 21:11:25.2142|INFO|eCom/CartV2/Events|Order <No order>: CartV2 frontend visited.
2018-05-12 21:11:25.2142|INFO|eCom/CartV2/Events|Order <No order>: No order found
2018-05-12 21:11:25.2142|INFO|eCom/CartV2/Events|Order <No order>: Rendering empty cart
2018-05-12 21:11:25.2142|INFO|eCom/CartV2/Events|Order <No order>: Redirecting to empty cart redirection page
2018-05-12 21:11:25.4354|INFO|eCom/CartV2/Events|Order <No order>: CartV2 frontend visited.
2018-05-12 21:11:25.4354|INFO|eCom/CartV2/Events|Order <No order>: No order found
2018-05-12 21:11:25.4354|INFO|eCom/CartV2/Events|Order <No order>: Rendering empty cart
2018-05-12 21:11:25.4354|INFO|eCom/CartV2/Events|Order <No order>: Redirecting to empty cart redirection page
2018-05-12 21:11:27.9385|INFO|eCom/CartV2/Events|Order <No order>: CartV2 frontend visited.
2018-05-12 21:11:27.9385|INFO|eCom/CartV2/Events|Order <No order>: No order found
2018-05-12 21:11:27.9385|INFO|eCom/CartV2/Events|Order <No order>: Rendering empty cart
2018-05-12 21:11:27.9385|INFO|eCom/CartV2/Events|Order <No order>: Redirecting to empty cart redirection page
2018-05-12 21:11:38.0649|INFO|eCom/CartV2/Events|Order <No order>: CartV2 frontend visited.
2018-05-12 21:11:38.2180|INFO|eCom/CartV2/Events|Order CART733: Getting order from Context.Cart: CART733
2018-05-12 21:11:38.2180|INFO|eCom/CartV2/Events|Order CART733: Setting user details from the user with id 23 and username 'ioana'
2018-05-12 21:11:38.2180|INFO|eCom/CartV2/Events|Order CART733: Impersonation type: replace user
2018-05-12 21:11:38.2769|INFO|eCom/CartV2/Events|Order CART733: Setting currency rate to 750
2018-05-12 21:11:38.2769|INFO|eCom/CartV2/Events|Order CART733: Setting currency name to Euro
2018-05-12 21:11:38.2769|INFO|eCom/CartV2/Events|Order CART733: Setting shop id to SHOP1
2018-05-12 21:11:38.3240|INFO|eCom/CartV2/Events|Order CART733: Previous step: 0
2018-05-12 21:11:38.3240|INFO|eCom/CartV2/Events|Order CART733: Order is not complete, next step is the first step: 0
2018-05-12 21:11:38.3240|INFO|eCom/CartV2/Events|Order CART733: Next step: 0
2018-05-12 21:11:38.3240|INFO|eCom/CartV2/Events|Order CART733: No fields saved to the order
2018-05-12 21:11:38.4709|INFO|eCom/CartV2/Events|Order CART733: Render step: 0
2018-05-12 21:11:38.4709|INFO|eCom/CartV2/Events|Order CART733: Rendering step 0
2018-05-12 21:11:42.1766|INFO|eCom/CartV2/Events|Order <No order>: CartV2 frontend visited.
2018-05-12 21:11:42.1766|INFO|eCom/CartV2/Events|Order CART733: Getting order from Context.Cart: CART733
2018-05-12 21:11:42.1846|INFO|eCom/CartV2/Events|Order CART733: Setting shop id to 
2018-05-12 21:11:42.2367|INFO|eCom/CartV2/Events|Order CART733: Previous step: 0
2018-05-12 21:11:42.2367|INFO|eCom/CartV2/Events|Order CART733: Order is not complete, next step is the first step: 0
2018-05-12 21:11:42.2367|INFO|eCom/CartV2/Events|Order CART733: Next step: 0
2018-05-12 21:11:42.3495|INFO|eCom/CartV2/Events|Order CART733: Render step: 0
2018-05-12 21:11:42.3495|INFO|eCom/CartV2/Events|Order CART733: Rendering step 0
2018-05-12 21:11:42.4998|INFO|eCom/CartV2/Events|Order <No order>: CartV2 frontend visited.
2018-05-12 21:11:42.4998|INFO|eCom/CartV2/Events|Order CART733: Getting order from Context.Cart: CART733
2018-05-12 21:11:42.4998|INFO|eCom/CartV2/Events|Order CART733: Setting shop id to SHOP1
2018-05-12 21:11:42.5831|INFO|eCom/CartV2/Events|Order CART733: Previous step: 0
2018-05-12 21:11:42.5831|INFO|eCom/CartV2/Events|Order CART733: Order is not complete, next step is the first step: 0
2018-05-12 21:11:42.5831|INFO|eCom/CartV2/Events|Order CART733: Next step: 0
2018-05-12 21:11:42.6413|INFO|eCom/CartV2/Events|Order CART733: Render step: 0
2018-05-12 21:11:42.6413|INFO|eCom/CartV2/Events|Order CART733: Rendering step 0
2018-05-12 21:13:08.4396|INFO|eCom/CartV2/Events|Order <No order>: CartV2 frontend visited.
2018-05-12 21:13:08.4396|INFO|eCom/CartV2/Events|Order CART733: Getting order from Context.Cart: CART733
2018-05-12 21:13:08.4396|INFO|eCom/CartV2/Events|Order CART733: Setting shop id to 
2018-05-12 21:13:08.4603|INFO|eCom/CartV2/Events|Order CART733: Previous step: 0
2018-05-12 21:13:08.4603|INFO|eCom/CartV2/Events|Order CART733: Order is not complete, next step is the first step: 0
2018-05-12 21:13:08.4643|INFO|eCom/CartV2/Events|Order CART733: Next step: 0
2018-05-12 21:13:08.5048|INFO|eCom/CartV2/Events|Order CART733: Render step: 0
2018-05-12 21:13:08.5048|INFO|eCom/CartV2/Events|Order CART733: Rendering step 0
2018-05-12 21:13:08.6710|INFO|eCom/CartV2/Events|Order <No order>: CartV2 frontend visited.
2018-05-12 21:13:08.6710|INFO|eCom/CartV2/Events|Order CART733: Getting order from Context.Cart: CART733
2018-05-12 21:13:08.6710|INFO|eCom/CartV2/Events|Order CART733: Setting shop id to SHOP1
2018-05-12 21:13:08.7100|INFO|eCom/CartV2/Events|Order CART733: Previous step: 0
2018-05-12 21:13:08.7150|INFO|eCom/CartV2/Events|Order CART733: Order is not complete, next step is the first step: 0
2018-05-12 21:13:08.7150|INFO|eCom/CartV2/Events|Order CART733: Next step: 0
2018-05-12 21:13:08.7860|INFO|eCom/CartV2/Events|Order CART733: Render step: 0
2018-05-12 21:13:08.7860|INFO|eCom/CartV2/Events|Order CART733: Rendering step 0
2018-05-12 21:13:18.4151|INFO|eCom/CartV2/Events|Order <No order>: CartV2 frontend visited.
2018-05-12 21:13:18.4151|INFO|eCom/CartV2/Events|Order <No order>: No order found
2018-05-12 21:13:18.4151|INFO|eCom/CartV2/Events|Order <No order>: Rendering empty cart
2018-05-12 21:13:18.4171|INFO|eCom/CartV2/Events|Order <No order>: Redirecting to empty cart redirection page
2018-05-12 21:13:18.4901|INFO|eCom/CartV2/Events|Order <No order>: CartV2 frontend visited.
2018-05-12 21:13:18.4901|INFO|eCom/CartV2/Events|Order <No order>: No order found
2018-05-12 21:13:18.4901|INFO|eCom/CartV2/Events|Order <No order>: Rendering empty cart
2018-05-12 21:13:18.4901|INFO|eCom/CartV2/Events|Order <No order>: Redirecting to empty cart redirection page
2018-05-12 21:17:50.1482|INFO|eCom/CartV2/Events|Order <No order>: CartV2 frontend visited.
2018-05-12 21:17:50.1622|INFO|eCom/CartV2/Events|Order CART734: Getting order from Context.Cart: CART734
2018-05-12 21:17:50.1682|INFO|eCom/CartV2/Events|Order CART734: Setting user details from the user with id 23 and username 'ioana'
2018-05-12 21:17:50.1682|INFO|eCom/CartV2/Events|Order CART734: Impersonation type: replace user
2018-05-12 21:17:50.1992|INFO|eCom/CartV2/Events|Order CART734: Setting currency rate to 750
2018-05-12 21:17:50.1992|INFO|eCom/CartV2/Events|Order CART734: Setting currency name to Euro
2018-05-12 21:17:50.1992|INFO|eCom/CartV2/Events|Order CART734: Setting shop id to SHOP1
2018-05-12 21:17:50.2192|INFO|eCom/CartV2/Events|Order CART734: Previous step: 0
2018-05-12 21:17:50.2192|INFO|eCom/CartV2/Events|Order CART734: Order is not complete, next step is the first step: 0
2018-05-12 21:17:50.2192|INFO|eCom/CartV2/Events|Order CART734: Next step: 0
2018-05-12 21:17:50.2192|INFO|eCom/CartV2/Events|Order CART734: No fields saved to the order
2018-05-12 21:17:50.2914|INFO|eCom/CartV2/Events|Order CART734: Render step: 0
2018-05-12 21:17:50.2914|INFO|eCom/CartV2/Events|Order CART734: Rendering step 0
2018-05-12 21:17:54.0123|INFO|eCom/CartV2/Events|Order <No order>: CartV2 frontend visited.
2018-05-12 21:17:54.0123|INFO|eCom/CartV2/Events|Order CART734: Getting order from Context.Cart: CART734
2018-05-12 21:17:54.0263|INFO|eCom/CartV2/Events|Order CART734: Setting shop id to 
2018-05-12 21:17:54.0845|INFO|eCom/CartV2/Events|Order CART734: Previous step: 0
2018-05-12 21:17:54.0845|INFO|eCom/CartV2/Events|Order CART734: Order is not complete, next step is the first step: 0
2018-05-12 21:17:54.0895|INFO|eCom/CartV2/Events|Order CART734: Next step: 0
2018-05-12 21:17:54.1453|INFO|eCom/CartV2/Events|Order CART734: Render step: 0
2018-05-12 21:17:54.1508|INFO|eCom/CartV2/Events|Order CART734: Rendering step 0
2018-05-12 21:17:54.3295|INFO|eCom/CartV2/Events|Order <No order>: CartV2 frontend visited.
2018-05-12 21:17:54.3295|INFO|eCom/CartV2/Events|Order CART734: Getting order from Context.Cart: CART734
2018-05-12 21:17:54.3468|INFO|eCom/CartV2/Events|Order CART734: Setting shop id to SHOP1
2018-05-12 21:17:54.3732|INFO|eCom/CartV2/Events|Order CART734: Previous step: 0
2018-05-12 21:17:54.3732|INFO|eCom/CartV2/Events|Order CART734: Order is not complete, next step is the first step: 0
2018-05-12 21:17:54.3732|INFO|eCom/CartV2/Events|Order CART734: Next step: 0
2018-05-12 21:17:54.4068|INFO|eCom/CartV2/Events|Order CART734: Render step: 0
2018-05-12 21:17:54.4068|INFO|eCom/CartV2/Events|Order CART734: Rendering step 0
2018-05-12 21:20:32.1625|INFO|eCom/CartV2/Events|Order <No order>: CartV2 frontend visited.
2018-05-12 21:20:32.1625|INFO|eCom/CartV2/Events|Order CART734: Getting order from Context.Cart: CART734
2018-05-12 21:20:32.1755|INFO|eCom/CartV2/Events|Order CART734: Setting shop id to 
2018-05-12 21:20:32.1934|INFO|eCom/CartV2/Events|Order CART734: Previous step: 0
2018-05-12 21:20:32.1934|INFO|eCom/CartV2/Events|Order CART734: Order is not complete, next step is the first step: 0
2018-05-12 21:20:32.1998|INFO|eCom/CartV2/Events|Order CART734: Next step: 0
2018-05-12 21:20:32.3344|INFO|eCom/CartV2/Events|Order CART734: Render step: 0
2018-05-12 21:20:32.3389|INFO|eCom/CartV2/Events|Order CART734: Rendering step 0
2018-05-12 21:20:32.5219|INFO|eCom/CartV2/Events|Order <No order>: CartV2 frontend visited.
2018-05-12 21:20:32.5219|INFO|eCom/CartV2/Events|Order CART734: Getting order from Context.Cart: CART734
2018-05-12 21:20:32.5451|INFO|eCom/CartV2/Events|Order CART734: Setting shop id to SHOP1
2018-05-12 21:20:32.6127|INFO|eCom/CartV2/Events|Order CART734: Previous step: 0
2018-05-12 21:20:32.6200|INFO|eCom/CartV2/Events|Order CART734: Order is not complete, next step is the first step: 0
2018-05-12 21:20:32.6200|INFO|eCom/CartV2/Events|Order CART734: Next step: 0
2018-05-12 21:20:32.6866|INFO|eCom/CartV2/Events|Order CART734: Render step: 0
2018-05-12 21:20:32.6866|INFO|eCom/CartV2/Events|Order CART734: Rendering step 0
2018-05-12 21:25:55.4911|INFO|eCom/CartV2/Events|Order <No order>: CartV2 frontend visited.
2018-05-12 21:25:55.4911|INFO|eCom/CartV2/Events|Order CART734: Getting order from Context.Cart: CART734
2018-05-12 21:25:55.5051|INFO|eCom/CartV2/Events|Order CART734: Setting shop id to 
2018-05-12 21:25:55.5241|INFO|eCom/CartV2/Events|Order CART734: Previous step: 0
2018-05-12 21:25:55.5262|INFO|eCom/CartV2/Events|Order CART734: Order is not complete, next step is the first step: 0
2018-05-12 21:25:55.5262|INFO|eCom/CartV2/Events|Order CART734: Next step: 0
2018-05-12 21:25:55.5542|INFO|eCom/CartV2/Events|Order CART734: Render step: 0
2018-05-12 21:25:55.5542|INFO|eCom/CartV2/Events|Order CART734: Rendering step 0
2018-05-12 21:25:55.7054|INFO|eCom/CartV2/Events|Order <No order>: CartV2 frontend visited.
2018-05-12 21:25:55.7054|INFO|eCom/CartV2/Events|Order CART734: Getting order from Context.Cart: CART734
2018-05-12 21:25:55.7264|INFO|eCom/CartV2/Events|Order CART734: Setting shop id to SHOP1
2018-05-12 21:25:55.7594|INFO|eCom/CartV2/Events|Order CART734: Previous step: 0
2018-05-12 21:25:55.7614|INFO|eCom/CartV2/Events|Order CART734: Order is not complete, next step is the first step: 0
2018-05-12 21:25:55.7614|INFO|eCom/CartV2/Events|Order CART734: Next step: 0
2018-05-12 21:25:55.7984|INFO|eCom/CartV2/Events|Order CART734: Render step: 0
2018-05-12 21:25:55.8095|INFO|eCom/CartV2/Events|Order CART734: Rendering step 0
2018-05-12 21:29:07.7251|INFO|eCom/CartV2/Events|Order <No order>: CartV2 frontend visited.
2018-05-12 21:29:07.7251|INFO|eCom/CartV2/Events|Order CART734: Getting order from Context.Cart: CART734
2018-05-12 21:29:07.7400|INFO|eCom/CartV2/Events|Order CART734: Setting shop id to 
2018-05-12 21:29:07.7594|INFO|eCom/CartV2/Events|Order CART734: Previous step: 0
2018-05-12 21:29:07.7619|INFO|eCom/CartV2/Events|Order CART734: Order is not complete, next step is the first step: 0
2018-05-12 21:29:07.7619|INFO|eCom/CartV2/Events|Order CART734: Next step: 0
2018-05-12 21:29:07.7917|INFO|eCom/CartV2/Events|Order CART734: Render step: 0
2018-05-12 21:29:07.7917|INFO|eCom/CartV2/Events|Order CART734: Rendering step 0
2018-05-12 21:29:07.9517|INFO|eCom/CartV2/Events|Order <No order>: CartV2 frontend visited.
2018-05-12 21:29:07.9517|INFO|eCom/CartV2/Events|Order CART734: Getting order from Context.Cart: CART734
2018-05-12 21:29:07.9749|INFO|eCom/CartV2/Events|Order CART734: Setting shop id to SHOP1
2018-05-12 21:29:08.0105|INFO|eCom/CartV2/Events|Order CART734: Previous step: 0
2018-05-12 21:29:08.0105|INFO|eCom/CartV2/Events|Order CART734: Order is not complete, next step is the first step: 0
2018-05-12 21:29:08.0105|INFO|eCom/CartV2/Events|Order CART734: Next step: 0
2018-05-12 21:29:08.0612|INFO|eCom/CartV2/Events|Order CART734: Render step: 0
2018-05-12 21:29:08.0612|INFO|eCom/CartV2/Events|Order CART734: Rendering step 0
2018-05-12 21:29:56.9838|INFO|eCom/CartV2/Events|Order <No order>: CartV2 frontend visited.
2018-05-12 21:29:56.9838|INFO|eCom/CartV2/Events|Order CART734: Getting order from Context.Cart: CART734
2018-05-12 21:29:56.9988|INFO|eCom/CartV2/Events|Order CART734: Setting shop id to 
2018-05-12 21:29:57.0258|INFO|eCom/CartV2/Events|Order CART734: Previous step: 0
2018-05-12 21:29:57.0258|INFO|eCom/CartV2/Events|Order CART734: Order is not complete, next step is the first step: 0
2018-05-12 21:29:57.0258|INFO|eCom/CartV2/Events|Order CART734: Next step: 0
2018-05-12 21:29:57.0498|INFO|eCom/CartV2/Events|Order CART734: Render step: 0
2018-05-12 21:29:57.0498|INFO|eCom/CartV2/Events|Order CART734: Rendering step 0
2018-05-12 21:29:57.2423|INFO|eCom/CartV2/Events|Order <No order>: CartV2 frontend visited.
2018-05-12 21:29:57.2423|INFO|eCom/CartV2/Events|Order CART734: Getting order from Context.Cart: CART734
2018-05-12 21:29:57.2596|INFO|eCom/CartV2/Events|Order CART734: Setting shop id to SHOP1
2018-05-12 21:29:57.2949|INFO|eCom/CartV2/Events|Order CART734: Previous step: 0
2018-05-12 21:29:57.2949|INFO|eCom/CartV2/Events|Order CART734: Order is not complete, next step is the first step: 0
2018-05-12 21:29:57.3080|INFO|eCom/CartV2/Events|Order CART734: Next step: 0
2018-05-12 21:29:57.3444|INFO|eCom/CartV2/Events|Order CART734: Render step: 0
2018-05-12 21:29:57.3444|INFO|eCom/CartV2/Events|Order CART734: Rendering step 0
2018-05-12 21:30:06.4848|INFO|eCom/CartV2/Events|Order <No order>: CartV2 frontend visited.
2018-05-12 21:30:06.4848|INFO|eCom/CartV2/Events|Order CART734: Getting order from Context.Cart: CART734
2018-05-12 21:30:06.4978|INFO|eCom/CartV2/Events|Order CART734: Setting shop id to 
2018-05-12 21:30:06.5148|INFO|eCom/CartV2/Events|Order CART734: Previous step: 0
2018-05-12 21:30:06.5148|INFO|eCom/CartV2/Events|Order CART734: Order is not complete, next step is the first step: 0
2018-05-12 21:30:06.5148|INFO|eCom/CartV2/Events|Order CART734: Next step: 0
2018-05-12 21:30:06.5419|INFO|eCom/CartV2/Events|Order CART734: Render step: 0
2018-05-12 21:30:06.5419|INFO|eCom/CartV2/Events|Order CART734: Rendering step 0
2018-05-12 21:30:07.0063|INFO|eCom/CartV2/Events|Order <No order>: CartV2 frontend visited.
2018-05-12 21:30:07.0063|INFO|eCom/CartV2/Events|Order CART734: Getting order from Context.Cart: CART734
2018-05-12 21:30:07.0243|INFO|eCom/CartV2/Events|Order CART734: Setting shop id to SHOP1
2018-05-12 21:30:07.0602|INFO|eCom/CartV2/Events|Order CART734: Previous step: 0
2018-05-12 21:30:07.0602|INFO|eCom/CartV2/Events|Order CART734: Order is not complete, next step is the first step: 0
2018-05-12 21:30:07.0602|INFO|eCom/CartV2/Events|Order CART734: Next step: 0
2018-05-12 21:30:07.1302|INFO|eCom/CartV2/Events|Order CART734: Render step: 0
2018-05-12 21:30:07.1422|INFO|eCom/CartV2/Events|Order CART734: Rendering step 0
2018-05-12 21:33:52.3374|INFO|eCom/CartV2/Events|Order <No order>: CartV2 frontend visited.
2018-05-12 21:33:52.3384|INFO|eCom/CartV2/Events|Order CART734: Getting order from Context.Cart: CART734
2018-05-12 21:33:52.3384|INFO|eCom/CartV2/Events|Order CART734: Setting shop id to 
2018-05-12 21:33:52.3664|INFO|eCom/CartV2/Events|Order CART734: Previous step: 0
2018-05-12 21:33:52.3704|INFO|eCom/CartV2/Events|Order CART734: Order is not complete, next step is the first step: 0
2018-05-12 21:33:52.3704|INFO|eCom/CartV2/Events|Order CART734: Next step: 0
2018-05-12 21:33:52.3927|INFO|eCom/CartV2/Events|Order CART734: Render step: 0
2018-05-12 21:33:52.3927|INFO|eCom/CartV2/Events|Order CART734: Rendering step 0
2018-05-12 21:33:52.6766|INFO|eCom/CartV2/Events|Order <No order>: CartV2 frontend visited.
2018-05-12 21:33:52.6766|INFO|eCom/CartV2/Events|Order CART734: Getting order from Context.Cart: CART734
2018-05-12 21:33:52.6911|INFO|eCom/CartV2/Events|Order CART734: Setting shop id to SHOP1
2018-05-12 21:33:52.7438|INFO|eCom/CartV2/Events|Order CART734: Previous step: 0
2018-05-12 21:33:52.7478|INFO|eCom/CartV2/Events|Order CART734: Order is not complete, next step is the first step: 0
2018-05-12 21:33:52.7478|INFO|eCom/CartV2/Events|Order CART734: Next step: 0
2018-05-12 21:33:52.7893|INFO|eCom/CartV2/Events|Order CART734: Render step: 0
2018-05-12 21:33:52.7936|INFO|eCom/CartV2/Events|Order CART734: Rendering step 0
2018-05-12 21:33:56.8117|INFO|eCom/CartV2/Events|Order <No order>: CartV2 frontend visited.
2018-05-12 21:33:56.8117|INFO|eCom/CartV2/Events|Order CART734: Getting order from Context.Cart: CART734
2018-05-12 21:33:56.8246|INFO|eCom/CartV2/Events|Order CART734: Setting shop id to 
2018-05-12 21:33:56.8386|INFO|eCom/CartV2/Events|Order CART734: Previous step: 0
2018-05-12 21:33:56.8386|INFO|eCom/CartV2/Events|Order CART734: Order is not complete, next step is the first step: 0
2018-05-12 21:33:56.8386|INFO|eCom/CartV2/Events|Order CART734: Next step: 0
2018-05-12 21:33:56.8607|INFO|eCom/CartV2/Events|Order CART734: Render step: 0
2018-05-12 21:33:56.8607|INFO|eCom/CartV2/Events|Order CART734: Rendering step 0
2018-05-12 21:33:57.1249|INFO|eCom/CartV2/Events|Order <No order>: CartV2 frontend visited.
2018-05-12 21:33:57.1249|INFO|eCom/CartV2/Events|Order CART734: Getting order from Context.Cart: CART734
2018-05-12 21:33:57.1409|INFO|eCom/CartV2/Events|Order CART734: Setting shop id to SHOP1
2018-05-12 21:33:57.1689|INFO|eCom/CartV2/Events|Order CART734: Previous step: 0
2018-05-12 21:33:57.1689|INFO|eCom/CartV2/Events|Order CART734: Order is not complete, next step is the first step: 0
2018-05-12 21:33:57.1689|INFO|eCom/CartV2/Events|Order CART734: Next step: 0
2018-05-12 21:33:57.1998|INFO|eCom/CartV2/Events|Order CART734: Render step: 0
2018-05-12 21:33:57.1998|INFO|eCom/CartV2/Events|Order CART734: Rendering step 0
2018-05-12 21:34:05.9638|INFO|eCom/CartV2/Events|Order <No order>: CartV2 frontend visited.
2018-05-12 21:34:05.9638|INFO|eCom/CartV2/Events|Order CART734: Getting order from Context.Cart: CART734
2018-05-12 21:34:05.9798|INFO|eCom/CartV2/Events|Order CART734: Setting shop id to 
2018-05-12 21:34:05.9971|INFO|eCom/CartV2/Events|Order CART734: Previous step: 0
2018-05-12 21:34:05.9971|INFO|eCom/CartV2/Events|Order CART734: Order is not complete, next step is the first step: 0
2018-05-12 21:34:05.9971|INFO|eCom/CartV2/Events|Order CART734: Next step: 0
2018-05-12 21:34:06.0235|INFO|eCom/CartV2/Events|Order CART734: Render step: 0
2018-05-12 21:34:06.0266|INFO|eCom/CartV2/Events|Order CART734: Rendering step 0
2018-05-12 21:34:06.2077|INFO|eCom/CartV2/Events|Order <No order>: CartV2 frontend visited.
2018-05-12 21:34:06.2077|INFO|eCom/CartV2/Events|Order CART734: Getting order from Context.Cart: CART734
2018-05-12 21:34:06.2280|INFO|eCom/CartV2/Events|Order CART734: Setting shop id to SHOP1
2018-05-12 21:34:06.2828|INFO|eCom/CartV2/Events|Order CART734: Previous step: 0
2018-05-12 21:34:06.2948|INFO|eCom/CartV2/Events|Order CART734: Order is not complete, next step is the first step: 0
2018-05-12 21:34:06.3078|INFO|eCom/CartV2/Events|Order CART734: Next step: 0
2018-05-12 21:34:06.3457|INFO|eCom/CartV2/Events|Order CART734: Render step: 0
2018-05-12 21:34:06.3457|INFO|eCom/CartV2/Events|Order CART734: Rendering step 0
2018-05-12 21:43:06.1846|INFO|eCom/CartV2/Events|Order <No order>: CartV2 frontend visited.
2018-05-12 21:43:06.1846|INFO|eCom/CartV2/Events|Order CART734: Getting order from Context.Cart: CART734
2018-05-12 21:43:06.2116|INFO|eCom/CartV2/Events|Order CART734: Setting shop id to 
2018-05-12 21:43:06.3067|INFO|eCom/CartV2/Events|Order CART734: Previous step: 0
2018-05-12 21:43:06.3107|INFO|eCom/CartV2/Events|Order CART734: Order is not complete, next step is the first step: 0
2018-05-12 21:43:06.3107|INFO|eCom/CartV2/Events|Order CART734: Next step: 0
2018-05-12 21:43:06.3938|INFO|eCom/CartV2/Events|Order CART734: Render step: 0
2018-05-12 21:43:06.3938|INFO|eCom/CartV2/Events|Order CART734: Rendering step 0
2018-05-12 21:43:06.5766|INFO|eCom/CartV2/Events|Order <No order>: CartV2 frontend visited.
2018-05-12 21:43:06.5766|INFO|eCom/CartV2/Events|Order CART734: Getting order from Context.Cart: CART734
2018-05-12 21:43:06.6087|INFO|eCom/CartV2/Events|Order CART734: Setting shop id to SHOP1
2018-05-12 21:43:06.7428|INFO|eCom/CartV2/Events|Order CART734: Previous step: 0
2018-05-12 21:43:06.7468|INFO|eCom/CartV2/Events|Order CART734: Order is not complete, next step is the first step: 0
2018-05-12 21:43:06.7468|INFO|eCom/CartV2/Events|Order CART734: Next step: 0
2018-05-12 21:43:06.8669|INFO|eCom/CartV2/Events|Order CART734: Render step: 0
2018-05-12 21:43:06.8669|INFO|eCom/CartV2/Events|Order CART734: Rendering step 0
2018-05-12 21:44:50.2536|INFO|eCom/CartV2/Events|Order <No order>: CartV2 frontend visited.
2018-05-12 21:44:50.2536|INFO|eCom/CartV2/Events|Order CART734: Getting order from Context.Cart: CART734
2018-05-12 21:44:50.2662|INFO|eCom/CartV2/Events|Order CART734: Setting shop id to 
2018-05-12 21:44:50.3189|INFO|eCom/CartV2/Events|Order CART734: Previous step: 0
2018-05-12 21:44:50.3189|INFO|eCom/CartV2/Events|Order CART734: Order is not complete, next step is the first step: 0
2018-05-12 21:44:50.3259|INFO|eCom/CartV2/Events|Order CART734: Next step: 0
2018-05-12 21:44:50.3439|INFO|eCom/CartV2/Events|Order CART734: Render step: 0
2018-05-12 21:44:50.3439|INFO|eCom/CartV2/Events|Order CART734: Rendering step 0
2018-05-12 21:44:50.5937|INFO|eCom/CartV2/Events|Order <No order>: CartV2 frontend visited.
2018-05-12 21:44:50.5937|INFO|eCom/CartV2/Events|Order CART734: Getting order from Context.Cart: CART734
2018-05-12 21:44:50.6369|INFO|eCom/CartV2/Events|Order CART734: Setting shop id to SHOP1
2018-05-12 21:44:50.6952|INFO|eCom/CartV2/Events|Order CART734: Previous step: 0
2018-05-12 21:44:50.6982|INFO|eCom/CartV2/Events|Order CART734: Order is not complete, next step is the first step: 0
2018-05-12 21:44:50.6982|INFO|eCom/CartV2/Events|Order CART734: Next step: 0
2018-05-12 21:44:50.7319|INFO|eCom/CartV2/Events|Order CART734: Render step: 0
2018-05-12 21:44:50.7319|INFO|eCom/CartV2/Events|Order CART734: Rendering step 0
2018-05-12 21:45:09.6344|INFO|eCom/CartV2/Events|Order <No order>: CartV2 frontend visited.
2018-05-12 21:45:09.6354|INFO|eCom/CartV2/Events|Order CART734: Getting order from Context.Cart: CART734
2018-05-12 21:45:09.6354|INFO|eCom/CartV2/Events|Order CART734: Setting shop id to 
2018-05-12 21:45:09.6667|INFO|eCom/CartV2/Events|Order CART734: Previous step: 0
2018-05-12 21:45:09.6667|INFO|eCom/CartV2/Events|Order CART734: Order is not complete, next step is the first step: 0
2018-05-12 21:45:09.6667|INFO|eCom/CartV2/Events|Order CART734: Next step: 0
2018-05-12 21:45:09.6946|INFO|eCom/CartV2/Events|Order CART734: Render step: 0
2018-05-12 21:45:09.6976|INFO|eCom/CartV2/Events|Order CART734: Rendering step 0
2018-05-12 21:45:09.8822|INFO|eCom/CartV2/Events|Order <No order>: CartV2 frontend visited.
2018-05-12 21:45:09.8822|INFO|eCom/CartV2/Events|Order CART734: Getting order from Context.Cart: CART734
2018-05-12 21:45:09.9280|INFO|eCom/CartV2/Events|Order CART734: Setting shop id to SHOP1
2018-05-12 21:45:09.9671|INFO|eCom/CartV2/Events|Order CART734: Previous step: 0
2018-05-12 21:45:09.9671|INFO|eCom/CartV2/Events|Order CART734: Order is not complete, next step is the first step: 0
2018-05-12 21:45:09.9789|INFO|eCom/CartV2/Events|Order CART734: Next step: 0
2018-05-12 21:45:10.0188|INFO|eCom/CartV2/Events|Order CART734: Render step: 0
2018-05-12 21:45:10.0258|INFO|eCom/CartV2/Events|Order CART734: Rendering step 0
