2018-05-05 18:00:26.8693|INFO|eCom/CartV2/Events|Order <No order>: CartV2 frontend visited.
2018-05-05 18:00:26.9064|INFO|eCom/CartV2/Events|Order CART720: Getting order from Context.Cart: CART720
2018-05-05 18:00:26.9064|INFO|eCom/CartV2/Events|Order CART720: Setting user details from the user with id 18 and username 'DemoUser'
2018-05-05 18:00:26.9064|INFO|eCom/CartV2/Events|Order CART720: Impersonation type: tag orders with secondary user
2018-05-05 18:00:26.9756|INFO|eCom/CartV2/Events|Order CART720: Setting currency rate to 100
2018-05-05 18:00:26.9756|INFO|eCom/CartV2/Events|Order CART720: Setting currency name to Kroner
2018-05-05 18:00:26.9756|INFO|eCom/CartV2/Events|Order CART720: Setting shop id to SHOP1
2018-05-05 18:00:27.0218|INFO|eCom/CartV2/Events|Order CART720: Previous step: 0
2018-05-05 18:00:27.0218|INFO|eCom/CartV2/Events|Order CART720: Order is not complete, next step is the first step: 0
2018-05-05 18:00:27.0218|INFO|eCom/CartV2/Events|Order CART720: Next step: 0
2018-05-05 18:00:27.0337|INFO|eCom/CartV2/Events|Order CART720: No fields saved to the order
2018-05-05 18:00:27.1098|INFO|eCom/CartV2/Events|Order CART720: Render step: 0
2018-05-05 18:00:27.1098|INFO|eCom/CartV2/Events|Order CART720: Rendering step 0
2018-05-05 18:00:32.1264|INFO|eCom/CartV2/Events|Order <No order>: CartV2 frontend visited.
2018-05-05 18:00:32.1264|INFO|eCom/CartV2/Events|Order CART720: Getting order from Context.Cart: CART720
2018-05-05 18:00:32.1614|INFO|eCom/CartV2/Events|Order CART720: Setting shop id to 
2018-05-05 18:00:32.2574|INFO|eCom/CartV2/Events|Order CART720: Previous step: 0
2018-05-05 18:00:32.3860|INFO|eCom/CartV2/Events|Order CART720: Order is not complete, next step is the first step: 0
2018-05-05 18:00:32.3921|INFO|eCom/CartV2/Events|Order CART720: Next step: 0
2018-05-05 18:00:32.4425|INFO|eCom/CartV2/Events|Order CART720: Render step: 0
2018-05-05 18:00:32.4425|INFO|eCom/CartV2/Events|Order CART720: Rendering step 0
2018-05-05 18:00:32.6039|INFO|eCom/CartV2/Events|Order <No order>: CartV2 frontend visited.
2018-05-05 18:00:32.6039|INFO|eCom/CartV2/Events|Order CART720: Getting order from Context.Cart: CART720
2018-05-05 18:00:32.6239|INFO|eCom/CartV2/Events|Order CART720: Setting shop id to SHOP1
2018-05-05 18:00:32.7150|INFO|eCom/CartV2/Events|Order CART720: Previous step: 0
2018-05-05 18:00:32.7175|INFO|eCom/CartV2/Events|Order CART720: Order is not complete, next step is the first step: 0
2018-05-05 18:00:32.7175|INFO|eCom/CartV2/Events|Order CART720: Next step: 0
2018-05-05 18:00:32.7840|INFO|eCom/CartV2/Events|Order CART720: Render step: 0
2018-05-05 18:00:32.7840|INFO|eCom/CartV2/Events|Order CART720: Rendering step 0
2018-05-05 18:00:42.6219|INFO|eCom/CartV2/Events|Order <No order>: CartV2 frontend visited.
2018-05-05 18:00:42.6219|INFO|eCom/CartV2/Events|Order CART720: Getting order from Context.Cart: CART720
2018-05-05 18:00:42.6354|INFO|eCom/CartV2/Events|Order CART720: Setting shop id to 
2018-05-05 18:00:42.6793|INFO|eCom/CartV2/Events|Order CART720: Previous step: 0
2018-05-05 18:00:42.6793|INFO|eCom/CartV2/Events|Order CART720: Order is not complete, next step is the first step: 0
2018-05-05 18:00:42.6793|INFO|eCom/CartV2/Events|Order CART720: Next step: 0
2018-05-05 18:00:42.6870|INFO|eCom/CartV2/Events|Order CART720: No fields saved to the order
2018-05-05 18:00:42.8248|INFO|eCom/CartV2/Events|Order CART720: Render step: 0
2018-05-05 18:00:42.8273|INFO|eCom/CartV2/Events|Order CART720: Rendering step 0
2018-05-05 18:00:47.4536|INFO|eCom/CartV2/Events|Order <No order>: CartV2 frontend visited.
2018-05-05 18:00:47.4536|INFO|eCom/CartV2/Events|Order CART720: Getting order from Context.Cart: CART720
2018-05-05 18:00:47.4781|INFO|eCom/CartV2/Events|Order CART720: Setting shop id to SHOP1
2018-05-05 18:00:47.5142|INFO|eCom/CartV2/Events|Order CART720: Previous step: 0
2018-05-05 18:00:47.5142|INFO|eCom/CartV2/Events|Order CART720: Order is not complete, next step is the first step: 0
2018-05-05 18:00:47.5142|INFO|eCom/CartV2/Events|Order CART720: Next step: 0
2018-05-05 18:00:47.7450|INFO|eCom/CartV2/Events|Order CART720: Render step: 0
2018-05-05 18:00:47.7490|INFO|eCom/CartV2/Events|Order CART720: Rendering step 0
2018-05-05 18:00:47.9319|INFO|eCom/CartV2/Events|Order <No order>: CartV2 frontend visited.
2018-05-05 18:00:47.9319|INFO|eCom/CartV2/Events|Order CART720: Getting order from Context.Cart: CART720
2018-05-05 18:00:47.9529|INFO|eCom/CartV2/Events|Order CART720: Setting shop id to 
2018-05-05 18:00:47.9829|INFO|eCom/CartV2/Events|Order CART720: Previous step: 0
2018-05-05 18:00:47.9829|INFO|eCom/CartV2/Events|Order CART720: Order is not complete, next step is the first step: 0
2018-05-05 18:00:47.9829|INFO|eCom/CartV2/Events|Order CART720: Next step: 0
2018-05-05 18:00:48.0795|INFO|eCom/CartV2/Events|Order CART720: Render step: 0
2018-05-05 18:00:48.0795|INFO|eCom/CartV2/Events|Order CART720: Rendering step 0
2018-05-05 18:02:13.0254|INFO|eCom/CartV2/Events|Order <No order>: CartV2 frontend visited.
2018-05-05 18:02:13.0254|INFO|eCom/CartV2/Events|Order CART720: Getting order from Context.Cart: CART720
2018-05-05 18:02:13.0555|INFO|eCom/CartV2/Events|Order CART720: Setting shop id to SHOP1
2018-05-05 18:02:13.1470|INFO|eCom/CartV2/Events|Order CART720: Previous step: 0
2018-05-05 18:02:13.1470|INFO|eCom/CartV2/Events|Order CART720: Order is not complete, next step is the first step: 0
2018-05-05 18:02:13.1470|INFO|eCom/CartV2/Events|Order CART720: Next step: 0
2018-05-05 18:02:13.2672|INFO|eCom/CartV2/Events|Order CART720: Render step: 0
2018-05-05 18:02:13.2672|INFO|eCom/CartV2/Events|Order CART720: Rendering step 0
2018-05-05 18:02:17.7546|INFO|eCom/CartV2/Events|Order <No order>: CartV2 frontend visited.
2018-05-05 18:02:17.7546|INFO|eCom/CartV2/Events|Order CART720: Getting order from Context.Cart: CART720
2018-05-05 18:02:17.7796|INFO|eCom/CartV2/Events|Order CART720: Setting shop id to 
2018-05-05 18:02:17.8747|INFO|eCom/CartV2/Events|Order CART720: Previous step: 0
2018-05-05 18:02:17.8747|INFO|eCom/CartV2/Events|Order CART720: Order is not complete, next step is the first step: 0
2018-05-05 18:02:17.8747|INFO|eCom/CartV2/Events|Order CART720: Next step: 0
2018-05-05 18:02:18.0278|INFO|eCom/CartV2/Events|Order CART720: Render step: 0
2018-05-05 18:02:18.0298|INFO|eCom/CartV2/Events|Order CART720: Rendering step 0
2018-05-05 18:02:45.9982|INFO|eCom/CartV2/Events|Order <No order>: CartV2 frontend visited.
2018-05-05 18:02:45.9992|INFO|eCom/CartV2/Events|Order CART720: Getting order from Context.Cart: CART720
2018-05-05 18:02:46.0668|INFO|eCom/CartV2/Events|Order CART720: Setting shop id to SHOP1
2018-05-05 18:02:46.1739|INFO|eCom/CartV2/Events|Order CART720: Previous step: 0
2018-05-05 18:02:46.1739|INFO|eCom/CartV2/Events|Order CART720: Order is not complete, next step is the first step: 0
2018-05-05 18:02:46.2009|INFO|eCom/CartV2/Events|Order CART720: Next step: 0
2018-05-05 18:02:46.3560|INFO|eCom/CartV2/Events|Order CART720: Render step: 0
2018-05-05 18:02:46.3600|INFO|eCom/CartV2/Events|Order CART720: Rendering step 0
2018-05-05 18:02:49.8310|INFO|eCom/CartV2/Events|Order <No order>: CartV2 frontend visited.
2018-05-05 18:02:49.8310|INFO|eCom/CartV2/Events|Order CART720: Getting order from Context.Cart: CART720
2018-05-05 18:02:49.8550|INFO|eCom/CartV2/Events|Order CART720: Setting shop id to 
2018-05-05 18:02:49.9416|INFO|eCom/CartV2/Events|Order CART720: Previous step: 0
2018-05-05 18:02:49.9416|INFO|eCom/CartV2/Events|Order CART720: Order is not complete, next step is the first step: 0
2018-05-05 18:02:49.9416|INFO|eCom/CartV2/Events|Order CART720: Next step: 0
2018-05-05 18:02:50.1227|INFO|eCom/CartV2/Events|Order CART720: Render step: 0
2018-05-05 18:02:50.1247|INFO|eCom/CartV2/Events|Order CART720: Rendering step 0
2018-05-05 18:03:57.1928|INFO|eCom/CartV2/Events|Order <No order>: CartV2 frontend visited.
2018-05-05 18:03:57.1928|INFO|eCom/CartV2/Events|Order CART720: Getting order from Context.Cart: CART720
2018-05-05 18:03:57.2147|INFO|eCom/CartV2/Events|Order CART720: Setting shop id to SHOP1
2018-05-05 18:03:57.2746|INFO|eCom/CartV2/Events|Order CART720: Previous step: 0
2018-05-05 18:03:57.2746|INFO|eCom/CartV2/Events|Order CART720: Order is not complete, next step is the first step: 0
2018-05-05 18:03:57.2821|INFO|eCom/CartV2/Events|Order CART720: Next step: 0
2018-05-05 18:03:57.3883|INFO|eCom/CartV2/Events|Order CART720: Render step: 0
2018-05-05 18:03:57.3937|INFO|eCom/CartV2/Events|Order CART720: Rendering step 0
2018-05-05 18:04:00.4241|INFO|eCom/CartV2/Events|Order <No order>: CartV2 frontend visited.
2018-05-05 18:04:00.4241|INFO|eCom/CartV2/Events|Order CART720: Getting order from Context.Cart: CART720
2018-05-05 18:04:00.4421|INFO|eCom/CartV2/Events|Order CART720: Setting shop id to 
2018-05-05 18:04:00.4912|INFO|eCom/CartV2/Events|Order CART720: Previous step: 0
2018-05-05 18:04:00.4912|INFO|eCom/CartV2/Events|Order CART720: Order is not complete, next step is the first step: 0
2018-05-05 18:04:00.4912|INFO|eCom/CartV2/Events|Order CART720: Next step: 0
2018-05-05 18:04:00.5862|INFO|eCom/CartV2/Events|Order CART720: Render step: 0
2018-05-05 18:04:00.5862|INFO|eCom/CartV2/Events|Order CART720: Rendering step 0
2018-05-05 18:04:10.8597|INFO|eCom/CartV2/Events|Order <No order>: CartV2 frontend visited.
2018-05-05 18:04:10.8597|INFO|eCom/CartV2/Events|Order CART720: Getting order from Context.Cart: CART720
2018-05-05 18:04:10.8597|INFO|eCom/CartV2/Events|Order CART720: Setting shop id to SHOP1
2018-05-05 18:04:10.8890|INFO|eCom/CartV2/Events|Order CART720: Previous step: 0
2018-05-05 18:04:10.8920|INFO|eCom/CartV2/Events|Order CART720: Order is not complete, next step is the first step: 0
2018-05-05 18:04:10.8920|INFO|eCom/CartV2/Events|Order CART720: Next step: 0
2018-05-05 18:04:10.9323|INFO|eCom/CartV2/Events|Order CART720: Render step: 0
2018-05-05 18:04:10.9323|INFO|eCom/CartV2/Events|Order CART720: Rendering step 0
2018-05-05 18:04:13.6501|INFO|eCom/CartV2/Events|Order <No order>: CartV2 frontend visited.
2018-05-05 18:04:13.6501|INFO|eCom/CartV2/Events|Order CART720: Getting order from Context.Cart: CART720
2018-05-05 18:04:13.6706|INFO|eCom/CartV2/Events|Order CART720: Setting shop id to 
2018-05-05 18:04:13.7097|INFO|eCom/CartV2/Events|Order CART720: Previous step: 0
2018-05-05 18:04:13.7097|INFO|eCom/CartV2/Events|Order CART720: Order is not complete, next step is the first step: 0
2018-05-05 18:04:13.7197|INFO|eCom/CartV2/Events|Order CART720: Next step: 0
2018-05-05 18:04:13.7682|INFO|eCom/CartV2/Events|Order CART720: Render step: 0
2018-05-05 18:04:13.7682|INFO|eCom/CartV2/Events|Order CART720: Rendering step 0
2018-05-05 18:04:31.3765|INFO|eCom/CartV2/Events|Order <No order>: CartV2 frontend visited.
2018-05-05 18:04:31.3765|INFO|eCom/CartV2/Events|Order CART720: Getting order from Context.Cart: CART720
2018-05-05 18:04:31.4010|INFO|eCom/CartV2/Events|Order CART720: Setting shop id to SHOP1
2018-05-05 18:04:31.4610|INFO|eCom/CartV2/Events|Order CART720: Previous step: 0
2018-05-05 18:04:31.4610|INFO|eCom/CartV2/Events|Order CART720: Order is not complete, next step is the first step: 0
2018-05-05 18:04:31.4675|INFO|eCom/CartV2/Events|Order CART720: Next step: 0
2018-05-05 18:04:31.5876|INFO|eCom/CartV2/Events|Order CART720: Render step: 0
2018-05-05 18:04:31.5876|INFO|eCom/CartV2/Events|Order CART720: Rendering step 0
2018-05-05 18:04:34.2366|INFO|eCom/CartV2/Events|Order <No order>: CartV2 frontend visited.
2018-05-05 18:04:34.2366|INFO|eCom/CartV2/Events|Order CART720: Getting order from Context.Cart: CART720
2018-05-05 18:04:34.2706|INFO|eCom/CartV2/Events|Order CART720: Setting shop id to 
2018-05-05 18:04:34.3732|INFO|eCom/CartV2/Events|Order CART720: Previous step: 0
2018-05-05 18:04:34.3767|INFO|eCom/CartV2/Events|Order CART720: Order is not complete, next step is the first step: 0
2018-05-05 18:04:34.3767|INFO|eCom/CartV2/Events|Order CART720: Next step: 0
2018-05-05 18:04:34.6334|INFO|eCom/CartV2/Events|Order CART720: Render step: 0
2018-05-05 18:04:34.6334|INFO|eCom/CartV2/Events|Order CART720: Rendering step 0
2018-05-05 18:05:06.8253|INFO|eCom/CartV2/Events|Order <No order>: CartV2 frontend visited.
2018-05-05 18:05:06.8253|INFO|eCom/CartV2/Events|Order CART720: Getting order from Context.Cart: CART720
2018-05-05 18:05:06.8503|INFO|eCom/CartV2/Events|Order CART720: Setting shop id to SHOP1
2018-05-05 18:05:06.9253|INFO|eCom/CartV2/Events|Order CART720: Previous step: 0
2018-05-05 18:05:06.9253|INFO|eCom/CartV2/Events|Order CART720: Order is not complete, next step is the first step: 0
2018-05-05 18:05:06.9253|INFO|eCom/CartV2/Events|Order CART720: Next step: 0
2018-05-05 18:05:07.0392|INFO|eCom/CartV2/Events|Order CART720: Render step: 0
2018-05-05 18:05:07.0392|INFO|eCom/CartV2/Events|Order CART720: Rendering step 0
2018-05-05 18:05:09.7896|INFO|eCom/CartV2/Events|Order <No order>: CartV2 frontend visited.
2018-05-05 18:05:09.7896|INFO|eCom/CartV2/Events|Order CART720: Getting order from Context.Cart: CART720
2018-05-05 18:05:09.8086|INFO|eCom/CartV2/Events|Order CART720: Setting shop id to 
2018-05-05 18:05:09.9182|INFO|eCom/CartV2/Events|Order CART720: Previous step: 0
2018-05-05 18:05:09.9227|INFO|eCom/CartV2/Events|Order CART720: Order is not complete, next step is the first step: 0
2018-05-05 18:05:09.9227|INFO|eCom/CartV2/Events|Order CART720: Next step: 0
2018-05-05 18:05:10.0668|INFO|eCom/CartV2/Events|Order CART720: Render step: 0
2018-05-05 18:05:10.0668|INFO|eCom/CartV2/Events|Order CART720: Rendering step 0
2018-05-05 18:05:52.8237|INFO|eCom/CartV2/Events|Order <No order>: CartV2 frontend visited.
2018-05-05 18:05:52.8237|INFO|eCom/CartV2/Events|Order CART720: Getting order from Context.Cart: CART720
2018-05-05 18:05:52.8372|INFO|eCom/CartV2/Events|Order CART720: Setting shop id to SHOP1
2018-05-05 18:05:52.8544|INFO|eCom/CartV2/Events|Order CART720: Previous step: 0
2018-05-05 18:05:52.8544|INFO|eCom/CartV2/Events|Order CART720: Order is not complete, next step is the first step: 0
2018-05-05 18:05:52.8599|INFO|eCom/CartV2/Events|Order CART720: Next step: 0
2018-05-05 18:05:52.8977|INFO|eCom/CartV2/Events|Order CART720: Render step: 0
2018-05-05 18:05:52.8977|INFO|eCom/CartV2/Events|Order CART720: Rendering step 0
2018-05-05 18:05:55.5183|INFO|eCom/CartV2/Events|Order <No order>: CartV2 frontend visited.
2018-05-05 18:05:55.5183|INFO|eCom/CartV2/Events|Order CART720: Getting order from Context.Cart: CART720
2018-05-05 18:05:55.5538|INFO|eCom/CartV2/Events|Order CART720: Setting shop id to 
2018-05-05 18:05:55.5924|INFO|eCom/CartV2/Events|Order CART720: Previous step: 0
2018-05-05 18:05:55.5924|INFO|eCom/CartV2/Events|Order CART720: Order is not complete, next step is the first step: 0
2018-05-05 18:05:55.5924|INFO|eCom/CartV2/Events|Order CART720: Next step: 0
2018-05-05 18:05:55.6499|INFO|eCom/CartV2/Events|Order CART720: Render step: 0
2018-05-05 18:05:55.6499|INFO|eCom/CartV2/Events|Order CART720: Rendering step 0
2018-05-05 18:06:17.2524|INFO|eCom/CartV2/Events|Order <No order>: CartV2 frontend visited.
2018-05-05 18:06:17.2524|INFO|eCom/CartV2/Events|Order CART720: Getting order from Context.Cart: CART720
2018-05-05 18:06:17.2773|INFO|eCom/CartV2/Events|Order CART720: Setting shop id to SHOP1
2018-05-05 18:06:17.3388|INFO|eCom/CartV2/Events|Order CART720: Previous step: 0
2018-05-05 18:06:17.3433|INFO|eCom/CartV2/Events|Order CART720: Order is not complete, next step is the first step: 0
2018-05-05 18:06:17.3433|INFO|eCom/CartV2/Events|Order CART720: Next step: 0
2018-05-05 18:06:17.4529|INFO|eCom/CartV2/Events|Order CART720: Render step: 0
2018-05-05 18:06:17.4529|INFO|eCom/CartV2/Events|Order CART720: Rendering step 0
2018-05-05 18:06:20.2872|INFO|eCom/CartV2/Events|Order <No order>: CartV2 frontend visited.
2018-05-05 18:06:20.2872|INFO|eCom/CartV2/Events|Order CART720: Getting order from Context.Cart: CART720
2018-05-05 18:06:20.3042|INFO|eCom/CartV2/Events|Order CART720: Setting shop id to 
2018-05-05 18:06:20.3642|INFO|eCom/CartV2/Events|Order CART720: Previous step: 0
2018-05-05 18:06:20.3642|INFO|eCom/CartV2/Events|Order CART720: Order is not complete, next step is the first step: 0
2018-05-05 18:06:20.3642|INFO|eCom/CartV2/Events|Order CART720: Next step: 0
2018-05-05 18:06:20.4756|INFO|eCom/CartV2/Events|Order CART720: Render step: 0
2018-05-05 18:06:20.4756|INFO|eCom/CartV2/Events|Order CART720: Rendering step 0
2018-05-05 18:06:35.3959|INFO|eCom/CartV2/Events|Order <No order>: CartV2 frontend visited.
2018-05-05 18:06:35.3959|INFO|eCom/CartV2/Events|Order CART720: Getting order from Context.Cart: CART720
2018-05-05 18:06:35.4094|INFO|eCom/CartV2/Events|Order CART720: Setting shop id to SHOP1
2018-05-05 18:06:35.4268|INFO|eCom/CartV2/Events|Order CART720: Previous step: 0
2018-05-05 18:06:35.4268|INFO|eCom/CartV2/Events|Order CART720: Order is not complete, next step is the first step: 0
2018-05-05 18:06:35.4268|INFO|eCom/CartV2/Events|Order CART720: Next step: 0
2018-05-05 18:06:35.4726|INFO|eCom/CartV2/Events|Order CART720: Render step: 0
2018-05-05 18:06:35.4726|INFO|eCom/CartV2/Events|Order CART720: Rendering step 0
2018-05-05 18:06:38.2287|INFO|eCom/CartV2/Events|Order <No order>: CartV2 frontend visited.
2018-05-05 18:06:38.2287|INFO|eCom/CartV2/Events|Order CART720: Getting order from Context.Cart: CART720
2018-05-05 18:06:38.2598|INFO|eCom/CartV2/Events|Order CART720: Setting shop id to 
2018-05-05 18:06:38.2968|INFO|eCom/CartV2/Events|Order CART720: Previous step: 0
2018-05-05 18:06:38.2968|INFO|eCom/CartV2/Events|Order CART720: Order is not complete, next step is the first step: 0
2018-05-05 18:06:38.2968|INFO|eCom/CartV2/Events|Order CART720: Next step: 0
2018-05-05 18:06:38.3463|INFO|eCom/CartV2/Events|Order CART720: Render step: 0
2018-05-05 18:06:38.3463|INFO|eCom/CartV2/Events|Order CART720: Rendering step 0
2018-05-05 18:06:59.7470|INFO|eCom/CartV2/Events|Order <No order>: CartV2 frontend visited.
2018-05-05 18:06:59.7470|INFO|eCom/CartV2/Events|Order CART720: Getting order from Context.Cart: CART720
2018-05-05 18:06:59.7611|INFO|eCom/CartV2/Events|Order CART720: Setting shop id to SHOP1
2018-05-05 18:06:59.7791|INFO|eCom/CartV2/Events|Order CART720: Previous step: 0
2018-05-05 18:06:59.7816|INFO|eCom/CartV2/Events|Order CART720: Order is not complete, next step is the first step: 0
2018-05-05 18:06:59.7816|INFO|eCom/CartV2/Events|Order CART720: Next step: 0
2018-05-05 18:06:59.8225|INFO|eCom/CartV2/Events|Order CART720: Render step: 0
2018-05-05 18:06:59.8225|INFO|eCom/CartV2/Events|Order CART720: Rendering step 0
2018-05-05 18:07:02.5083|INFO|eCom/CartV2/Events|Order <No order>: CartV2 frontend visited.
2018-05-05 18:07:02.5083|INFO|eCom/CartV2/Events|Order CART720: Getting order from Context.Cart: CART720
2018-05-05 18:07:02.5374|INFO|eCom/CartV2/Events|Order CART720: Setting shop id to 
2018-05-05 18:07:02.5749|INFO|eCom/CartV2/Events|Order CART720: Previous step: 0
2018-05-05 18:07:02.5779|INFO|eCom/CartV2/Events|Order CART720: Order is not complete, next step is the first step: 0
2018-05-05 18:07:02.5779|INFO|eCom/CartV2/Events|Order CART720: Next step: 0
2018-05-05 18:07:02.6369|INFO|eCom/CartV2/Events|Order CART720: Render step: 0
2018-05-05 18:07:02.6394|INFO|eCom/CartV2/Events|Order CART720: Rendering step 0
2018-05-05 18:07:24.8603|INFO|eCom/CartV2/Events|Order <No order>: CartV2 frontend visited.
2018-05-05 18:07:24.8603|INFO|eCom/CartV2/Events|Order CART720: Getting order from Context.Cart: CART720
2018-05-05 18:07:24.8844|INFO|eCom/CartV2/Events|Order CART720: Setting shop id to SHOP1
2018-05-05 18:07:24.9469|INFO|eCom/CartV2/Events|Order CART720: Previous step: 0
2018-05-05 18:07:24.9469|INFO|eCom/CartV2/Events|Order CART720: Order is not complete, next step is the first step: 0
2018-05-05 18:07:24.9545|INFO|eCom/CartV2/Events|Order CART720: Next step: 0
2018-05-05 18:07:25.0608|INFO|eCom/CartV2/Events|Order CART720: Render step: 0
2018-05-05 18:07:25.0645|INFO|eCom/CartV2/Events|Order CART720: Rendering step 0
2018-05-05 18:07:27.9888|INFO|eCom/CartV2/Events|Order <No order>: CartV2 frontend visited.
2018-05-05 18:07:27.9888|INFO|eCom/CartV2/Events|Order CART720: Getting order from Context.Cart: CART720
2018-05-05 18:07:27.9998|INFO|eCom/CartV2/Events|Order CART720: Setting shop id to 
2018-05-05 18:07:28.0454|INFO|eCom/CartV2/Events|Order CART720: Previous step: 0
2018-05-05 18:07:28.0474|INFO|eCom/CartV2/Events|Order CART720: Order is not complete, next step is the first step: 0
2018-05-05 18:07:28.0474|INFO|eCom/CartV2/Events|Order CART720: Next step: 0
2018-05-05 18:07:28.1374|INFO|eCom/CartV2/Events|Order CART720: Render step: 0
2018-05-05 18:07:28.1401|INFO|eCom/CartV2/Events|Order CART720: Rendering step 0
2018-05-05 18:07:49.7440|INFO|eCom/CartV2/Events|Order <No order>: CartV2 frontend visited.
2018-05-05 18:07:49.7440|INFO|eCom/CartV2/Events|Order CART720: Getting order from Context.Cart: CART720
2018-05-05 18:07:49.7555|INFO|eCom/CartV2/Events|Order CART720: Setting shop id to SHOP1
2018-05-05 18:07:49.7722|INFO|eCom/CartV2/Events|Order CART720: Previous step: 0
2018-05-05 18:07:49.7722|INFO|eCom/CartV2/Events|Order CART720: Order is not complete, next step is the first step: 0
2018-05-05 18:07:49.7722|INFO|eCom/CartV2/Events|Order CART720: Next step: 0
2018-05-05 18:07:49.8181|INFO|eCom/CartV2/Events|Order CART720: Render step: 0
2018-05-05 18:07:49.8181|INFO|eCom/CartV2/Events|Order CART720: Rendering step 0
2018-05-05 18:07:52.5635|INFO|eCom/CartV2/Events|Order <No order>: CartV2 frontend visited.
2018-05-05 18:07:52.5635|INFO|eCom/CartV2/Events|Order CART720: Getting order from Context.Cart: CART720
2018-05-05 18:07:52.6365|INFO|eCom/CartV2/Events|Order CART720: Setting shop id to 
2018-05-05 18:07:52.6751|INFO|eCom/CartV2/Events|Order CART720: Previous step: 0
2018-05-05 18:07:52.6751|INFO|eCom/CartV2/Events|Order CART720: Order is not complete, next step is the first step: 0
2018-05-05 18:07:52.6751|INFO|eCom/CartV2/Events|Order CART720: Next step: 0
2018-05-05 18:07:52.7486|INFO|eCom/CartV2/Events|Order CART720: Render step: 0
2018-05-05 18:07:52.7486|INFO|eCom/CartV2/Events|Order CART720: Rendering step 0
2018-05-05 18:08:29.2721|INFO|eCom/CartV2/Events|Order <No order>: CartV2 frontend visited.
2018-05-05 18:08:29.2721|INFO|eCom/CartV2/Events|Order CART720: Getting order from Context.Cart: CART720
2018-05-05 18:08:29.2936|INFO|eCom/CartV2/Events|Order CART720: Setting shop id to SHOP1
2018-05-05 18:08:29.3564|INFO|eCom/CartV2/Events|Order CART720: Previous step: 0
2018-05-05 18:08:29.3604|INFO|eCom/CartV2/Events|Order CART720: Order is not complete, next step is the first step: 0
2018-05-05 18:08:29.3604|INFO|eCom/CartV2/Events|Order CART720: Next step: 0
2018-05-05 18:08:29.4659|INFO|eCom/CartV2/Events|Order CART720: Render step: 0
2018-05-05 18:08:29.4698|INFO|eCom/CartV2/Events|Order CART720: Rendering step 0
2018-05-05 18:08:32.0925|INFO|eCom/CartV2/Events|Order <No order>: CartV2 frontend visited.
2018-05-05 18:08:32.0925|INFO|eCom/CartV2/Events|Order CART720: Getting order from Context.Cart: CART720
2018-05-05 18:08:32.1126|INFO|eCom/CartV2/Events|Order CART720: Setting shop id to 
2018-05-05 18:08:32.1961|INFO|eCom/CartV2/Events|Order CART720: Previous step: 0
2018-05-05 18:08:32.1961|INFO|eCom/CartV2/Events|Order CART720: Order is not complete, next step is the first step: 0
2018-05-05 18:08:32.1961|INFO|eCom/CartV2/Events|Order CART720: Next step: 0
2018-05-05 18:08:32.3207|INFO|eCom/CartV2/Events|Order CART720: Render step: 0
2018-05-05 18:08:32.3207|INFO|eCom/CartV2/Events|Order CART720: Rendering step 0
2018-05-05 18:09:02.8510|INFO|eCom/CartV2/Events|Order <No order>: CartV2 frontend visited.
2018-05-05 18:09:02.8510|INFO|eCom/CartV2/Events|Order CART720: Getting order from Context.Cart: CART720
2018-05-05 18:09:02.8670|INFO|eCom/CartV2/Events|Order CART720: Setting shop id to SHOP1
2018-05-05 18:09:02.8880|INFO|eCom/CartV2/Events|Order CART720: Previous step: 0
2018-05-05 18:09:02.8900|INFO|eCom/CartV2/Events|Order CART720: Order is not complete, next step is the first step: 0
2018-05-05 18:09:02.8900|INFO|eCom/CartV2/Events|Order CART720: Next step: 0
2018-05-05 18:09:02.9316|INFO|eCom/CartV2/Events|Order CART720: Render step: 0
2018-05-05 18:09:02.9316|INFO|eCom/CartV2/Events|Order CART720: Rendering step 0
2018-05-05 18:09:05.8203|INFO|eCom/CartV2/Events|Order <No order>: CartV2 frontend visited.
2018-05-05 18:09:05.8203|INFO|eCom/CartV2/Events|Order CART720: Getting order from Context.Cart: CART720
2018-05-05 18:09:05.8398|INFO|eCom/CartV2/Events|Order CART720: Setting shop id to 
2018-05-05 18:09:05.8693|INFO|eCom/CartV2/Events|Order CART720: Previous step: 0
2018-05-05 18:09:05.8693|INFO|eCom/CartV2/Events|Order CART720: Order is not complete, next step is the first step: 0
2018-05-05 18:09:05.8743|INFO|eCom/CartV2/Events|Order CART720: Next step: 0
2018-05-05 18:09:05.9158|INFO|eCom/CartV2/Events|Order CART720: Render step: 0
2018-05-05 18:09:05.9208|INFO|eCom/CartV2/Events|Order CART720: Rendering step 0
2018-05-05 18:09:54.9934|INFO|eCom/CartV2/Events|Order <No order>: CartV2 frontend visited.
2018-05-05 18:09:54.9934|INFO|eCom/CartV2/Events|Order CART720: Getting order from Context.Cart: CART720
2018-05-05 18:09:55.0169|INFO|eCom/CartV2/Events|Order CART720: Setting shop id to SHOP1
2018-05-05 18:09:55.0747|INFO|eCom/CartV2/Events|Order CART720: Previous step: 0
2018-05-05 18:09:55.0789|INFO|eCom/CartV2/Events|Order CART720: Order is not complete, next step is the first step: 0
2018-05-05 18:09:55.0789|INFO|eCom/CartV2/Events|Order CART720: Next step: 0
2018-05-05 18:09:55.1867|INFO|eCom/CartV2/Events|Order CART720: Render step: 0
2018-05-05 18:09:55.1867|INFO|eCom/CartV2/Events|Order CART720: Rendering step 0
2018-05-05 18:09:57.9899|INFO|eCom/CartV2/Events|Order <No order>: CartV2 frontend visited.
2018-05-05 18:09:57.9899|INFO|eCom/CartV2/Events|Order CART720: Getting order from Context.Cart: CART720
2018-05-05 18:09:58.0214|INFO|eCom/CartV2/Events|Order CART720: Setting shop id to 
2018-05-05 18:09:58.1185|INFO|eCom/CartV2/Events|Order CART720: Previous step: 0
2018-05-05 18:09:58.1185|INFO|eCom/CartV2/Events|Order CART720: Order is not complete, next step is the first step: 0
2018-05-05 18:09:58.1185|INFO|eCom/CartV2/Events|Order CART720: Next step: 0
2018-05-05 18:09:58.2796|INFO|eCom/CartV2/Events|Order CART720: Render step: 0
2018-05-05 18:09:58.2841|INFO|eCom/CartV2/Events|Order CART720: Rendering step 0
2018-05-05 18:10:39.5001|INFO|eCom/CartV2/Events|Order <No order>: CartV2 frontend visited.
2018-05-05 18:10:39.5001|INFO|eCom/CartV2/Events|Order CART720: Getting order from Context.Cart: CART720
2018-05-05 18:10:39.5241|INFO|eCom/CartV2/Events|Order CART720: Setting shop id to SHOP1
2018-05-05 18:10:39.5827|INFO|eCom/CartV2/Events|Order CART720: Previous step: 0
2018-05-05 18:10:39.5827|INFO|eCom/CartV2/Events|Order CART720: Order is not complete, next step is the first step: 0
2018-05-05 18:10:39.5827|INFO|eCom/CartV2/Events|Order CART720: Next step: 0
2018-05-05 18:10:39.7009|INFO|eCom/CartV2/Events|Order CART720: Render step: 0
2018-05-05 18:10:39.7044|INFO|eCom/CartV2/Events|Order CART720: Rendering step 0
2018-05-05 18:10:42.3322|INFO|eCom/CartV2/Events|Order <No order>: CartV2 frontend visited.
2018-05-05 18:10:42.3322|INFO|eCom/CartV2/Events|Order CART720: Getting order from Context.Cart: CART720
2018-05-05 18:10:42.3577|INFO|eCom/CartV2/Events|Order CART720: Setting shop id to 
2018-05-05 18:10:42.4423|INFO|eCom/CartV2/Events|Order CART720: Previous step: 0
2018-05-05 18:10:42.4423|INFO|eCom/CartV2/Events|Order CART720: Order is not complete, next step is the first step: 0
2018-05-05 18:10:42.4423|INFO|eCom/CartV2/Events|Order CART720: Next step: 0
2018-05-05 18:10:42.5699|INFO|eCom/CartV2/Events|Order CART720: Render step: 0
2018-05-05 18:10:42.5699|INFO|eCom/CartV2/Events|Order CART720: Rendering step 0
2018-05-05 18:11:18.7562|INFO|eCom/CartV2/Events|Order <No order>: CartV2 frontend visited.
2018-05-05 18:11:18.7562|INFO|eCom/CartV2/Events|Order CART720: Getting order from Context.Cart: CART720
2018-05-05 18:11:18.7681|INFO|eCom/CartV2/Events|Order CART720: Setting shop id to SHOP1
2018-05-05 18:11:18.7876|INFO|eCom/CartV2/Events|Order CART720: Previous step: 0
2018-05-05 18:11:18.7876|INFO|eCom/CartV2/Events|Order CART720: Order is not complete, next step is the first step: 0
2018-05-05 18:11:18.7876|INFO|eCom/CartV2/Events|Order CART720: Next step: 0
2018-05-05 18:11:18.8341|INFO|eCom/CartV2/Events|Order CART720: Render step: 0
2018-05-05 18:11:18.8341|INFO|eCom/CartV2/Events|Order CART720: Rendering step 0
2018-05-05 18:11:21.7275|INFO|eCom/CartV2/Events|Order <No order>: CartV2 frontend visited.
2018-05-05 18:11:21.7275|INFO|eCom/CartV2/Events|Order CART720: Getting order from Context.Cart: CART720
2018-05-05 18:11:21.7400|INFO|eCom/CartV2/Events|Order CART720: Setting shop id to 
2018-05-05 18:11:21.7636|INFO|eCom/CartV2/Events|Order CART720: Previous step: 0
2018-05-05 18:11:21.7686|INFO|eCom/CartV2/Events|Order CART720: Order is not complete, next step is the first step: 0
2018-05-05 18:11:21.7686|INFO|eCom/CartV2/Events|Order CART720: Next step: 0
2018-05-05 18:11:21.8081|INFO|eCom/CartV2/Events|Order CART720: Render step: 0
2018-05-05 18:11:21.8081|INFO|eCom/CartV2/Events|Order CART720: Rendering step 0
2018-05-05 18:11:32.9712|INFO|eCom/CartV2/Events|Order <No order>: CartV2 frontend visited.
2018-05-05 18:11:32.9712|INFO|eCom/CartV2/Events|Order CART720: Getting order from Context.Cart: CART720
2018-05-05 18:11:32.9942|INFO|eCom/CartV2/Events|Order CART720: Setting shop id to SHOP1
2018-05-05 18:11:33.0527|INFO|eCom/CartV2/Events|Order CART720: Previous step: 0
2018-05-05 18:11:33.0527|INFO|eCom/CartV2/Events|Order CART720: Order is not complete, next step is the first step: 0
2018-05-05 18:11:33.0527|INFO|eCom/CartV2/Events|Order CART720: Next step: 0
2018-05-05 18:11:33.1628|INFO|eCom/CartV2/Events|Order CART720: Render step: 0
2018-05-05 18:11:33.1628|INFO|eCom/CartV2/Events|Order CART720: Rendering step 0
2018-05-05 18:11:35.8492|INFO|eCom/CartV2/Events|Order <No order>: CartV2 frontend visited.
2018-05-05 18:11:35.8492|INFO|eCom/CartV2/Events|Order CART720: Getting order from Context.Cart: CART720
2018-05-05 18:11:35.8938|INFO|eCom/CartV2/Events|Order CART720: Setting shop id to 
2018-05-05 18:11:35.9908|INFO|eCom/CartV2/Events|Order CART720: Previous step: 0
2018-05-05 18:11:35.9908|INFO|eCom/CartV2/Events|Order CART720: Order is not complete, next step is the first step: 0
2018-05-05 18:11:35.9908|INFO|eCom/CartV2/Events|Order CART720: Next step: 0
2018-05-05 18:11:36.1289|INFO|eCom/CartV2/Events|Order CART720: Render step: 0
2018-05-05 18:11:36.1289|INFO|eCom/CartV2/Events|Order CART720: Rendering step 0
2018-05-05 18:11:47.1705|INFO|eCom/CartV2/Events|Order <No order>: CartV2 frontend visited.
2018-05-05 18:11:47.1705|INFO|eCom/CartV2/Events|Order CART720: Getting order from Context.Cart: CART720
2018-05-05 18:11:47.1705|INFO|eCom/CartV2/Events|Order CART720: Setting shop id to SHOP1
2018-05-05 18:11:47.2025|INFO|eCom/CartV2/Events|Order CART720: Previous step: 0
2018-05-05 18:11:47.2025|INFO|eCom/CartV2/Events|Order CART720: Order is not complete, next step is the first step: 0
2018-05-05 18:11:47.2025|INFO|eCom/CartV2/Events|Order CART720: Next step: 0
2018-05-05 18:11:47.2469|INFO|eCom/CartV2/Events|Order CART720: Render step: 0
2018-05-05 18:11:47.2494|INFO|eCom/CartV2/Events|Order CART720: Rendering step 0
2018-05-05 18:11:49.9715|INFO|eCom/CartV2/Events|Order <No order>: CartV2 frontend visited.
2018-05-05 18:11:49.9715|INFO|eCom/CartV2/Events|Order CART720: Getting order from Context.Cart: CART720
2018-05-05 18:11:49.9921|INFO|eCom/CartV2/Events|Order CART720: Setting shop id to 
2018-05-05 18:11:50.0476|INFO|eCom/CartV2/Events|Order CART720: Previous step: 0
2018-05-05 18:11:50.0476|INFO|eCom/CartV2/Events|Order CART720: Order is not complete, next step is the first step: 0
2018-05-05 18:11:50.0476|INFO|eCom/CartV2/Events|Order CART720: Next step: 0
2018-05-05 18:11:50.1041|INFO|eCom/CartV2/Events|Order CART720: Render step: 0
2018-05-05 18:11:50.1041|INFO|eCom/CartV2/Events|Order CART720: Rendering step 0
2018-05-05 18:12:05.7547|INFO|eCom/CartV2/Events|Order <No order>: CartV2 frontend visited.
2018-05-05 18:12:05.7547|INFO|eCom/CartV2/Events|Order CART720: Getting order from Context.Cart: CART720
2018-05-05 18:12:05.7687|INFO|eCom/CartV2/Events|Order CART720: Setting shop id to SHOP1
2018-05-05 18:12:05.7867|INFO|eCom/CartV2/Events|Order CART720: Previous step: 0
2018-05-05 18:12:05.7867|INFO|eCom/CartV2/Events|Order CART720: Order is not complete, next step is the first step: 0
2018-05-05 18:12:05.7867|INFO|eCom/CartV2/Events|Order CART720: Next step: 0
2018-05-05 18:12:05.8334|INFO|eCom/CartV2/Events|Order CART720: Render step: 0
2018-05-05 18:12:05.8334|INFO|eCom/CartV2/Events|Order CART720: Rendering step 0
2018-05-05 18:12:08.7685|INFO|eCom/CartV2/Events|Order <No order>: CartV2 frontend visited.
2018-05-05 18:12:08.7685|INFO|eCom/CartV2/Events|Order CART720: Getting order from Context.Cart: CART720
2018-05-05 18:12:08.7865|INFO|eCom/CartV2/Events|Order CART720: Setting shop id to 
2018-05-05 18:12:08.8050|INFO|eCom/CartV2/Events|Order CART720: Previous step: 0
2018-05-05 18:12:08.8050|INFO|eCom/CartV2/Events|Order CART720: Order is not complete, next step is the first step: 0
2018-05-05 18:12:08.8050|INFO|eCom/CartV2/Events|Order CART720: Next step: 0
2018-05-05 18:12:08.8480|INFO|eCom/CartV2/Events|Order CART720: Render step: 0
2018-05-05 18:12:08.8480|INFO|eCom/CartV2/Events|Order CART720: Rendering step 0
2018-05-05 18:12:28.5873|INFO|eCom/CartV2/Events|Order <No order>: CartV2 frontend visited.
2018-05-05 18:12:28.5873|INFO|eCom/CartV2/Events|Order CART720: Getting order from Context.Cart: CART720
2018-05-05 18:12:28.6018|INFO|eCom/CartV2/Events|Order CART720: Setting shop id to SHOP1
2018-05-05 18:12:28.6177|INFO|eCom/CartV2/Events|Order CART720: Previous step: 0
2018-05-05 18:12:28.6177|INFO|eCom/CartV2/Events|Order CART720: Order is not complete, next step is the first step: 0
2018-05-05 18:12:28.6235|INFO|eCom/CartV2/Events|Order CART720: Next step: 0
2018-05-05 18:12:28.6628|INFO|eCom/CartV2/Events|Order CART720: Render step: 0
2018-05-05 18:12:28.6628|INFO|eCom/CartV2/Events|Order CART720: Rendering step 0
2018-05-05 18:12:31.3338|INFO|eCom/CartV2/Events|Order <No order>: CartV2 frontend visited.
2018-05-05 18:12:31.3338|INFO|eCom/CartV2/Events|Order CART720: Getting order from Context.Cart: CART720
2018-05-05 18:12:31.3568|INFO|eCom/CartV2/Events|Order CART720: Setting shop id to 
2018-05-05 18:12:31.3918|INFO|eCom/CartV2/Events|Order CART720: Previous step: 0
2018-05-05 18:12:31.3918|INFO|eCom/CartV2/Events|Order CART720: Order is not complete, next step is the first step: 0
2018-05-05 18:12:31.3918|INFO|eCom/CartV2/Events|Order CART720: Next step: 0
2018-05-05 18:12:31.4714|INFO|eCom/CartV2/Events|Order CART720: Render step: 0
2018-05-05 18:12:31.4714|INFO|eCom/CartV2/Events|Order CART720: Rendering step 0
2018-05-05 18:13:43.3443|INFO|eCom/CartV2/Events|Order <No order>: CartV2 frontend visited.
2018-05-05 18:13:43.3443|INFO|eCom/CartV2/Events|Order CART720: Getting order from Context.Cart: CART720
2018-05-05 18:13:43.3743|INFO|eCom/CartV2/Events|Order CART720: Setting shop id to SHOP1
2018-05-05 18:13:43.4564|INFO|eCom/CartV2/Events|Order CART720: Previous step: 0
2018-05-05 18:13:43.4564|INFO|eCom/CartV2/Events|Order CART720: Order is not complete, next step is the first step: 0
2018-05-05 18:13:43.4564|INFO|eCom/CartV2/Events|Order CART720: Next step: 0
2018-05-05 18:13:43.5742|INFO|eCom/CartV2/Events|Order CART720: Render step: 0
2018-05-05 18:13:43.5785|INFO|eCom/CartV2/Events|Order CART720: Rendering step 0
2018-05-05 18:13:46.4053|INFO|eCom/CartV2/Events|Order <No order>: CartV2 frontend visited.
2018-05-05 18:13:46.4053|INFO|eCom/CartV2/Events|Order CART720: Getting order from Context.Cart: CART720
2018-05-05 18:13:46.4243|INFO|eCom/CartV2/Events|Order CART720: Setting shop id to 
2018-05-05 18:13:46.5154|INFO|eCom/CartV2/Events|Order CART720: Previous step: 0
2018-05-05 18:13:46.5154|INFO|eCom/CartV2/Events|Order CART720: Order is not complete, next step is the first step: 0
2018-05-05 18:13:46.5154|INFO|eCom/CartV2/Events|Order CART720: Next step: 0
2018-05-05 18:13:46.6465|INFO|eCom/CartV2/Events|Order CART720: Render step: 0
2018-05-05 18:13:46.6465|INFO|eCom/CartV2/Events|Order CART720: Rendering step 0
2018-05-05 18:14:25.8126|INFO|eCom/CartV2/Events|Order <No order>: CartV2 frontend visited.
2018-05-05 18:14:25.8126|INFO|eCom/CartV2/Events|Order CART720: Getting order from Context.Cart: CART720
2018-05-05 18:14:25.8270|INFO|eCom/CartV2/Events|Order CART720: Setting shop id to SHOP1
2018-05-05 18:14:25.8541|INFO|eCom/CartV2/Events|Order CART720: Previous step: 0
2018-05-05 18:14:25.8541|INFO|eCom/CartV2/Events|Order CART720: Order is not complete, next step is the first step: 0
2018-05-05 18:14:25.8590|INFO|eCom/CartV2/Events|Order CART720: Next step: 0
2018-05-05 18:14:25.8998|INFO|eCom/CartV2/Events|Order CART720: Render step: 0
2018-05-05 18:14:25.8998|INFO|eCom/CartV2/Events|Order CART720: Rendering step 0
2018-05-05 18:14:29.1908|INFO|eCom/CartV2/Events|Order <No order>: CartV2 frontend visited.
2018-05-05 18:14:29.1908|INFO|eCom/CartV2/Events|Order CART720: Getting order from Context.Cart: CART720
2018-05-05 18:14:29.2048|INFO|eCom/CartV2/Events|Order CART720: Setting shop id to 
2018-05-05 18:14:29.2278|INFO|eCom/CartV2/Events|Order CART720: Previous step: 0
2018-05-05 18:14:29.2278|INFO|eCom/CartV2/Events|Order CART720: Order is not complete, next step is the first step: 0
2018-05-05 18:14:29.2333|INFO|eCom/CartV2/Events|Order CART720: Next step: 0
2018-05-05 18:14:29.2717|INFO|eCom/CartV2/Events|Order CART720: Render step: 0
2018-05-05 18:14:29.2717|INFO|eCom/CartV2/Events|Order CART720: Rendering step 0
2018-05-05 18:14:50.3954|INFO|eCom/CartV2/Events|Order <No order>: CartV2 frontend visited.
2018-05-05 18:14:50.3954|INFO|eCom/CartV2/Events|Order CART720: Getting order from Context.Cart: CART720
2018-05-05 18:14:50.4187|INFO|eCom/CartV2/Events|Order CART720: Setting shop id to SHOP1
2018-05-05 18:14:50.5052|INFO|eCom/CartV2/Events|Order CART720: Previous step: 0
2018-05-05 18:14:50.5052|INFO|eCom/CartV2/Events|Order CART720: Order is not complete, next step is the first step: 0
2018-05-05 18:14:50.5052|INFO|eCom/CartV2/Events|Order CART720: Next step: 0
2018-05-05 18:14:50.6353|INFO|eCom/CartV2/Events|Order CART720: Render step: 0
2018-05-05 18:14:50.6353|INFO|eCom/CartV2/Events|Order CART720: Rendering step 0
2018-05-05 18:14:53.6704|INFO|eCom/CartV2/Events|Order <No order>: CartV2 frontend visited.
2018-05-05 18:14:53.6719|INFO|eCom/CartV2/Events|Order CART720: Getting order from Context.Cart: CART720
2018-05-05 18:14:53.6914|INFO|eCom/CartV2/Events|Order CART720: Setting shop id to 
2018-05-05 18:14:53.7915|INFO|eCom/CartV2/Events|Order CART720: Previous step: 0
2018-05-05 18:14:53.7915|INFO|eCom/CartV2/Events|Order CART720: Order is not complete, next step is the first step: 0
2018-05-05 18:14:53.7975|INFO|eCom/CartV2/Events|Order CART720: Next step: 0
2018-05-05 18:14:53.9256|INFO|eCom/CartV2/Events|Order CART720: Render step: 0
2018-05-05 18:14:53.9256|INFO|eCom/CartV2/Events|Order CART720: Rendering step 0
2018-05-05 18:15:42.6719|INFO|eCom/CartV2/Events|Order <No order>: CartV2 frontend visited.
2018-05-05 18:15:42.6719|INFO|eCom/CartV2/Events|Order CART720: Getting order from Context.Cart: CART720
2018-05-05 18:15:42.6898|INFO|eCom/CartV2/Events|Order CART720: Setting shop id to SHOP1
2018-05-05 18:15:42.7083|INFO|eCom/CartV2/Events|Order CART720: Previous step: 0
2018-05-05 18:15:42.7083|INFO|eCom/CartV2/Events|Order CART720: Order is not complete, next step is the first step: 0
2018-05-05 18:15:42.7083|INFO|eCom/CartV2/Events|Order CART720: Next step: 0
2018-05-05 18:15:42.7565|INFO|eCom/CartV2/Events|Order CART720: Render step: 0
2018-05-05 18:15:42.7565|INFO|eCom/CartV2/Events|Order CART720: Rendering step 0
2018-05-05 18:15:45.6007|INFO|eCom/CartV2/Events|Order <No order>: CartV2 frontend visited.
2018-05-05 18:15:45.6007|INFO|eCom/CartV2/Events|Order CART720: Getting order from Context.Cart: CART720
2018-05-05 18:15:45.6227|INFO|eCom/CartV2/Events|Order CART720: Setting shop id to 
2018-05-05 18:15:45.6547|INFO|eCom/CartV2/Events|Order CART720: Previous step: 0
2018-05-05 18:15:45.6607|INFO|eCom/CartV2/Events|Order CART720: Order is not complete, next step is the first step: 0
2018-05-05 18:15:45.6607|INFO|eCom/CartV2/Events|Order CART720: Next step: 0
2018-05-05 18:15:45.7143|INFO|eCom/CartV2/Events|Order CART720: Render step: 0
2018-05-05 18:15:45.7143|INFO|eCom/CartV2/Events|Order CART720: Rendering step 0
2018-05-05 18:16:26.4004|INFO|eCom/CartV2/Events|Order <No order>: CartV2 frontend visited.
2018-05-05 18:16:26.4004|INFO|eCom/CartV2/Events|Order CART720: Getting order from Context.Cart: CART720
2018-05-05 18:16:26.4264|INFO|eCom/CartV2/Events|Order CART720: Setting shop id to SHOP1
2018-05-05 18:16:26.5021|INFO|eCom/CartV2/Events|Order CART720: Previous step: 0
2018-05-05 18:16:26.5021|INFO|eCom/CartV2/Events|Order CART720: Order is not complete, next step is the first step: 0
2018-05-05 18:16:26.5021|INFO|eCom/CartV2/Events|Order CART720: Next step: 0
2018-05-05 18:16:26.6527|INFO|eCom/CartV2/Events|Order CART720: Render step: 0
2018-05-05 18:16:26.6614|INFO|eCom/CartV2/Events|Order CART720: Rendering step 0
2018-05-05 18:16:29.7954|INFO|eCom/CartV2/Events|Order <No order>: CartV2 frontend visited.
2018-05-05 18:16:29.7954|INFO|eCom/CartV2/Events|Order CART720: Getting order from Context.Cart: CART720
2018-05-05 18:16:29.8149|INFO|eCom/CartV2/Events|Order CART720: Setting shop id to 
2018-05-05 18:16:29.8815|INFO|eCom/CartV2/Events|Order CART720: Previous step: 0
2018-05-05 18:16:29.8815|INFO|eCom/CartV2/Events|Order CART720: Order is not complete, next step is the first step: 0
2018-05-05 18:16:29.8815|INFO|eCom/CartV2/Events|Order CART720: Next step: 0
2018-05-05 18:16:30.0091|INFO|eCom/CartV2/Events|Order CART720: Render step: 0
2018-05-05 18:16:30.0091|INFO|eCom/CartV2/Events|Order CART720: Rendering step 0
2018-05-05 18:16:44.5185|INFO|eCom/CartV2/Events|Order <No order>: CartV2 frontend visited.
2018-05-05 18:16:44.5185|INFO|eCom/CartV2/Events|Order CART720: Getting order from Context.Cart: CART720
2018-05-05 18:16:44.5316|INFO|eCom/CartV2/Events|Order CART720: Setting shop id to SHOP1
2018-05-05 18:16:44.5493|INFO|eCom/CartV2/Events|Order CART720: Previous step: 0
2018-05-05 18:16:44.5493|INFO|eCom/CartV2/Events|Order CART720: Order is not complete, next step is the first step: 0
2018-05-05 18:16:44.5493|INFO|eCom/CartV2/Events|Order CART720: Next step: 0
2018-05-05 18:16:44.5951|INFO|eCom/CartV2/Events|Order CART720: Render step: 0
2018-05-05 18:16:44.5951|INFO|eCom/CartV2/Events|Order CART720: Rendering step 0
2018-05-05 18:16:47.7064|INFO|eCom/CartV2/Events|Order <No order>: CartV2 frontend visited.
2018-05-05 18:16:47.7064|INFO|eCom/CartV2/Events|Order CART720: Getting order from Context.Cart: CART720
2018-05-05 18:16:47.7294|INFO|eCom/CartV2/Events|Order CART720: Setting shop id to 
2018-05-05 18:16:47.7709|INFO|eCom/CartV2/Events|Order CART720: Previous step: 0
2018-05-05 18:16:47.7709|INFO|eCom/CartV2/Events|Order CART720: Order is not complete, next step is the first step: 0
2018-05-05 18:16:47.7709|INFO|eCom/CartV2/Events|Order CART720: Next step: 0
2018-05-05 18:16:47.8340|INFO|eCom/CartV2/Events|Order CART720: Render step: 0
2018-05-05 18:16:47.8470|INFO|eCom/CartV2/Events|Order CART720: Rendering step 0
2018-05-05 18:16:56.8211|INFO|eCom/CartV2/Events|Order <No order>: CartV2 frontend visited.
2018-05-05 18:16:56.8211|INFO|eCom/CartV2/Events|Order CART720: Getting order from Context.Cart: CART720
2018-05-05 18:16:56.8656|INFO|eCom/CartV2/Events|Order CART720: Setting shop id to SHOP1
2018-05-05 18:16:56.9544|INFO|eCom/CartV2/Events|Order CART720: Previous step: 0
2018-05-05 18:16:56.9544|INFO|eCom/CartV2/Events|Order CART720: Order is not complete, next step is the first step: 0
2018-05-05 18:16:56.9544|INFO|eCom/CartV2/Events|Order CART720: Next step: 0
2018-05-05 18:16:57.0996|INFO|eCom/CartV2/Events|Order CART720: Render step: 0
2018-05-05 18:16:57.0996|INFO|eCom/CartV2/Events|Order CART720: Rendering step 0
2018-05-05 18:17:00.3602|INFO|eCom/CartV2/Events|Order <No order>: CartV2 frontend visited.
2018-05-05 18:17:00.3602|INFO|eCom/CartV2/Events|Order CART720: Getting order from Context.Cart: CART720
2018-05-05 18:17:00.3958|INFO|eCom/CartV2/Events|Order CART720: Setting shop id to 
2018-05-05 18:17:00.5138|INFO|eCom/CartV2/Events|Order CART720: Previous step: 0
2018-05-05 18:17:00.5153|INFO|eCom/CartV2/Events|Order CART720: Order is not complete, next step is the first step: 0
2018-05-05 18:17:00.5153|INFO|eCom/CartV2/Events|Order CART720: Next step: 0
2018-05-05 18:17:00.6599|INFO|eCom/CartV2/Events|Order CART720: Render step: 0
2018-05-05 18:17:00.6599|INFO|eCom/CartV2/Events|Order CART720: Rendering step 0
2018-05-05 18:17:26.3118|INFO|eCom/CartV2/Events|Order <No order>: CartV2 frontend visited.
2018-05-05 18:17:26.3118|INFO|eCom/CartV2/Events|Order CART720: Getting order from Context.Cart: CART720
2018-05-05 18:17:26.3283|INFO|eCom/CartV2/Events|Order CART720: Setting shop id to SHOP1
2018-05-05 18:17:26.3513|INFO|eCom/CartV2/Events|Order CART720: Previous step: 0
2018-05-05 18:17:26.3513|INFO|eCom/CartV2/Events|Order CART720: Order is not complete, next step is the first step: 0
2018-05-05 18:17:26.3603|INFO|eCom/CartV2/Events|Order CART720: Next step: 0
2018-05-05 18:17:26.4296|INFO|eCom/CartV2/Events|Order CART720: Render step: 0
2018-05-05 18:17:26.4296|INFO|eCom/CartV2/Events|Order CART720: Rendering step 0
2018-05-05 18:17:29.3885|INFO|eCom/CartV2/Events|Order <No order>: CartV2 frontend visited.
2018-05-05 18:17:29.3895|INFO|eCom/CartV2/Events|Order CART720: Getting order from Context.Cart: CART720
2018-05-05 18:17:29.4100|INFO|eCom/CartV2/Events|Order CART720: Setting shop id to 
2018-05-05 18:17:29.4495|INFO|eCom/CartV2/Events|Order CART720: Previous step: 0
2018-05-05 18:17:29.4600|INFO|eCom/CartV2/Events|Order CART720: Order is not complete, next step is the first step: 0
2018-05-05 18:17:29.6702|INFO|eCom/CartV2/Events|Order CART720: Next step: 0
2018-05-05 18:17:29.7142|INFO|eCom/CartV2/Events|Order CART720: Render step: 0
2018-05-05 18:17:29.7181|INFO|eCom/CartV2/Events|Order CART720: Rendering step 0
2018-05-05 18:17:41.6179|INFO|eCom/CartV2/Events|Order <No order>: CartV2 frontend visited.
2018-05-05 18:17:41.6179|INFO|eCom/CartV2/Events|Order CART720: Getting order from Context.Cart: CART720
2018-05-05 18:17:41.6410|INFO|eCom/CartV2/Events|Order CART720: Setting shop id to SHOP1
2018-05-05 18:17:41.6585|INFO|eCom/CartV2/Events|Order CART720: Previous step: 0
2018-05-05 18:17:41.6585|INFO|eCom/CartV2/Events|Order CART720: Order is not complete, next step is the first step: 0
2018-05-05 18:17:41.6585|INFO|eCom/CartV2/Events|Order CART720: Next step: 0
2018-05-05 18:17:41.7141|INFO|eCom/CartV2/Events|Order CART720: Render step: 0
2018-05-05 18:17:41.7141|INFO|eCom/CartV2/Events|Order CART720: Rendering step 0
2018-05-05 18:17:44.6688|INFO|eCom/CartV2/Events|Order <No order>: CartV2 frontend visited.
2018-05-05 18:17:44.6688|INFO|eCom/CartV2/Events|Order CART720: Getting order from Context.Cart: CART720
2018-05-05 18:17:44.6868|INFO|eCom/CartV2/Events|Order CART720: Setting shop id to 
2018-05-05 18:17:44.7258|INFO|eCom/CartV2/Events|Order CART720: Previous step: 0
2018-05-05 18:17:44.7258|INFO|eCom/CartV2/Events|Order CART720: Order is not complete, next step is the first step: 0
2018-05-05 18:17:44.7358|INFO|eCom/CartV2/Events|Order CART720: Next step: 0
2018-05-05 18:17:44.7864|INFO|eCom/CartV2/Events|Order CART720: Render step: 0
2018-05-05 18:17:44.7864|INFO|eCom/CartV2/Events|Order CART720: Rendering step 0
2018-05-05 18:17:53.9707|INFO|eCom/CartV2/Events|Order <No order>: CartV2 frontend visited.
2018-05-05 18:17:53.9707|INFO|eCom/CartV2/Events|Order CART720: Getting order from Context.Cart: CART720
2018-05-05 18:17:53.9854|INFO|eCom/CartV2/Events|Order CART720: Setting shop id to SHOP1
2018-05-05 18:17:54.0043|INFO|eCom/CartV2/Events|Order CART720: Previous step: 0
2018-05-05 18:17:54.0043|INFO|eCom/CartV2/Events|Order CART720: Order is not complete, next step is the first step: 0
2018-05-05 18:17:54.0043|INFO|eCom/CartV2/Events|Order CART720: Next step: 0
2018-05-05 18:17:54.0480|INFO|eCom/CartV2/Events|Order CART720: Render step: 0
2018-05-05 18:17:54.0480|INFO|eCom/CartV2/Events|Order CART720: Rendering step 0
2018-05-05 18:17:57.3620|INFO|eCom/CartV2/Events|Order <No order>: CartV2 frontend visited.
2018-05-05 18:17:57.3620|INFO|eCom/CartV2/Events|Order CART720: Getting order from Context.Cart: CART720
2018-05-05 18:17:57.3820|INFO|eCom/CartV2/Events|Order CART720: Setting shop id to 
2018-05-05 18:17:57.4035|INFO|eCom/CartV2/Events|Order CART720: Previous step: 0
2018-05-05 18:17:57.4075|INFO|eCom/CartV2/Events|Order CART720: Order is not complete, next step is the first step: 0
2018-05-05 18:17:57.4075|INFO|eCom/CartV2/Events|Order CART720: Next step: 0
2018-05-05 18:17:57.4644|INFO|eCom/CartV2/Events|Order CART720: Render step: 0
2018-05-05 18:17:57.4644|INFO|eCom/CartV2/Events|Order CART720: Rendering step 0
2018-05-05 18:18:04.6451|INFO|eCom/CartV2/Events|Order <No order>: CartV2 frontend visited.
2018-05-05 18:18:04.6451|INFO|eCom/CartV2/Events|Order CART720: Getting order from Context.Cart: CART720
2018-05-05 18:18:04.6746|INFO|eCom/CartV2/Events|Order CART720: Setting shop id to SHOP1
2018-05-05 18:18:04.7456|INFO|eCom/CartV2/Events|Order CART720: Previous step: 0
2018-05-05 18:18:04.7496|INFO|eCom/CartV2/Events|Order CART720: Order is not complete, next step is the first step: 0
2018-05-05 18:18:04.7496|INFO|eCom/CartV2/Events|Order CART720: Next step: 0
2018-05-05 18:18:04.8699|INFO|eCom/CartV2/Events|Order CART720: Render step: 0
2018-05-05 18:18:04.8699|INFO|eCom/CartV2/Events|Order CART720: Rendering step 0
2018-05-05 18:18:08.2262|INFO|eCom/CartV2/Events|Order <No order>: CartV2 frontend visited.
2018-05-05 18:18:08.2262|INFO|eCom/CartV2/Events|Order CART720: Getting order from Context.Cart: CART720
2018-05-05 18:18:08.2552|INFO|eCom/CartV2/Events|Order CART720: Setting shop id to 
2018-05-05 18:18:08.3552|INFO|eCom/CartV2/Events|Order CART720: Previous step: 0
2018-05-05 18:18:08.3587|INFO|eCom/CartV2/Events|Order CART720: Order is not complete, next step is the first step: 0
2018-05-05 18:18:08.3587|INFO|eCom/CartV2/Events|Order CART720: Next step: 0
2018-05-05 18:18:08.5013|INFO|eCom/CartV2/Events|Order CART720: Render step: 0
2018-05-05 18:18:08.5013|INFO|eCom/CartV2/Events|Order CART720: Rendering step 0
2018-05-05 18:18:20.1380|INFO|eCom/CartV2/Events|Order <No order>: CartV2 frontend visited.
2018-05-05 18:18:20.1380|INFO|eCom/CartV2/Events|Order CART720: Getting order from Context.Cart: CART720
2018-05-05 18:18:20.1525|INFO|eCom/CartV2/Events|Order CART720: Setting shop id to SHOP1
2018-05-05 18:18:20.1699|INFO|eCom/CartV2/Events|Order CART720: Previous step: 0
2018-05-05 18:18:20.1729|INFO|eCom/CartV2/Events|Order CART720: Order is not complete, next step is the first step: 0
2018-05-05 18:18:20.1729|INFO|eCom/CartV2/Events|Order CART720: Next step: 0
2018-05-05 18:18:20.2145|INFO|eCom/CartV2/Events|Order CART720: Render step: 0
2018-05-05 18:18:20.2175|INFO|eCom/CartV2/Events|Order CART720: Rendering step 0
2018-05-05 18:18:23.3227|INFO|eCom/CartV2/Events|Order <No order>: CartV2 frontend visited.
2018-05-05 18:18:23.3227|INFO|eCom/CartV2/Events|Order CART720: Getting order from Context.Cart: CART720
2018-05-05 18:18:23.3462|INFO|eCom/CartV2/Events|Order CART720: Setting shop id to 
2018-05-05 18:18:23.3823|INFO|eCom/CartV2/Events|Order CART720: Previous step: 0
2018-05-05 18:18:23.3823|INFO|eCom/CartV2/Events|Order CART720: Order is not complete, next step is the first step: 0
2018-05-05 18:18:23.3823|INFO|eCom/CartV2/Events|Order CART720: Next step: 0
2018-05-05 18:18:23.4473|INFO|eCom/CartV2/Events|Order CART720: Render step: 0
2018-05-05 18:18:23.4473|INFO|eCom/CartV2/Events|Order CART720: Rendering step 0
2018-05-05 18:18:32.1646|INFO|eCom/CartV2/Events|Order <No order>: CartV2 frontend visited.
2018-05-05 18:18:32.1646|INFO|eCom/CartV2/Events|Order CART720: Getting order from Context.Cart: CART720
2018-05-05 18:18:32.1816|INFO|eCom/CartV2/Events|Order CART720: Setting shop id to SHOP1
2018-05-05 18:18:32.2020|INFO|eCom/CartV2/Events|Order CART720: Previous step: 0
2018-05-05 18:18:32.2020|INFO|eCom/CartV2/Events|Order CART720: Order is not complete, next step is the first step: 0
2018-05-05 18:18:32.2020|INFO|eCom/CartV2/Events|Order CART720: Next step: 0
2018-05-05 18:18:32.2514|INFO|eCom/CartV2/Events|Order CART720: Render step: 0
2018-05-05 18:18:32.2514|INFO|eCom/CartV2/Events|Order CART720: Rendering step 0
2018-05-05 18:18:35.3933|INFO|eCom/CartV2/Events|Order <No order>: CartV2 frontend visited.
2018-05-05 18:18:35.3933|INFO|eCom/CartV2/Events|Order CART720: Getting order from Context.Cart: CART720
2018-05-05 18:18:35.4123|INFO|eCom/CartV2/Events|Order CART720: Setting shop id to 
2018-05-05 18:18:35.4388|INFO|eCom/CartV2/Events|Order CART720: Previous step: 0
2018-05-05 18:18:35.4388|INFO|eCom/CartV2/Events|Order CART720: Order is not complete, next step is the first step: 0
2018-05-05 18:18:35.4388|INFO|eCom/CartV2/Events|Order CART720: Next step: 0
2018-05-05 18:18:35.4949|INFO|eCom/CartV2/Events|Order CART720: Render step: 0
2018-05-05 18:18:35.4949|INFO|eCom/CartV2/Events|Order CART720: Rendering step 0
2018-05-05 18:18:42.6203|INFO|eCom/CartV2/Events|Order <No order>: CartV2 frontend visited.
2018-05-05 18:18:42.6203|INFO|eCom/CartV2/Events|Order CART720: Getting order from Context.Cart: CART720
2018-05-05 18:18:42.6358|INFO|eCom/CartV2/Events|Order CART720: Setting shop id to SHOP1
2018-05-05 18:18:42.6541|INFO|eCom/CartV2/Events|Order CART720: Previous step: 0
2018-05-05 18:18:42.6571|INFO|eCom/CartV2/Events|Order CART720: Order is not complete, next step is the first step: 0
2018-05-05 18:18:42.6571|INFO|eCom/CartV2/Events|Order CART720: Next step: 0
2018-05-05 18:18:42.7036|INFO|eCom/CartV2/Events|Order CART720: Render step: 0
2018-05-05 18:18:42.7036|INFO|eCom/CartV2/Events|Order CART720: Rendering step 0
2018-05-05 18:18:45.5120|INFO|eCom/CartV2/Events|Order <No order>: CartV2 frontend visited.
2018-05-05 18:18:45.5120|INFO|eCom/CartV2/Events|Order CART720: Getting order from Context.Cart: CART720
2018-05-05 18:18:45.5345|INFO|eCom/CartV2/Events|Order CART720: Setting shop id to 
2018-05-05 18:18:45.5676|INFO|eCom/CartV2/Events|Order CART720: Previous step: 0
2018-05-05 18:18:45.5676|INFO|eCom/CartV2/Events|Order CART720: Order is not complete, next step is the first step: 0
2018-05-05 18:18:45.5796|INFO|eCom/CartV2/Events|Order CART720: Next step: 0
2018-05-05 18:18:45.6496|INFO|eCom/CartV2/Events|Order CART720: Render step: 0
2018-05-05 18:18:45.6496|INFO|eCom/CartV2/Events|Order CART720: Rendering step 0
2018-05-05 18:18:53.0594|INFO|eCom/CartV2/Events|Order <No order>: CartV2 frontend visited.
2018-05-05 18:18:53.0594|INFO|eCom/CartV2/Events|Order CART720: Getting order from Context.Cart: CART720
2018-05-05 18:18:53.0724|INFO|eCom/CartV2/Events|Order CART720: Setting shop id to SHOP1
2018-05-05 18:18:53.1004|INFO|eCom/CartV2/Events|Order CART720: Previous step: 0
2018-05-05 18:18:53.1004|INFO|eCom/CartV2/Events|Order CART720: Order is not complete, next step is the first step: 0
2018-05-05 18:18:53.1004|INFO|eCom/CartV2/Events|Order CART720: Next step: 0
2018-05-05 18:18:53.1465|INFO|eCom/CartV2/Events|Order CART720: Render step: 0
2018-05-05 18:18:53.1465|INFO|eCom/CartV2/Events|Order CART720: Rendering step 0
2018-05-05 18:18:56.0133|INFO|eCom/CartV2/Events|Order <No order>: CartV2 frontend visited.
2018-05-05 18:18:56.0148|INFO|eCom/CartV2/Events|Order CART720: Getting order from Context.Cart: CART720
2018-05-05 18:18:56.0339|INFO|eCom/CartV2/Events|Order CART720: Setting shop id to 
2018-05-05 18:18:56.1084|INFO|eCom/CartV2/Events|Order CART720: Previous step: 0
2018-05-05 18:18:56.1084|INFO|eCom/CartV2/Events|Order CART720: Order is not complete, next step is the first step: 0
2018-05-05 18:18:56.1084|INFO|eCom/CartV2/Events|Order CART720: Next step: 0
2018-05-05 18:18:56.1975|INFO|eCom/CartV2/Events|Order CART720: Render step: 0
2018-05-05 18:18:56.1975|INFO|eCom/CartV2/Events|Order CART720: Rendering step 0
2018-05-05 18:19:16.4279|INFO|eCom/CartV2/Events|Order <No order>: CartV2 frontend visited.
2018-05-05 18:19:16.4279|INFO|eCom/CartV2/Events|Order CART720: Getting order from Context.Cart: CART720
2018-05-05 18:19:16.4549|INFO|eCom/CartV2/Events|Order CART720: Setting shop id to SHOP1
2018-05-05 18:19:16.5309|INFO|eCom/CartV2/Events|Order CART720: Previous step: 0
2018-05-05 18:19:16.5309|INFO|eCom/CartV2/Events|Order CART720: Order is not complete, next step is the first step: 0
2018-05-05 18:19:16.5309|INFO|eCom/CartV2/Events|Order CART720: Next step: 0
2018-05-05 18:19:16.6947|INFO|eCom/CartV2/Events|Order CART720: Render step: 0
2018-05-05 18:19:16.6947|INFO|eCom/CartV2/Events|Order CART720: Rendering step 0
2018-05-05 18:19:19.6652|INFO|eCom/CartV2/Events|Order <No order>: CartV2 frontend visited.
2018-05-05 18:19:19.6652|INFO|eCom/CartV2/Events|Order CART720: Getting order from Context.Cart: CART720
2018-05-05 18:19:19.6983|INFO|eCom/CartV2/Events|Order CART720: Setting shop id to 
2018-05-05 18:19:19.8083|INFO|eCom/CartV2/Events|Order CART720: Previous step: 0
2018-05-05 18:19:19.8123|INFO|eCom/CartV2/Events|Order CART720: Order is not complete, next step is the first step: 0
2018-05-05 18:19:19.8123|INFO|eCom/CartV2/Events|Order CART720: Next step: 0
2018-05-05 18:19:19.9254|INFO|eCom/CartV2/Events|Order CART720: Render step: 0
2018-05-05 18:19:19.9254|INFO|eCom/CartV2/Events|Order CART720: Rendering step 0
2018-05-05 18:19:32.6597|INFO|eCom/CartV2/Events|Order <No order>: CartV2 frontend visited.
2018-05-05 18:19:32.6597|INFO|eCom/CartV2/Events|Order CART720: Getting order from Context.Cart: CART720
2018-05-05 18:19:32.6763|INFO|eCom/CartV2/Events|Order CART720: Setting shop id to SHOP1
2018-05-05 18:19:32.6989|INFO|eCom/CartV2/Events|Order CART720: Previous step: 0
2018-05-05 18:19:32.7024|INFO|eCom/CartV2/Events|Order CART720: Order is not complete, next step is the first step: 0
2018-05-05 18:19:32.7024|INFO|eCom/CartV2/Events|Order CART720: Next step: 0
2018-05-05 18:19:32.8714|INFO|eCom/CartV2/Events|Order CART720: Render step: 0
2018-05-05 18:19:32.8754|INFO|eCom/CartV2/Events|Order CART720: Rendering step 0
2018-05-05 18:19:35.6131|INFO|eCom/CartV2/Events|Order <No order>: CartV2 frontend visited.
2018-05-05 18:19:35.6131|INFO|eCom/CartV2/Events|Order CART720: Getting order from Context.Cart: CART720
2018-05-05 18:19:35.6691|INFO|eCom/CartV2/Events|Order CART720: Setting shop id to 
2018-05-05 18:19:35.7067|INFO|eCom/CartV2/Events|Order CART720: Previous step: 0
2018-05-05 18:19:35.7067|INFO|eCom/CartV2/Events|Order CART720: Order is not complete, next step is the first step: 0
2018-05-05 18:19:35.7067|INFO|eCom/CartV2/Events|Order CART720: Next step: 0
2018-05-05 18:19:35.7992|INFO|eCom/CartV2/Events|Order CART720: Render step: 0
2018-05-05 18:19:35.7992|INFO|eCom/CartV2/Events|Order CART720: Rendering step 0
2018-05-05 18:19:47.9741|INFO|eCom/CartV2/Events|Order <No order>: CartV2 frontend visited.
2018-05-05 18:19:47.9741|INFO|eCom/CartV2/Events|Order CART720: Getting order from Context.Cart: CART720
2018-05-05 18:19:47.9891|INFO|eCom/CartV2/Events|Order CART720: Setting shop id to SHOP1
2018-05-05 18:19:48.0056|INFO|eCom/CartV2/Events|Order CART720: Previous step: 0
2018-05-05 18:19:48.0056|INFO|eCom/CartV2/Events|Order CART720: Order is not complete, next step is the first step: 0
2018-05-05 18:19:48.0056|INFO|eCom/CartV2/Events|Order CART720: Next step: 0
2018-05-05 18:19:48.0488|INFO|eCom/CartV2/Events|Order CART720: Render step: 0
2018-05-05 18:19:48.0488|INFO|eCom/CartV2/Events|Order CART720: Rendering step 0
2018-05-05 18:19:50.8366|INFO|eCom/CartV2/Events|Order <No order>: CartV2 frontend visited.
2018-05-05 18:19:50.8366|INFO|eCom/CartV2/Events|Order CART720: Getting order from Context.Cart: CART720
2018-05-05 18:19:50.8867|INFO|eCom/CartV2/Events|Order CART720: Setting shop id to 
2018-05-05 18:19:50.9762|INFO|eCom/CartV2/Events|Order CART720: Previous step: 0
2018-05-05 18:19:50.9917|INFO|eCom/CartV2/Events|Order CART720: Order is not complete, next step is the first step: 0
2018-05-05 18:19:51.0018|INFO|eCom/CartV2/Events|Order CART720: Next step: 0
2018-05-05 18:19:51.0923|INFO|eCom/CartV2/Events|Order CART720: Render step: 0
2018-05-05 18:19:51.0923|INFO|eCom/CartV2/Events|Order CART720: Rendering step 0
2018-05-05 18:20:02.8008|INFO|eCom/CartV2/Events|Order <No order>: CartV2 frontend visited.
2018-05-05 18:20:02.8008|INFO|eCom/CartV2/Events|Order CART720: Getting order from Context.Cart: CART720
2018-05-05 18:20:02.8143|INFO|eCom/CartV2/Events|Order CART720: Setting shop id to SHOP1
2018-05-05 18:20:02.8408|INFO|eCom/CartV2/Events|Order CART720: Previous step: 0
2018-05-05 18:20:02.8436|INFO|eCom/CartV2/Events|Order CART720: Order is not complete, next step is the first step: 0
2018-05-05 18:20:02.8436|INFO|eCom/CartV2/Events|Order CART720: Next step: 0
2018-05-05 18:20:02.8860|INFO|eCom/CartV2/Events|Order CART720: Render step: 0
2018-05-05 18:20:02.8860|INFO|eCom/CartV2/Events|Order CART720: Rendering step 0
2018-05-05 18:20:05.6359|INFO|eCom/CartV2/Events|Order <No order>: CartV2 frontend visited.
2018-05-05 18:20:05.6359|INFO|eCom/CartV2/Events|Order CART720: Getting order from Context.Cart: CART720
2018-05-05 18:20:05.6870|INFO|eCom/CartV2/Events|Order CART720: Setting shop id to 
2018-05-05 18:20:05.7625|INFO|eCom/CartV2/Events|Order CART720: Previous step: 0
2018-05-05 18:20:05.7670|INFO|eCom/CartV2/Events|Order CART720: Order is not complete, next step is the first step: 0
2018-05-05 18:20:05.7670|INFO|eCom/CartV2/Events|Order CART720: Next step: 0
2018-05-05 18:20:05.8366|INFO|eCom/CartV2/Events|Order CART720: Render step: 0
2018-05-05 18:20:05.8591|INFO|eCom/CartV2/Events|Order CART720: Rendering step 0
2018-05-05 18:20:28.0717|INFO|eCom/CartV2/Events|Order <No order>: CartV2 frontend visited.
2018-05-05 18:20:28.0717|INFO|eCom/CartV2/Events|Order CART720: Getting order from Context.Cart: CART720
2018-05-05 18:20:28.0963|INFO|eCom/CartV2/Events|Order CART720: Setting shop id to SHOP1
2018-05-05 18:20:28.1581|INFO|eCom/CartV2/Events|Order CART720: Previous step: 0
2018-05-05 18:20:28.1581|INFO|eCom/CartV2/Events|Order CART720: Order is not complete, next step is the first step: 0
2018-05-05 18:20:28.1581|INFO|eCom/CartV2/Events|Order CART720: Next step: 0
2018-05-05 18:20:28.2720|INFO|eCom/CartV2/Events|Order CART720: Render step: 0
2018-05-05 18:20:28.2720|INFO|eCom/CartV2/Events|Order CART720: Rendering step 0
2018-05-05 18:20:31.3430|INFO|eCom/CartV2/Events|Order <No order>: CartV2 frontend visited.
2018-05-05 18:20:31.3430|INFO|eCom/CartV2/Events|Order CART720: Getting order from Context.Cart: CART720
2018-05-05 18:20:31.3595|INFO|eCom/CartV2/Events|Order CART720: Setting shop id to 
2018-05-05 18:20:31.4445|INFO|eCom/CartV2/Events|Order CART720: Previous step: 0
2018-05-05 18:20:31.4445|INFO|eCom/CartV2/Events|Order CART720: Order is not complete, next step is the first step: 0
2018-05-05 18:20:31.4531|INFO|eCom/CartV2/Events|Order CART720: Next step: 0
2018-05-05 18:20:31.5671|INFO|eCom/CartV2/Events|Order CART720: Render step: 0
2018-05-05 18:20:31.5671|INFO|eCom/CartV2/Events|Order CART720: Rendering step 0
2018-05-05 18:25:11.4231|INFO|eCom/CartV2/Events|Order <No order>: CartV2 frontend visited.
2018-05-05 18:25:11.4231|INFO|eCom/CartV2/Events|Order CART720: Getting order from Context.Cart: CART720
2018-05-05 18:25:11.4488|INFO|eCom/CartV2/Events|Order CART720: Setting currency code to EUR
2018-05-05 18:25:11.4527|INFO|eCom/CartV2/Events|Order CART720: Setting currency rate to 750
2018-05-05 18:25:11.4527|INFO|eCom/CartV2/Events|Order CART720: Setting currency name to Euro
2018-05-05 18:25:11.4527|INFO|eCom/CartV2/Events|Order CART720: Setting shop id to SHOP1
2018-05-05 18:25:11.5961|INFO|eCom/CartV2/Events|Order CART720: Previous step: 0
2018-05-05 18:25:11.5961|INFO|eCom/CartV2/Events|Order CART720: Order is not complete, next step is the first step: 0
2018-05-05 18:25:11.5961|INFO|eCom/CartV2/Events|Order CART720: Next step: 0
2018-05-05 18:25:11.7517|INFO|eCom/CartV2/Events|Order CART720: Render step: 0
2018-05-05 18:25:11.7517|INFO|eCom/CartV2/Events|Order CART720: Rendering step 0
2018-05-05 18:25:15.1240|INFO|eCom/CartV2/Events|Order <No order>: CartV2 frontend visited.
2018-05-05 18:25:15.1240|INFO|eCom/CartV2/Events|Order CART720: Getting order from Context.Cart: CART720
2018-05-05 18:25:15.1410|INFO|eCom/CartV2/Events|Order CART720: Setting shop id to 
2018-05-05 18:25:15.2161|INFO|eCom/CartV2/Events|Order CART720: Previous step: 0
2018-05-05 18:25:15.2186|INFO|eCom/CartV2/Events|Order CART720: Order is not complete, next step is the first step: 0
2018-05-05 18:25:15.2186|INFO|eCom/CartV2/Events|Order CART720: Next step: 0
2018-05-05 18:25:15.3344|INFO|eCom/CartV2/Events|Order CART720: Render step: 0
2018-05-05 18:25:15.3344|INFO|eCom/CartV2/Events|Order CART720: Rendering step 0
2018-05-05 18:25:46.3896|INFO|eCom/CartV2/Events|Order <No order>: CartV2 frontend visited.
2018-05-05 18:25:46.3896|INFO|eCom/CartV2/Events|Order CART720: Getting order from Context.Cart: CART720
2018-05-05 18:25:46.4221|INFO|eCom/CartV2/Events|Order CART720: Setting shop id to SHOP1
2018-05-05 18:25:46.5107|INFO|eCom/CartV2/Events|Order CART720: Previous step: 0
2018-05-05 18:25:46.5172|INFO|eCom/CartV2/Events|Order CART720: Order is not complete, next step is the first step: 0
2018-05-05 18:25:46.5172|INFO|eCom/CartV2/Events|Order CART720: Next step: 0
2018-05-05 18:25:46.6500|INFO|eCom/CartV2/Events|Order CART720: Render step: 0
2018-05-05 18:25:46.6500|INFO|eCom/CartV2/Events|Order CART720: Rendering step 0
2018-05-05 18:25:46.8668|INFO|eCom/CartV2/Events|Order <No order>: CartV2 frontend visited.
2018-05-05 18:25:46.8668|INFO|eCom/CartV2/Events|Order CART720: Getting order from Context.Cart: CART720
2018-05-05 18:25:46.9383|INFO|eCom/CartV2/Events|Order CART720: Setting shop id to 
2018-05-05 18:25:47.0759|INFO|eCom/CartV2/Events|Order CART720: Previous step: 0
2018-05-05 18:25:47.1425|INFO|eCom/CartV2/Events|Order CART720: Order is not complete, next step is the first step: 0
2018-05-05 18:25:47.1425|INFO|eCom/CartV2/Events|Order CART720: Next step: 0
2018-05-05 18:25:47.4046|INFO|eCom/CartV2/Events|Order CART720: Render step: 0
2018-05-05 18:25:47.4076|INFO|eCom/CartV2/Events|Order CART720: Rendering step 0
2018-05-05 18:25:52.7307|INFO|eCom/CartV2/Events|Order <No order>: CartV2 frontend visited.
2018-05-05 18:25:52.7307|INFO|eCom/CartV2/Events|Order CART720: Getting order from Context.Cart: CART720
2018-05-05 18:25:52.7432|INFO|eCom/CartV2/Events|Order CART720: Setting shop id to SHOP1
2018-05-05 18:25:52.7605|INFO|eCom/CartV2/Events|Order CART720: Previous step: 0
2018-05-05 18:25:52.7605|INFO|eCom/CartV2/Events|Order CART720: Order is not complete, next step is the first step: 0
2018-05-05 18:25:52.7660|INFO|eCom/CartV2/Events|Order CART720: Next step: 0
2018-05-05 18:25:52.8052|INFO|eCom/CartV2/Events|Order CART720: Render step: 0
2018-05-05 18:25:52.8052|INFO|eCom/CartV2/Events|Order CART720: Rendering step 0
2018-05-05 18:25:52.9486|INFO|eCom/CartV2/Events|Order <No order>: CartV2 frontend visited.
2018-05-05 18:25:52.9486|INFO|eCom/CartV2/Events|Order CART720: Getting order from Context.Cart: CART720
2018-05-05 18:25:52.9746|INFO|eCom/CartV2/Events|Order CART720: Setting shop id to 
2018-05-05 18:25:53.0207|INFO|eCom/CartV2/Events|Order CART720: Previous step: 0
2018-05-05 18:25:53.0207|INFO|eCom/CartV2/Events|Order CART720: Order is not complete, next step is the first step: 0
2018-05-05 18:25:53.0207|INFO|eCom/CartV2/Events|Order CART720: Next step: 0
2018-05-05 18:25:53.0797|INFO|eCom/CartV2/Events|Order CART720: Render step: 0
2018-05-05 18:25:53.0797|INFO|eCom/CartV2/Events|Order CART720: Rendering step 0
2018-05-05 18:25:56.7773|INFO|eCom/CartV2/Events|Order <No order>: CartV2 frontend visited.
2018-05-05 18:25:56.7773|INFO|eCom/CartV2/Events|Order CART720: Getting order from Context.Cart: CART720
2018-05-05 18:25:56.7928|INFO|eCom/CartV2/Events|Order CART720: Setting shop id to SHOP1
2018-05-05 18:25:56.8177|INFO|eCom/CartV2/Events|Order CART720: Previous step: 0
2018-05-05 18:25:56.8177|INFO|eCom/CartV2/Events|Order CART720: Order is not complete, next step is the first step: 0
2018-05-05 18:25:56.8177|INFO|eCom/CartV2/Events|Order CART720: Next step: 0
2018-05-05 18:25:56.8744|INFO|eCom/CartV2/Events|Order CART720: Render step: 0
2018-05-05 18:25:56.8744|INFO|eCom/CartV2/Events|Order CART720: Rendering step 0
2018-05-05 18:25:57.1361|INFO|eCom/CartV2/Events|Order <No order>: CartV2 frontend visited.
2018-05-05 18:25:57.1361|INFO|eCom/CartV2/Events|Order CART720: Getting order from Context.Cart: CART720
2018-05-05 18:25:57.2122|INFO|eCom/CartV2/Events|Order CART720: Setting shop id to 
2018-05-05 18:25:57.2747|INFO|eCom/CartV2/Events|Order CART720: Previous step: 0
2018-05-05 18:25:57.2747|INFO|eCom/CartV2/Events|Order CART720: Order is not complete, next step is the first step: 0
2018-05-05 18:25:57.2872|INFO|eCom/CartV2/Events|Order CART720: Next step: 0
2018-05-05 18:25:57.3573|INFO|eCom/CartV2/Events|Order CART720: Render step: 0
2018-05-05 18:25:57.3598|INFO|eCom/CartV2/Events|Order CART720: Rendering step 0
2018-05-05 18:26:22.9072|INFO|eCom/CartV2/Events|Order <No order>: CartV2 frontend visited.
2018-05-05 18:26:22.9072|INFO|eCom/CartV2/Events|Order CART720: Getting order from Context.Cart: CART720
2018-05-05 18:26:22.9211|INFO|eCom/CartV2/Events|Order CART720: Setting shop id to SHOP1
2018-05-05 18:26:22.9388|INFO|eCom/CartV2/Events|Order CART720: Previous step: 0
2018-05-05 18:26:22.9388|INFO|eCom/CartV2/Events|Order CART720: Order is not complete, next step is the first step: 0
2018-05-05 18:26:22.9388|INFO|eCom/CartV2/Events|Order CART720: Next step: 0
2018-05-05 18:26:22.9816|INFO|eCom/CartV2/Events|Order CART720: Render step: 0
2018-05-05 18:26:22.9841|INFO|eCom/CartV2/Events|Order CART720: Rendering step 0
2018-05-05 18:26:23.1231|INFO|eCom/CartV2/Events|Order <No order>: CartV2 frontend visited.
2018-05-05 18:26:23.1251|INFO|eCom/CartV2/Events|Order CART720: Getting order from Context.Cart: CART720
2018-05-05 18:26:23.1537|INFO|eCom/CartV2/Events|Order CART720: Setting shop id to 
2018-05-05 18:26:23.1847|INFO|eCom/CartV2/Events|Order CART720: Previous step: 0
2018-05-05 18:26:23.1882|INFO|eCom/CartV2/Events|Order CART720: Order is not complete, next step is the first step: 0
2018-05-05 18:26:23.1882|INFO|eCom/CartV2/Events|Order CART720: Next step: 0
2018-05-05 18:26:23.2492|INFO|eCom/CartV2/Events|Order CART720: Render step: 0
2018-05-05 18:26:23.2492|INFO|eCom/CartV2/Events|Order CART720: Rendering step 0
2018-05-05 18:26:44.6702|INFO|eCom/CartV2/Events|Order <No order>: CartV2 frontend visited.
2018-05-05 18:26:44.6712|INFO|eCom/CartV2/Events|Order CART720: Getting order from Context.Cart: CART720
2018-05-05 18:26:44.6935|INFO|eCom/CartV2/Events|Order CART720: Setting shop id to SHOP1
2018-05-05 18:26:44.7528|INFO|eCom/CartV2/Events|Order CART720: Previous step: 0
2018-05-05 18:26:44.7528|INFO|eCom/CartV2/Events|Order CART720: Order is not complete, next step is the first step: 0
2018-05-05 18:26:44.7528|INFO|eCom/CartV2/Events|Order CART720: Next step: 0
2018-05-05 18:26:44.7643|INFO|eCom/CartV2/Events|Order CART720: No fields saved to the order
2018-05-05 18:26:44.8857|INFO|eCom/CartV2/Events|Order CART720: Render step: 0
2018-05-05 18:26:44.8896|INFO|eCom/CartV2/Events|Order CART720: Rendering step 0
2018-05-05 18:26:49.7360|INFO|eCom/CartV2/Events|Order <No order>: CartV2 frontend visited.
2018-05-05 18:26:49.7360|INFO|eCom/CartV2/Events|Order CART720: Getting order from Context.Cart: CART720
2018-05-05 18:26:49.7521|INFO|eCom/CartV2/Events|Order CART720: Setting shop id to 
2018-05-05 18:26:49.8025|INFO|eCom/CartV2/Events|Order CART720: Previous step: 0
2018-05-05 18:26:49.8025|INFO|eCom/CartV2/Events|Order CART720: Order is not complete, next step is the first step: 0
2018-05-05 18:26:49.8025|INFO|eCom/CartV2/Events|Order CART720: Next step: 0
2018-05-05 18:26:49.9250|INFO|eCom/CartV2/Events|Order CART720: Render step: 0
2018-05-05 18:26:49.9250|INFO|eCom/CartV2/Events|Order CART720: Rendering step 0
2018-05-05 18:26:50.0831|INFO|eCom/CartV2/Events|Order <No order>: CartV2 frontend visited.
2018-05-05 18:26:50.0831|INFO|eCom/CartV2/Events|Order CART720: Getting order from Context.Cart: CART720
2018-05-05 18:26:50.1337|INFO|eCom/CartV2/Events|Order CART720: Setting shop id to SHOP1
2018-05-05 18:26:50.1737|INFO|eCom/CartV2/Events|Order CART720: Previous step: 0
2018-05-05 18:26:50.1737|INFO|eCom/CartV2/Events|Order CART720: Order is not complete, next step is the first step: 0
2018-05-05 18:26:50.1737|INFO|eCom/CartV2/Events|Order CART720: Next step: 0
2018-05-05 18:26:50.3118|INFO|eCom/CartV2/Events|Order CART720: Render step: 0
2018-05-05 18:26:50.3118|INFO|eCom/CartV2/Events|Order CART720: Rendering step 0
2018-05-05 18:26:59.1599|INFO|eCom/CartV2/Events|Order <No order>: CartV2 frontend visited.
2018-05-05 18:26:59.1599|INFO|eCom/CartV2/Events|Order CART720: Getting order from Context.Cart: CART720
2018-05-05 18:26:59.1738|INFO|eCom/CartV2/Events|Order CART720: Setting shop id to 
2018-05-05 18:26:59.1915|INFO|eCom/CartV2/Events|Order CART720: Previous step: 0
2018-05-05 18:26:59.1915|INFO|eCom/CartV2/Events|Order CART720: Getting next step from submit button: 1
2018-05-05 18:26:59.1915|INFO|eCom/CartV2/Events|Order CART720: Next step: 1
2018-05-05 18:26:59.1915|INFO|eCom/CartV2/Events|Order CART720: Saved 4 fields to the order
2018-05-05 18:26:59.3120|INFO|eCom/CartV2/Events|Order CART720: Validating order price.
2018-05-05 18:26:59.3120|INFO|eCom/CartV2/Events|Order CART720: Going to checkout logic
2018-05-05 18:26:59.3120|INFO|eCom/CartV2/Events|Order CART720: Starting checkout logic
2018-05-05 18:26:59.3120|INFO|eCom/CartV2/Events|Order CART720: Order is kept in context - getting new order id
2018-05-05 18:26:59.3729|INFO|eCom/CartV2/Events|Order ORDER363: Order is kept in context - new order id
2018-05-05 18:26:59.3772|INFO|eCom/CartV2/Events|Order ORDER363: Passing order to checkout handler: Dynamicweb.Ecommerce.Cart.DefaultCheckoutHandler
2018-05-05 18:26:59.6395|INFO|eCom/CartV2/Events|Order ORDER363: Called CheckoutDone (pageID:0)
2018-05-05 18:26:59.6395|INFO|eCom/CartV2/Events|Order ORDER363: Order is complete
2018-05-05 18:26:59.6566|INFO|eCom/CartV2/Events|Order ORDER363: Inside mail loop
2018-05-05 18:26:59.6566|INFO|eCom/CartV2/Events|Order ORDER363: Customer mail
2018-05-05 18:26:59.7209|INFO|eCom/CartV2/Events|Order ORDER363: Redirecting to http://impersonate.dk/Default.aspx?ID=5&CompletedOrderId=ORDER363&CompletedOrderSecret=174275402c06429badeff623fdb22e98
2018-05-05 18:26:59.7524|INFO|eCom/CartV2/Events|Order <No order>: CartV2 frontend visited.
2018-05-05 18:26:59.7524|INFO|eCom/CartV2/Events|Order ORDER363: Removing cart from session
2018-05-05 18:26:59.7670|INFO|eCom/CartV2/Events|Order ORDER363: Getting completed order from url
2018-05-05 18:26:59.7670|INFO|eCom/CartV2/Events|Order ORDER363: Previous step: 0
2018-05-05 18:26:59.7670|INFO|eCom/CartV2/Events|Order ORDER363: Order is complete, next step is the first step after checkout: 2
2018-05-05 18:26:59.7670|INFO|eCom/CartV2/Events|Order ORDER363: Next step: 2
2018-05-05 18:26:59.8860|INFO|eCom/CartV2/Events|Order ORDER363: Render step: 2
2018-05-05 18:26:59.8893|INFO|eCom/CartV2/Events|Order ORDER363: Rendering step 2
2018-05-05 19:28:19.9284|INFO|eCom/CartV2/Events|Order <No order>: CartV2 frontend visited.
2018-05-05 19:28:19.9689|INFO|eCom/CartV2/Events|Order CART721: Getting order from Context.Cart: CART721
2018-05-05 19:28:19.9689|INFO|eCom/CartV2/Events|Order CART721: Setting user details from the user with id 18 and username 'DemoUser'
2018-05-05 19:28:19.9689|INFO|eCom/CartV2/Events|Order CART721: Impersonation type: tag orders with secondary user
2018-05-05 19:28:20.0345|INFO|eCom/CartV2/Events|Order CART721: Setting currency rate to 100
2018-05-05 19:28:20.0345|INFO|eCom/CartV2/Events|Order CART721: Setting currency name to Kroner
2018-05-05 19:28:20.0345|INFO|eCom/CartV2/Events|Order CART721: Setting shop id to SHOP1
2018-05-05 19:28:20.0834|INFO|eCom/CartV2/Events|Order CART721: Previous step: 0
2018-05-05 19:28:20.0834|INFO|eCom/CartV2/Events|Order CART721: Order is not complete, next step is the first step: 0
2018-05-05 19:28:20.0834|INFO|eCom/CartV2/Events|Order CART721: Next step: 0
2018-05-05 19:28:20.0948|INFO|eCom/CartV2/Events|Order CART721: No fields saved to the order
2018-05-05 19:28:20.1738|INFO|eCom/CartV2/Events|Order CART721: Render step: 0
2018-05-05 19:28:20.1738|INFO|eCom/CartV2/Events|Order CART721: Rendering step 0
2018-05-05 19:28:23.9285|INFO|eCom/CartV2/Events|Order <No order>: CartV2 frontend visited.
2018-05-05 19:28:23.9285|INFO|eCom/CartV2/Events|Order CART721: Getting order from Context.Cart: CART721
2018-05-05 19:28:23.9420|INFO|eCom/CartV2/Events|Order CART721: Setting shop id to 
2018-05-05 19:28:23.9860|INFO|eCom/CartV2/Events|Order CART721: Previous step: 0
2018-05-05 19:28:23.9860|INFO|eCom/CartV2/Events|Order CART721: Order is not complete, next step is the first step: 0
2018-05-05 19:28:23.9860|INFO|eCom/CartV2/Events|Order CART721: Next step: 0
2018-05-05 19:28:23.9860|INFO|eCom/CartV2/Events|Order CART721: No fields saved to the order
2018-05-05 19:28:24.1327|INFO|eCom/CartV2/Events|Order CART721: Render step: 0
2018-05-05 19:28:24.1327|INFO|eCom/CartV2/Events|Order CART721: Rendering step 0
2018-05-05 19:28:29.8222|INFO|eCom/CartV2/Events|Order <No order>: CartV2 frontend visited.
2018-05-05 19:28:29.8222|INFO|eCom/CartV2/Events|Order CART721: Getting order from Context.Cart: CART721
2018-05-05 19:28:29.8362|INFO|eCom/CartV2/Events|Order CART721: Setting shop id to SHOP1
2018-05-05 19:28:29.8806|INFO|eCom/CartV2/Events|Order CART721: Previous step: 0
2018-05-05 19:28:29.8806|INFO|eCom/CartV2/Events|Order CART721: Order is not complete, next step is the first step: 0
2018-05-05 19:28:29.8806|INFO|eCom/CartV2/Events|Order CART721: Next step: 0
2018-05-05 19:28:29.8806|INFO|eCom/CartV2/Events|Order CART721: No fields saved to the order
2018-05-05 19:28:30.0033|INFO|eCom/CartV2/Events|Order CART721: Render step: 0
2018-05-05 19:28:30.0033|INFO|eCom/CartV2/Events|Order CART721: Rendering step 0
2018-05-05 19:28:33.7709|INFO|eCom/CartV2/Events|Order <No order>: CartV2 frontend visited.
2018-05-05 19:28:33.7709|INFO|eCom/CartV2/Events|Order CART721: Getting order from Context.Cart: CART721
2018-05-05 19:28:33.7889|INFO|eCom/CartV2/Events|Order CART721: Setting shop id to 
2018-05-05 19:28:33.8064|INFO|eCom/CartV2/Events|Order CART721: Previous step: 0
2018-05-05 19:28:33.8064|INFO|eCom/CartV2/Events|Order CART721: Order is not complete, next step is the first step: 0
2018-05-05 19:28:33.8113|INFO|eCom/CartV2/Events|Order CART721: Next step: 0
2018-05-05 19:28:33.8113|INFO|eCom/CartV2/Events|Order CART721: No fields saved to the order
2018-05-05 19:28:33.8737|INFO|eCom/CartV2/Events|Order CART721: Render step: 0
2018-05-05 19:28:33.8737|INFO|eCom/CartV2/Events|Order CART721: Rendering step 0
2018-05-05 19:28:36.0251|INFO|eCom/CartV2/Events|Order <No order>: CartV2 frontend visited.
2018-05-05 19:28:36.0251|INFO|eCom/CartV2/Events|Order CART721: Getting order from Context.Cart: CART721
2018-05-05 19:28:36.0416|INFO|eCom/CartV2/Events|Order CART721: Setting shop id to SHOP1
2018-05-05 19:28:36.0605|INFO|eCom/CartV2/Events|Order CART721: Previous step: 0
2018-05-05 19:28:36.0625|INFO|eCom/CartV2/Events|Order CART721: Order is not complete, next step is the first step: 0
2018-05-05 19:28:36.0625|INFO|eCom/CartV2/Events|Order CART721: Next step: 0
2018-05-05 19:28:36.0625|INFO|eCom/CartV2/Events|Order CART721: No fields saved to the order
2018-05-05 19:28:36.1739|INFO|eCom/CartV2/Events|Order CART721: Render step: 0
2018-05-05 19:28:36.1739|INFO|eCom/CartV2/Events|Order CART721: Rendering step 0
2018-05-05 19:28:41.9593|INFO|eCom/CartV2/Events|Order <No order>: CartV2 frontend visited.
2018-05-05 19:28:41.9593|INFO|eCom/CartV2/Events|Order CART721: Getting order from Context.Cart: CART721
2018-05-05 19:28:41.9738|INFO|eCom/CartV2/Events|Order CART721: Setting shop id to 
2018-05-05 19:28:41.9923|INFO|eCom/CartV2/Events|Order CART721: Previous step: 0
2018-05-05 19:28:41.9923|INFO|eCom/CartV2/Events|Order CART721: Order is not complete, next step is the first step: 0
2018-05-05 19:28:41.9988|INFO|eCom/CartV2/Events|Order CART721: Next step: 0
2018-05-05 19:28:42.0931|INFO|eCom/CartV2/Events|Order CART721: Render step: 0
2018-05-05 19:28:42.0931|INFO|eCom/CartV2/Events|Order CART721: Rendering step 0
2018-05-05 19:28:42.2790|INFO|eCom/CartV2/Events|Order <No order>: CartV2 frontend visited.
2018-05-05 19:28:42.2810|INFO|eCom/CartV2/Events|Order CART721: Getting order from Context.Cart: CART721
2018-05-05 19:28:42.3021|INFO|eCom/CartV2/Events|Order CART721: Setting shop id to SHOP1
2018-05-05 19:28:42.3351|INFO|eCom/CartV2/Events|Order CART721: Previous step: 0
2018-05-05 19:28:42.3351|INFO|eCom/CartV2/Events|Order CART721: Order is not complete, next step is the first step: 0
2018-05-05 19:28:42.3441|INFO|eCom/CartV2/Events|Order CART721: Next step: 0
2018-05-05 19:28:42.4752|INFO|eCom/CartV2/Events|Order CART721: Render step: 0
2018-05-05 19:28:42.4752|INFO|eCom/CartV2/Events|Order CART721: Rendering step 0
2018-05-05 19:32:55.2042|INFO|eCom/CartV2/Events|Order <No order>: CartV2 frontend visited.
2018-05-05 19:32:55.2042|INFO|eCom/CartV2/Events|Order CART721: Getting order from Context.Cart: CART721
2018-05-05 19:32:55.2271|INFO|eCom/CartV2/Events|Order CART721: Setting shop id to 
2018-05-05 19:32:55.2752|INFO|eCom/CartV2/Events|Order CART721: Previous step: 0
2018-05-05 19:32:55.2802|INFO|eCom/CartV2/Events|Order CART721: Order is not complete, next step is the first step: 0
2018-05-05 19:32:55.2802|INFO|eCom/CartV2/Events|Order CART721: Next step: 0
2018-05-05 19:32:55.2802|INFO|eCom/CartV2/Events|Order CART721: No fields saved to the order
2018-05-05 19:32:55.4407|INFO|eCom/CartV2/Events|Order CART721: Render step: 0
2018-05-05 19:32:55.4407|INFO|eCom/CartV2/Events|Order CART721: Rendering step 0
2018-05-05 19:32:58.9501|INFO|eCom/CartV2/Events|Order <No order>: CartV2 frontend visited.
2018-05-05 19:32:58.9501|INFO|eCom/CartV2/Events|Order CART721: Getting order from Context.Cart: CART721
2018-05-05 19:32:58.9724|INFO|eCom/CartV2/Events|Order CART721: Setting shop id to SHOP1
2018-05-05 19:32:59.0355|INFO|eCom/CartV2/Events|Order CART721: Previous step: 0
2018-05-05 19:32:59.0355|INFO|eCom/CartV2/Events|Order CART721: Order is not complete, next step is the first step: 0
2018-05-05 19:32:59.0355|INFO|eCom/CartV2/Events|Order CART721: Next step: 0
2018-05-05 19:32:59.1813|INFO|eCom/CartV2/Events|Order CART721: Render step: 0
2018-05-05 19:32:59.1863|INFO|eCom/CartV2/Events|Order CART721: Rendering step 0
2018-05-05 19:32:59.3709|INFO|eCom/CartV2/Events|Order <No order>: CartV2 frontend visited.
2018-05-05 19:32:59.3709|INFO|eCom/CartV2/Events|Order CART721: Getting order from Context.Cart: CART721
2018-05-05 19:32:59.4014|INFO|eCom/CartV2/Events|Order CART721: Setting shop id to 
2018-05-05 19:32:59.5440|INFO|eCom/CartV2/Events|Order CART721: Previous step: 0
2018-05-05 19:32:59.5470|INFO|eCom/CartV2/Events|Order CART721: Order is not complete, next step is the first step: 0
2018-05-05 19:32:59.5470|INFO|eCom/CartV2/Events|Order CART721: Next step: 0
2018-05-05 19:32:59.7306|INFO|eCom/CartV2/Events|Order CART721: Render step: 0
2018-05-05 19:32:59.7336|INFO|eCom/CartV2/Events|Order CART721: Rendering step 0
2018-05-05 19:35:22.1256|INFO|eCom/CartV2/Events|Order <No order>: CartV2 frontend visited.
2018-05-05 19:35:22.1256|INFO|eCom/CartV2/Events|Order CART721: Getting order from Context.Cart: CART721
2018-05-05 19:35:22.1491|INFO|eCom/CartV2/Events|Order CART721: Setting shop id to SHOP1
2018-05-05 19:35:22.2004|INFO|eCom/CartV2/Events|Order CART721: Previous step: 0
2018-05-05 19:35:22.2127|INFO|eCom/CartV2/Events|Order CART721: Order is not complete, next step is the first step: 0
2018-05-05 19:35:22.2297|INFO|eCom/CartV2/Events|Order CART721: Next step: 0
2018-05-05 19:35:22.2337|INFO|eCom/CartV2/Events|Order CART721: No fields saved to the order
2018-05-05 19:35:22.4006|INFO|eCom/CartV2/Events|Order CART721: Render step: 0
2018-05-05 19:35:22.4050|INFO|eCom/CartV2/Events|Order CART721: Rendering step 0
2018-05-05 19:35:26.4941|INFO|eCom/CartV2/Events|Order <No order>: CartV2 frontend visited.
2018-05-05 19:35:26.4941|INFO|eCom/CartV2/Events|Order CART721: Getting order from Context.Cart: CART721
2018-05-05 19:35:26.5129|INFO|eCom/CartV2/Events|Order CART721: Setting shop id to 
2018-05-05 19:35:26.5703|INFO|eCom/CartV2/Events|Order CART721: Previous step: 0
2018-05-05 19:35:26.5703|INFO|eCom/CartV2/Events|Order CART721: Order is not complete, next step is the first step: 0
2018-05-05 19:35:26.5772|INFO|eCom/CartV2/Events|Order CART721: Next step: 0
2018-05-05 19:35:26.7039|INFO|eCom/CartV2/Events|Order CART721: Render step: 0
2018-05-05 19:35:26.7039|INFO|eCom/CartV2/Events|Order CART721: Rendering step 0
2018-05-05 19:35:26.8853|INFO|eCom/CartV2/Events|Order <No order>: CartV2 frontend visited.
2018-05-05 19:35:26.8853|INFO|eCom/CartV2/Events|Order CART721: Getting order from Context.Cart: CART721
2018-05-05 19:35:26.9334|INFO|eCom/CartV2/Events|Order CART721: Setting shop id to SHOP1
2018-05-05 19:35:27.0389|INFO|eCom/CartV2/Events|Order CART721: Previous step: 0
2018-05-05 19:35:27.0389|INFO|eCom/CartV2/Events|Order CART721: Order is not complete, next step is the first step: 0
2018-05-05 19:35:27.0389|INFO|eCom/CartV2/Events|Order CART721: Next step: 0
2018-05-05 19:35:27.2271|INFO|eCom/CartV2/Events|Order CART721: Render step: 0
2018-05-05 19:35:27.2271|INFO|eCom/CartV2/Events|Order CART721: Rendering step 0
2018-05-05 19:36:12.2427|INFO|eCom/CartV2/Events|Order <No order>: CartV2 frontend visited.
2018-05-05 19:36:12.2427|INFO|eCom/CartV2/Events|Order CART721: Getting order from Context.Cart: CART721
2018-05-05 19:36:12.2678|INFO|eCom/CartV2/Events|Order CART721: Setting shop id to 
2018-05-05 19:36:12.3148|INFO|eCom/CartV2/Events|Order CART721: Previous step: 0
2018-05-05 19:36:12.3148|INFO|eCom/CartV2/Events|Order CART721: Order is not complete, next step is the first step: 0
2018-05-05 19:36:12.3148|INFO|eCom/CartV2/Events|Order CART721: Next step: 0
2018-05-05 19:36:12.3267|INFO|eCom/CartV2/Events|Order CART721: No fields saved to the order
2018-05-05 19:36:12.4832|INFO|eCom/CartV2/Events|Order CART721: Render step: 0
2018-05-05 19:36:12.4832|INFO|eCom/CartV2/Events|Order CART721: Rendering step 0
2018-05-05 19:36:19.6225|INFO|eCom/CartV2/Events|Order <No order>: CartV2 frontend visited.
2018-05-05 19:36:19.6225|INFO|eCom/CartV2/Events|Order CART721: Getting order from Context.Cart: CART721
2018-05-05 19:36:19.6420|INFO|eCom/CartV2/Events|Order CART721: Setting shop id to SHOP1
2018-05-05 19:36:19.7034|INFO|eCom/CartV2/Events|Order CART721: Previous step: 0
2018-05-05 19:36:19.7034|INFO|eCom/CartV2/Events|Order CART721: Order is not complete, next step is the first step: 0
2018-05-05 19:36:19.7034|INFO|eCom/CartV2/Events|Order CART721: Next step: 0
2018-05-05 19:36:19.8059|INFO|eCom/CartV2/Events|Order CART721: Render step: 0
2018-05-05 19:36:19.8059|INFO|eCom/CartV2/Events|Order CART721: Rendering step 0
2018-05-05 19:36:19.9819|INFO|eCom/CartV2/Events|Order <No order>: CartV2 frontend visited.
2018-05-05 19:36:19.9849|INFO|eCom/CartV2/Events|Order CART721: Getting order from Context.Cart: CART721
2018-05-05 19:36:20.0420|INFO|eCom/CartV2/Events|Order CART721: Setting shop id to 
2018-05-05 19:36:20.1416|INFO|eCom/CartV2/Events|Order CART721: Previous step: 0
2018-05-05 19:36:20.1416|INFO|eCom/CartV2/Events|Order CART721: Order is not complete, next step is the first step: 0
2018-05-05 19:36:20.1416|INFO|eCom/CartV2/Events|Order CART721: Next step: 0
2018-05-05 19:36:20.3277|INFO|eCom/CartV2/Events|Order CART721: Render step: 0
2018-05-05 19:36:20.3277|INFO|eCom/CartV2/Events|Order CART721: Rendering step 0
2018-05-05 19:38:45.8983|INFO|eCom/CartV2/Events|Order <No order>: CartV2 frontend visited.
2018-05-05 19:38:45.8983|INFO|eCom/CartV2/Events|Order CART721: Getting order from Context.Cart: CART721
2018-05-05 19:38:45.9253|INFO|eCom/CartV2/Events|Order CART721: Setting shop id to SHOP1
2018-05-05 19:38:45.9887|INFO|eCom/CartV2/Events|Order CART721: Previous step: 0
2018-05-05 19:38:45.9887|INFO|eCom/CartV2/Events|Order CART721: Order is not complete, next step is the first step: 0
2018-05-05 19:38:45.9887|INFO|eCom/CartV2/Events|Order CART721: Next step: 0
2018-05-05 19:38:46.1253|INFO|eCom/CartV2/Events|Order CART721: Render step: 0
2018-05-05 19:38:46.1253|INFO|eCom/CartV2/Events|Order CART721: Rendering step 0
2018-05-05 19:38:48.9500|INFO|eCom/CartV2/Events|Order <No order>: CartV2 frontend visited.
2018-05-05 19:38:48.9500|INFO|eCom/CartV2/Events|Order CART721: Getting order from Context.Cart: CART721
2018-05-05 19:38:48.9830|INFO|eCom/CartV2/Events|Order CART721: Setting shop id to 
2018-05-05 19:38:49.1286|INFO|eCom/CartV2/Events|Order CART721: Previous step: 0
2018-05-05 19:38:49.1286|INFO|eCom/CartV2/Events|Order CART721: Order is not complete, next step is the first step: 0
2018-05-05 19:38:49.1436|INFO|eCom/CartV2/Events|Order CART721: Next step: 0
2018-05-05 19:38:49.4919|INFO|eCom/CartV2/Events|Order CART721: Render step: 0
2018-05-05 19:38:49.4919|INFO|eCom/CartV2/Events|Order CART721: Rendering step 0
