2018-05-02 17:44:44.955: Running.
2018-05-02 17:44:44.955: Fetching build definition.
2018-05-02 17:44:44.955: Fetched build definition. 'Dynamicweb.Ecommerce.Indexing.ProductIndexBuilder'.
2018-05-02 17:44:44.963: Creating index writer.
2018-05-02 17:44:44.963: Created index writer: 'Dynamicweb.Indexing.Lucene.LuceneIndexWriter'.
2018-05-02 17:44:44.963: Starting build process.
2018-05-02 17:44:44.963: Dynamicweb.Ecommerce.Indexing.ProductIndexBuilder building using Dynamicweb.Indexing.Lucene.LuceneIndexWriter... Action: 'Full', Resume: 'False'
2018-05-02 17:44:44.963: Opening index writer.
2018-05-02 17:44:44.963: Opened index writer to overwrite index
2018-05-02 17:44:44.963: Opening database connection.
2018-05-02 17:44:44.963: BulkSize: '500'
2018-05-02 17:44:44.975: MaxProductsToIndex: '2147483647'
2018-05-02 17:44:44.975: OnlyIndexActiveProducts: 'False'
2018-05-02 17:44:44.975: SkipGrouping: 'False'
2018-05-02 17:44:44.975: SkipRelatedProducts: 'False'
2018-05-02 17:44:44.975: SkipExtenders: 'False'
2018-05-02 17:44:44.975: SkipAllExtendedFields: 'False'
2018-05-02 17:44:44.975: SkipCategoryFields: 'False'
2018-05-02 17:44:44.975: HandleInheritedCategoryValues: 'False'
2018-05-02 17:44:44.975: DoNotStoreDefaultFields: 'False'
2018-05-02 17:44:44.975: DoNotAnalyzeDefaultFields: 'False'
2018-05-02 17:44:44.975: EmptyStringReplacement: ''
2018-05-02 17:44:44.975: SkipImages: 'False'
2018-05-02 17:44:44.975: ShopsToIndex: ''
2018-05-02 17:44:44.991: Loading product group relation information.
2018-05-02 17:44:44.991: Loaded product group relation information.
2018-05-02 17:44:44.991: Loading group relation information.
2018-05-02 17:44:44.991: Loaded group relation information.
2018-05-02 17:44:44.991: Loading product group relation information.
2018-05-02 17:44:44.991: Loaded product group relation information.
2018-05-02 17:44:44.991: Loading product groups.
2018-05-02 17:44:44.991: Loaded product groups.
2018-05-02 17:44:44.991: Loading campaign information.
2018-05-02 17:44:44.991: Loaded campaign information.
2018-05-02 17:44:45.007: Loading variant information.
2018-05-02 17:44:45.007: Loaded variant information.
2018-05-02 17:44:45.007: Loaded extended variant counts.
2018-05-02 17:44:45.007: Loaded manufacturers.
2018-05-02 17:44:45.007: Loaded assortments.
2018-05-02 17:44:45.023: Loaded customFields.
2018-05-02 17:44:45.023: Loaded CategoriesValues.
2018-05-02 17:44:45.023: Loaded StockLocations.
2018-05-02 17:44:45.023: Loaded StockLocationStockStatuses.
2018-05-02 17:44:45.023: Loaded shop and default images.
2018-05-02 17:44:45.039: Loaded Favorite Lists.
2018-05-02 17:44:45.039: Loading product relations information.
2018-05-02 17:44:45.039: Loaded product relations information.
2018-05-02 17:44:45.039: Starting processing products.
2018-05-02 17:44:45.847: Completed processing products.
2018-05-02 17:44:45.847: Closing index writer.
2018-05-02 17:44:45.887: Closed index writer.
2018-05-02 17:44:45.887: Ended build process.
2018-05-02 17:44:45.887: Completed (399 / 399).
