2018-05-02 17:28:54.6842|ERROR|Licensing|Installation:GetInstallationXml SolutionStatistics
System.Data.SqlClient.SqlException (0x80131904): Cannot open database "impersonate" requested by the login. The login failed.
Login failed for user 'sa'.
   at System.Data.ProviderBase.DbConnectionPool.TryGetConnection(DbConnection owningObject, UInt32 waitForMultipleObjectsTimeout, Boolean allowCreate, Boolean onlyOneCheckConnection, DbConnectionOptions userOptions, DbConnectionInternal& connection)
   at System.Data.ProviderBase.DbConnectionPool.TryGetConnection(DbConnection owningObject, TaskCompletionSource`1 retry, DbConnectionOptions userOptions, DbConnectionInternal& connection)
   at System.Data.ProviderBase.DbConnectionFactory.TryGetConnection(DbConnection owningConnection, TaskCompletionSource`1 retry, DbConnectionOptions userOptions, DbConnectionInternal oldConnection, DbConnectionInternal& connection)
   at System.Data.ProviderBase.DbConnectionInternal.TryOpenConnectionInternal(DbConnection outerConnection, DbConnectionFactory connectionFactory, TaskCompletionSource`1 retry, DbConnectionOptions userOptions)
   at System.Data.SqlClient.SqlConnection.TryOpenInner(TaskCompletionSource`1 retry)
   at System.Data.SqlClient.SqlConnection.TryOpen(TaskCompletionSource`1 retry)
   at System.Data.SqlClient.SqlConnection.Open()
   at Dynamicweb.Data.DatabaseConnectionProvider.CreateConnection()
   at Dynamicweb.Data.Database.CreateConnection()
   at Dynamicweb.Data.Database.CreateDataReader(CommandBuilder commandBuilder, IDbConnection connection, IDbTransaction transaction, Int32 commandTimeout)
   at Dynamicweb.Content.Management.SolutionStatistics.get_MaxNumberOfVisits()
   at Dynamicweb.Content.Management.Installation.GetInstallationXml()
ClientConnectionId:4ffcbc2c-fd5d-4c2d-8aae-460c665bde8c
Error Number:4060,State:1,Class:11
2018-05-02 17:28:54.6842|ERROR|Licensing|Installation:GetInstallationXml SolutionStatistics 2
System.Data.SqlClient.SqlException (0x80131904): Cannot open database "impersonate" requested by the login. The login failed.
Login failed for user 'sa'.
   at System.Data.ProviderBase.DbConnectionPool.TryGetConnection(DbConnection owningObject, UInt32 waitForMultipleObjectsTimeout, Boolean allowCreate, Boolean onlyOneCheckConnection, DbConnectionOptions userOptions, DbConnectionInternal& connection)
   at System.Data.ProviderBase.DbConnectionPool.TryGetConnection(DbConnection owningObject, TaskCompletionSource`1 retry, DbConnectionOptions userOptions, DbConnectionInternal& connection)
   at System.Data.ProviderBase.DbConnectionFactory.TryGetConnection(DbConnection owningConnection, TaskCompletionSource`1 retry, DbConnectionOptions userOptions, DbConnectionInternal oldConnection, DbConnectionInternal& connection)
   at System.Data.ProviderBase.DbConnectionInternal.TryOpenConnectionInternal(DbConnection outerConnection, DbConnectionFactory connectionFactory, TaskCompletionSource`1 retry, DbConnectionOptions userOptions)
   at System.Data.SqlClient.SqlConnection.TryOpenInner(TaskCompletionSource`1 retry)
   at System.Data.SqlClient.SqlConnection.TryOpen(TaskCompletionSource`1 retry)
   at System.Data.SqlClient.SqlConnection.Open()
   at Dynamicweb.Data.DatabaseConnectionProvider.CreateConnection()
   at Dynamicweb.Data.Database.CreateConnection()
   at Dynamicweb.Data.Database.CreateDataReader(CommandBuilder commandBuilder, IDbConnection connection, IDbTransaction transaction, Int32 commandTimeout)
   at Dynamicweb.Content.Management.SolutionStatistics.get_InstalledModules()
   at Dynamicweb.Content.Management.Installation.GetInstallationXml()
ClientConnectionId:4ffcbc2c-fd5d-4c2d-8aae-460c665bde8c
Error Number:4060,State:1,Class:11
