2018-05-02 17:28:41.5630|ERROR|Licensing|Installation:GetInstallationXml SolutionStatistics
System.Data.SqlClient.SqlException (0x80131904): Login failed for user ''.
   at System.Data.ProviderBase.DbConnectionPool.TryGetConnection(DbConnection owningObject, UInt32 waitForMultipleObjectsTimeout, Boolean allowCreate, Boolean onlyOneCheckConnection, DbConnectionOptions userOptions, DbConnectionInternal& connection)
   at System.Data.ProviderBase.DbConnectionPool.TryGetConnection(DbConnection owningObject, TaskCompletionSource`1 retry, DbConnectionOptions userOptions, DbConnectionInternal& connection)
   at System.Data.ProviderBase.DbConnectionFactory.TryGetConnection(DbConnection owningConnection, TaskCompletionSource`1 retry, DbConnectionOptions userOptions, DbConnectionInternal oldConnection, DbConnectionInternal& connection)
   at System.Data.ProviderBase.DbConnectionInternal.TryOpenConnectionInternal(DbConnection outerConnection, DbConnectionFactory connectionFactory, TaskCompletionSource`1 retry, DbConnectionOptions userOptions)
   at System.Data.SqlClient.SqlConnection.TryOpenInner(TaskCompletionSource`1 retry)
   at System.Data.SqlClient.SqlConnection.TryOpen(TaskCompletionSource`1 retry)
   at System.Data.SqlClient.SqlConnection.Open()
   at Dynamicweb.Data.DatabaseConnectionProvider.CreateConnection()
   at Dynamicweb.Data.Database.CreateConnection()
   at Dynamicweb.Data.Database.CreateDataReader(CommandBuilder commandBuilder, IDbConnection connection, IDbTransaction transaction, Int32 commandTimeout)
   at Dynamicweb.Content.Management.SolutionStatistics.get_MaxNumberOfVisits()
   at Dynamicweb.Content.Management.Installation.GetInstallationXml()
ClientConnectionId:a801b7cc-15b0-4d15-83ba-d2c95cdc8cf9
Error Number:18456,State:1,Class:14
2018-05-02 17:28:41.5710|ERROR|Licensing|Installation:GetInstallationXml SolutionStatistics 2
System.Data.SqlClient.SqlException (0x80131904): Login failed for user ''.
   at System.Data.ProviderBase.DbConnectionPool.TryGetConnection(DbConnection owningObject, UInt32 waitForMultipleObjectsTimeout, Boolean allowCreate, Boolean onlyOneCheckConnection, DbConnectionOptions userOptions, DbConnectionInternal& connection)
   at System.Data.ProviderBase.DbConnectionPool.TryGetConnection(DbConnection owningObject, TaskCompletionSource`1 retry, DbConnectionOptions userOptions, DbConnectionInternal& connection)
   at System.Data.ProviderBase.DbConnectionFactory.TryGetConnection(DbConnection owningConnection, TaskCompletionSource`1 retry, DbConnectionOptions userOptions, DbConnectionInternal oldConnection, DbConnectionInternal& connection)
   at System.Data.ProviderBase.DbConnectionInternal.TryOpenConnectionInternal(DbConnection outerConnection, DbConnectionFactory connectionFactory, TaskCompletionSource`1 retry, DbConnectionOptions userOptions)
   at System.Data.SqlClient.SqlConnection.TryOpenInner(TaskCompletionSource`1 retry)
   at System.Data.SqlClient.SqlConnection.TryOpen(TaskCompletionSource`1 retry)
   at System.Data.SqlClient.SqlConnection.Open()
   at Dynamicweb.Data.DatabaseConnectionProvider.CreateConnection()
   at Dynamicweb.Data.Database.CreateConnection()
   at Dynamicweb.Data.Database.CreateDataReader(CommandBuilder commandBuilder, IDbConnection connection, IDbTransaction transaction, Int32 commandTimeout)
   at Dynamicweb.Content.Management.SolutionStatistics.get_InstalledModules()
   at Dynamicweb.Content.Management.Installation.GetInstallationXml()
ClientConnectionId:a801b7cc-15b0-4d15-83ba-d2c95cdc8cf9
Error Number:18456,State:1,Class:14
