2018-05-05 20:46:23.1732|ERROR|Templates|Error compiling razor template
RazorEngine.Templating.TemplateCompilationException: Unable to compile template. 'Dynamicweb.Rendering.RazorTemplateModel<Dynamicweb.Rendering.Template>' does not contain a definition for 'Area' and no extension method 'Area' accepting a first argument of type 'Dynamicweb.Rendering.RazorTemplateModel<Dynamicweb.Rendering.Template>' could be found (are you missing a using directive or an assembly reference?)

Other compilation errors may have occurred. Check the Errors property for more information.
   at RazorEngine.Compilation.DirectCompilerServiceBase.CompileType(TypeContext context)
   at RazorEngine.Templating.TemplateService.CreateTemplateType(String razorTemplate, Type modelType)
   at RazorEngine.Templating.TemplateService.GetTemplate[T](String razorTemplate, Object model, String cacheName)
   at RazorEngine.Templating.TemplateService.GetTemplate(String razorTemplate, Object model, String cacheName)
   at RazorEngine.Templating.TemplateService.Parse(String razorTemplate, Object model, DynamicViewBag viewBag, String cacheName)
   at RazorEngine.Razor.Parse[T](String razorTemplate, T model, String cacheName)
   at Dynamicweb.Rendering.Template.RenderRazorTemplate()
Error compiling template "Designs/Rapido/eCom/Productlist/ProductsRender.cshtml"
Line 882: 'Dynamicweb.Rendering.RazorTemplateModel<Dynamicweb.Rendering.Template>' does not contain a definition for 'Area' and no extension method 'Area' accepting a first argument of type 'Dynamicweb.Rendering.RazorTemplateModel<Dynamicweb.Rendering.Template>' could be found (are you missing a using directive or an assembly reference?)
<hr/>
<div class='template-code'>
<span class='line-number'>  1</span>	@inherits Dynamicweb.Rendering.RazorTemplateBase&lt;Dynamicweb.Rendering.RazorTemplateModel&lt;Dynamicweb.Rendering.Template&gt;&gt;
<span class='line-number'>  2</span>	@using Dynamicweb.Frontend.Devices
<span class='line-number'>  3</span>	@using Dynamicweb.Extensibility
<span class='line-number'>  4</span>	@using Dynamicweb.Content
<span class='line-number'>  5</span>	@using Dynamicweb.Core
<span class='line-number'>  6</span>	@using System
<span class='line-number'>  7</span>	@using System.Web
<span class='line-number'>  8</span>	@using System.Linq
<span class='line-number'>  9</span>	@using System.Text.RegularExpressions
<span class='line-number'> 10</span>	
<span class='line-number'> 11</span>	
<span class='line-number'> 12</span>	@{
<span class='line-number'> 13</span>	    int areaId = Int32.Parse(GetGlobalValue(&quot;Global:Area.ID&quot;));
<span class='line-number'> 14</span>	    int productCatalogId = GetPageIdByNavigationTag(&quot;ProductsFeed&quot;);
<span class='line-number'> 15</span>	
<span class='line-number'> 16</span>	    bool isFavoriteList = Int32.Parse(GetGlobalValue(&quot;Global:Page.ID&quot;)) == GetPageIdByNavigationTag(&quot;CustomerFavoritesProductlist&quot;) ? true : false;
<span class='line-number'> 17</span>	    if (isFavoriteList)
<span class='line-number'> 18</span>	    {
<span class='line-number'> 19</span>	        productCatalogId = GetPageIdByNavigationTag(&quot;FavoritesFeed&quot;);
<span class='line-number'> 20</span>	    }
<span class='line-number'> 21</span>	
<span class='line-number'> 22</span>	    string pageUrl = GetGlobalValue(&quot;Global:Pageview.Url.Raw&quot;);
<span class='line-number'> 23</span>	    string feedPageUrl = new Regex(&quot;([?&amp;]ID)=[^?&amp;]+&quot;).Replace(pageUrl, &quot;?ID=&quot; + productCatalogId);
<span class='line-number'> 24</span>	    string feedFullUrl = feedPageUrl + &quot;&amp;feedType=productCatalog&quot;;
<span class='line-number'> 25</span>	
<span class='line-number'> 26</span>	    string requestQuery = GetGlobalValue(&quot;Global:Request.Query&quot;);
<span class='line-number'> 27</span>	
<span class='line-number'> 28</span>	    string closeFacetsOnMobile = Pageview.Device.ToString() != &quot;Mobile&quot; ? &quot;checked&quot; : &quot;&quot;;
<span class='line-number'> 29</span>	
<span class='line-number'> 30</span>	    int listViewsCount = 0;
<span class='line-number'> 31</span>	    listViewsCount += Converter.ToBoolean(Pageview.Area.Item[&quot;ProductItemContainer&quot;]) ? 1 : 0;
<span class='line-number'> 32</span>	    listViewsCount += Converter.ToBoolean(Pageview.Area.Item[&quot;ProductGridItemContainer&quot;]) ? 1 : 0;
<span class='line-number'> 33</span>	    listViewsCount += Converter.ToBoolean(Pageview.Area.Item[&quot;ProductDetailsItemContainer&quot;]) ? 1 : 0;
<span class='line-number'> 34</span>	
<span class='line-number'> 35</span>	    string listMode = Pageview.Area.Item[&quot;ProductDefaultListView&quot;].ToString();
<span class='line-number'> 36</span>	    int productSearchPageId = GetPageIdByNavigationTag(&quot;ProductSearchFeed&quot;);
<span class='line-number'> 37</span>	    int productsPageId = GetPageIdByNavigationTag(&quot;ProductsPage&quot;);
<span class='line-number'> 38</span>	    string searchPlaceholder = Translate(&quot;Search products&quot;, &quot;Search products&quot;);
<span class='line-number'> 39</span>	    string searchValue = HttpContext.Current.Request.QueryString.Get(&quot;Search&quot;) != null ? HttpContext.Current.Request.QueryString.Get(&quot;Search&quot;) : &quot;&quot;;   
<span class='line-number'> 40</span>	} 
<span class='line-number'> 41</span>	
<span class='line-number'> 42</span>	&lt;form name=&quot;multiForm&quot; id=&quot;multiForm&quot; method=&quot;post&quot;&gt;
<span class='line-number'> 43</span>	    &lt;input type=&quot;hidden&quot; name=&quot;CartCmd&quot; id=&quot;CartCmd&quot; value=&quot;addMulti&quot; /&gt;
<span class='line-number'> 44</span>	    &lt;div class=&quot;paragraph-container__grid--bleed-x paragraph-container__grid--bleed-y&quot;&gt;
<span class='line-number'> 45</span>	        &lt;div class=&quot;grid grid--align-content-start js-ajax-container&quot; id=&quot;productList&quot; data-template=&quot;ProductContainer&quot; data-pre-render-template=&quot;ProductPreRenderContainer&quot; data-json-feed=&quot;@feedFullUrl&quot; data-no-result-template=&quot;NoProductsFound&quot; data-preloader=&quot;overlay&quot;&gt;&lt;/div&gt;
<span class='line-number'> 46</span>	    &lt;/div&gt;
<span class='line-number'> 47</span>	&lt;/form&gt;
<span class='line-number'> 48</span>	
<span class='line-number'> 49</span>	&lt;script id=&quot;ProductPreRenderContainer&quot; type=&quot;text/x-template&quot;&gt;                                                   
<span class='line-number'> 50</span>	    &lt;div class=&quot;grid__col-12&quot;&gt;
<span class='line-number'> 51</span>	        &lt;div class=&quot;pre-render-element pre-render-element--xxs&quot;&gt;&lt;/div&gt;
<span class='line-number'> 52</span>	    &lt;/div&gt;
<span class='line-number'> 53</span>	    &lt;div class=&quot;grid__col-12&quot;&gt;
<span class='line-number'> 54</span>	        &lt;div class=&quot;pre-render-element pre-render-element--xs&quot;&gt;&lt;/div&gt;
<span class='line-number'> 55</span>	    &lt;/div&gt;
<span class='line-number'> 56</span>	    @if (Pageview.Area.Item[&quot;EcommerceFacetsViewMode&quot;].ToString() == &quot;left&quot; &amp;&amp; Pageview.Device.ToString() != &quot;Mobile&quot;)
<span class='line-number'> 57</span>	    {
<span class='line-number'> 58</span>	    &lt;div class=&quot;grid__col-3&quot;&gt;
<span class='line-number'> 59</span>	        &lt;div class=&quot;pre-render-element pre-render-element--xs&quot;&gt;&lt;/div&gt;
<span class='line-number'> 60</span>	        &lt;div class=&quot;pre-render-element pre-render-element--md&quot;&gt;&lt;/div&gt;
<span class='line-number'> 61</span>	        &lt;div class=&quot;pre-render-element pre-render-element--md&quot;&gt;&lt;/div&gt;
<span class='line-number'> 62</span>	        &lt;div class=&quot;pre-render-element pre-render-element--md&quot;&gt;&lt;/div&gt;
<span class='line-number'> 63</span>	    &lt;/div&gt;
<span class='line-number'> 64</span>	    }
<span class='line-number'> 65</span>	    &lt;div class=&quot;grid__col-auto&quot;&gt;
<span class='line-number'> 66</span>	        &lt;div class=&quot;pre-render-element pre-render-element--xs&quot;&gt;&lt;/div&gt;
<span class='line-number'> 67</span>	        &lt;div class=&quot;pre-render-element pre-render-element--lg&quot;&gt;&lt;/div&gt;
<span class='line-number'> 68</span>	        &lt;div class=&quot;pre-render-element pre-render-element--lg&quot;&gt;&lt;/div&gt;
<span class='line-number'> 69</span>	        &lt;div class=&quot;pre-render-element pre-render-element--lg&quot;&gt;&lt;/div&gt;
<span class='line-number'> 70</span>	        &lt;div class=&quot;pre-render-element pre-render-element--lg&quot;&gt;&lt;/div&gt;
<span class='line-number'> 71</span>	    &lt;/div&gt;
<span class='line-number'> 72</span>	&lt;/script&gt;
<span class='line-number'> 73</span>	
<span class='line-number'> 74</span>	&lt;script id=&quot;ProductContainer&quot; type=&quot;text/x-template&quot;&gt;
<span class='line-number'> 75</span>	    @if (Pageview.Area.Item[&quot;EcommerceFacetsViewMode&quot;].ToString() == &quot;top&quot; || Pageview.Device.ToString() == &quot;Mobile&quot;)
<span class='line-number'> 76</span>	    {
<span class='line-number'> 77</span>	  
<span class='line-number'> 78</span>	    }
<span class='line-number'> 79</span>	
<span class='line-number'> 80</span>	    @if (Pageview.Area.Item[&quot;EcommerceFacetsViewMode&quot;].ToString() == &quot;left&quot; &amp;&amp; Pageview.Device.ToString() != &quot;Mobile&quot;)
<span class='line-number'> 81</span>	    {
<span class='line-number'> 82</span>	    &lt;div class=&quot;grid__col-3&quot;&gt;
<span class='line-number'> 83</span>	        &lt;h2&gt;@Translate(&quot;Filters&quot;)&lt;/h2&gt;
<span class='line-number'> 84</span>	        &lt;input type=&quot;checkbox&quot; id=&quot;CheckFacetGroups&quot; class=&quot;facets-container-trigger&quot; /&gt;
<span class='line-number'> 85</span>	        &lt;div id=&quot;FacetGroups&quot; class=&quot;facets-container&quot; data-template=&quot;facetGroup&quot;&gt;&lt;/div&gt;
<span class='line-number'> 86</span>	        &lt;label for=&quot;CheckFacetGroups&quot; class=&quot;btn btn--primary btn--full dw-mod facet-selector more&quot;&gt;@Translate(&quot;Select filters&quot;)&lt;/label&gt;
<span class='line-number'> 87</span>	        &lt;label for=&quot;CheckFacetGroups&quot; class=&quot;btn btn--primary btn--full dw-mod facet-selector less&quot;&gt;@Translate(&quot;Close filters&quot;)&lt;/label&gt;
<span class='line-number'> 88</span>	    &lt;/div&gt;
<span class='line-number'> 89</span>	    }
<span class='line-number'> 90</span>	
<span class='line-number'> 91</span>	    &lt;div class=&quot;grid__col-auto grid__col--bleed-x&quot;&gt;
<span class='line-number'> 92</span>	        &lt;div class=&quot;grid__cell&quot;&gt;
<span class='line-number'> 93</span>	            &lt;div class=&quot;header&quot;&gt;                        
<span class='line-number'> 94</span>	                &lt;h3 style=&quot;text-align:center&quot;&gt;@Translate(&quot;Products:&quot;)&lt;/h3&gt;
<span class='line-number'> 95</span>	            &lt;/div&gt;
<span class='line-number'> 96</span>	
<span class='line-number'> 97</span>	            @* Mobile search *@
<span class='line-number'> 98</span>	             @if (Pageview.Device.ToString() == &quot;Mobile&quot; || Pageview.Device.ToString() == &quot;Tablet&quot;)
<span class='line-number'> 99</span>	        {
<span class='line-number'>100</span>	            &lt;div class=&quot;grid__col-12 grid__col--bleed-y grid--align-self-center&quot;&gt;
<span class='line-number'>101</span>	                &lt;div class=&quot;grid__cell&quot;&gt;
<span class='line-number'>102</span>	                    &lt;div class=&quot;js-typeahead&quot; data-page-size=&quot;10&quot; id=&quot;MobileProductSearch&quot; data-search-page-id=&quot;@productSearchPageId&quot; data-result-page-id=&quot;@productsPageId&quot;&gt;
<span class='line-number'>103</span>	                        &lt;input type=&quot;text&quot; class=&quot;u-full-width js-typeahead-search-field&quot; placeholder=&quot;@searchPlaceholder&quot; value=&quot;@searchValue&quot;&gt;
<span class='line-number'>104</span>	                        &lt;ul class=&quot;dropdown dropdown--absolute-position js-ajax-container js-typeahead-search-content dw-mod&quot; id=&quot;MobileProductSearchContent&quot; data-template=&quot;SearchContentTemplate&quot; data-no-result-template=&quot;SearchEmpty&quot; data-json-feed=&quot;/Default.aspx?ID=@productSearchPageId&amp;feedType=productsOnly&quot; data-init-onload=&quot;false&quot;&gt;&lt;/ul&gt;
<span class='line-number'>105</span>	                    &lt;/div&gt;
<span class='line-number'>106</span>	                &lt;/div&gt;
<span class='line-number'>107</span>	            &lt;/div&gt;
<span class='line-number'>108</span>	        }
<span class='line-number'>109</span>	            
<span class='line-number'>110</span>	
<span class='line-number'>111</span>	           
<span class='line-number'>112</span>	
<span class='line-number'>113</span>	                @if (isFavoriteList)
<span class='line-number'>114</span>	                {
<span class='line-number'>115</span>	                &lt;div class=&quot;u-pull--right&quot;&gt;
<span class='line-number'>116</span>	                    &lt;button type=&quot;submit&quot; class=&quot;btn btn--primary btn--sm dw-mod&quot;&gt;@Translate(&quot;Buy all&quot;) &lt;i class=&quot;fa fa-shopping-cart&quot;&gt;&lt;/i&gt;&lt;/button&gt;
<span class='line-number'>117</span>	                &lt;/div&gt;
<span class='line-number'>118</span>	                }
<span class='line-number'>119</span>	            &lt;/div&gt;
<span class='line-number'>120</span>	
<span class='line-number'>121</span>	            &lt;div class=&quot;grid&quot;&gt;
<span class='line-number'>122</span>	                &lt;div class=&quot;grid__col-12 grid__col--bleed-y&quot;&gt;
<span class='line-number'>123</span>	                    &lt;div id=&quot;FacetSelections&quot; data-template=&quot;SelectedFilter&quot;&gt;&lt;/div&gt;
<span class='line-number'>124</span>	                &lt;/div&gt;
<span class='line-number'>125</span>	            &lt;/div&gt;
<span class='line-number'>126</span>	
<span class='line-number'>127</span>	            &lt;div id=&quot;ProductsContainer&quot; class=&quot;grid product-list dw-mod&quot; data-template=&quot;@listMode&quot; data-preloader=&quot;minimal&quot; data-save-cookie=&quot;true&quot;&gt;&lt;/div&gt;
<span class='line-number'>128</span>	
<span class='line-number'>129</span>	            &lt;div class=&quot;grid&quot;&gt;
<span class='line-number'>130</span>	                &lt;div class=&quot;grid__col-12 grid__col--bleed-y&quot;&gt;
<span class='line-number'>131</span>	                    &lt;button type=&quot;button&quot; class=&quot;btn btn--primary btn--full  {{nextdisabled}} dw-mod&quot; data-current=&quot;{{currentPage}}&quot; data-page-size=&quot;{{pageSize}}&quot; data-total=&quot;{{totalPages}}&quot; data-container=&quot;ProductsContainer&quot; data-feed-url=&quot;/Default.aspx?ID=@productCatalogId&quot; onclick=&quot;LoadMore.Next(this)&quot; {{nextdisabled}}&gt;@Translate(&quot;Load&quot;) {{pageSize}} @Translate(&quot;more&quot;)&lt;/button&gt;
<span class='line-number'>132</span>	                    &lt;button type=&quot;button&quot; class=&quot;btn btn--clean&quot; onclick=&quot;window.scroll(0, 0)&quot;&gt;@Translate(&quot;Return to top&quot;)&lt;/button&gt;
<span class='line-number'>133</span>	                &lt;/div&gt;
<span class='line-number'>134</span>	            &lt;/div&gt;
<span class='line-number'>135</span>	        &lt;/div&gt;
<span class='line-number'>136</span>	    &lt;/div&gt;
<span class='line-number'>137</span>	&lt;/script&gt;
<span class='line-number'>138</span>	
<span class='line-number'>139</span>	&lt;script id=&quot;PageButton&quot; type=&quot;text/x-template&quot;&gt;
<span class='line-number'>140</span>	    &lt;li class=&quot;{{active}}&quot;&gt;&lt;a href=&quot;{{url}}&quot;&gt;{{number}}&lt;/a&gt;&lt;/li&gt;
<span class='line-number'>141</span>	&lt;/script&gt;
<span class='line-number'>142</span>	
<span class='line-number'>143</span>	@* Facets templates *@
<span class='line-number'>144</span>	
<span class='line-number'>145</span>	&lt;script id=&quot;facetGroup&quot; type=&quot;text/x-template&quot;&gt;
<span class='line-number'>146</span>	    &lt;input type=&quot;checkbox&quot; id=&quot;OptionsGroup_{{counter}}&quot; class=&quot;expand-trigger js-remember-state&quot; @closeFacetsOnMobile /&gt;
<span class='line-number'>147</span>	
<span class='line-number'>148</span>	    &lt;div class=&quot;expand-box expand-container dw-mod&quot;&gt;
<span class='line-number'>149</span>	        &lt;label class=&quot;expand-box__header expand-container__btn dw-mod&quot; for=&quot;OptionsGroup_{{counter}}&quot;&gt;{{name}}&lt;/label&gt;
<span class='line-number'>150</span>	        &lt;div id=&quot;FacetOptions&quot; class=&quot;expand-box__content expand-container__content expand-container__content--limit-height dw-mod&quot;&gt;&lt;/div&gt;
<span class='line-number'>151</span>	    &lt;/div&gt;
<span class='line-number'>152</span>	&lt;/script&gt;
<span class='line-number'>153</span>	
<span class='line-number'>154</span>	&lt;script id=&quot;facetTopGroup&quot; type=&quot;text/x-template&quot;&gt;
<span class='line-number'>155</span>	    &lt;div class=&quot;grid__col-lg-3 grid__col-md-3 grid__col-sm-4 grid__col-xs-12&quot;&gt;
<span class='line-number'>156</span>	        &lt;input type=&quot;checkbox&quot; id=&quot;OptionsGroup_{{counter}}&quot; class=&quot;dropdown-trigger&quot; /&gt;
<span class='line-number'>157</span>	        &lt;div class=&quot;dropdown dw-mod&quot;&gt;
<span class='line-number'>158</span>	            &lt;label class=&quot;dropdown__header dropdown__btn dw-mod&quot; for=&quot;OptionsGroup_{{counter}}&quot;&gt;{{name}}&lt;/label&gt;
<span class='line-number'>159</span>	            &lt;div id=&quot;FacetOptions&quot; class=&quot;dropdown__content dropdown__content--padding dw-mod&quot;&gt;&lt;/div&gt;
<span class='line-number'>160</span>	            &lt;label class=&quot;dropdown-trigger-off&quot; for=&quot;OptionsGroup_{{counter}}&quot;&gt;&lt;/label&gt;
<span class='line-number'>161</span>	        &lt;/div&gt;
<span class='line-number'>162</span>	    &lt;/div&gt;
<span class='line-number'>163</span>	&lt;/script&gt;
<span class='line-number'>164</span>	
<span class='line-number'>165</span>	&lt;script id=&quot;Range&quot; type=&quot;text/x-template&quot;&gt;
<span class='line-number'>166</span>	    &lt;div&gt;
<span class='line-number'>167</span>	        &lt;label class=&quot;{{disabled}}&quot;&gt;
<span class='line-number'>168</span>	            &lt;input type=&quot;checkbox&quot; class=&quot;{{selected}}&quot; onclick=&quot;Facets.UpdateFacets(this);&quot; name=&quot;{{queryParameter}}&quot; value=&quot;{{value}}&quot; {{selected}} {{disabled}}&gt;
<span class='line-number'>169</span>	            {{label}} {{currency}} &lt;span class=&quot;u-color-light-gray u-pull--right&quot;&gt;({{count}})&lt;/span&gt;
<span class='line-number'>170</span>	        &lt;/label&gt;
<span class='line-number'>171</span>	    &lt;/div&gt;
<span class='line-number'>172</span>	&lt;/script&gt;
<span class='line-number'>173</span>	
<span class='line-number'>174</span>	&lt;script id=&quot;Weight&quot; type=&quot;text/x-template&quot;&gt;
<span class='line-number'>175</span>	    &lt;div&gt;
<span class='line-number'>176</span>	        &lt;label class=&quot;{{disabled}}&quot;&gt;
<span class='line-number'>177</span>	            &lt;input type=&quot;checkbox&quot; class=&quot;{{selected}}&quot; onclick=&quot;Facets.UpdateFacets(this);&quot; name=&quot;{{queryParameter}}&quot; value=&quot;{{value}}&quot; {{selected}} {{disabled}}&gt;
<span class='line-number'>178</span>	            {{label}} {{weight}} &lt;span class=&quot;u-color-light-gray u-pull--right&quot;&gt;({{count}})&lt;/span&gt;
<span class='line-number'>179</span>	        &lt;/label&gt;
<span class='line-number'>180</span>	    &lt;/div&gt;
<span class='line-number'>181</span>	&lt;/script&gt;
<span class='line-number'>182</span>	
<span class='line-number'>183</span>	&lt;script id=&quot;Checkboxes&quot; type=&quot;text/x-template&quot;&gt;
<span class='line-number'>184</span>	    &lt;div&gt;
<span class='line-number'>185</span>	        &lt;label class=&quot;{{disabled}}&quot;&gt;
<span class='line-number'>186</span>	            &lt;input type=&quot;checkbox&quot; class=&quot;{{selected}}&quot; onclick=&quot;Facets.UpdateFacets(this);&quot; name=&quot;{{queryParameter}}&quot; value=&quot;{{value}}&quot; {{selected}} {{disabled}}&gt;
<span class='line-number'>187</span>	            {{label}} &lt;span class=&quot;u-color-light-gray u-pull--right&quot;&gt;({{count}})&lt;/span&gt;
<span class='line-number'>188</span>	        &lt;/label&gt;
<span class='line-number'>189</span>	    &lt;/div&gt;
<span class='line-number'>190</span>	&lt;/script&gt;
<span class='line-number'>191</span>	
<span class='line-number'>192</span>	&lt;script id=&quot;Tags&quot; type=&quot;text/x-template&quot;&gt;
<span class='line-number'>193</span>	    &lt;button type=&quot;button&quot; class=&quot;btn btn--tag {{selected}} {{disabled}}&quot; data-check=&quot;{{selected}}&quot; onclick=&quot;Facets.UpdateFacets(this);&quot; name=&quot;{{queryParameter}}&quot; value=&quot;{{value}}&quot; {{disabled}}&gt;
<span class='line-number'>194</span>	        {{label}} &lt;span class=&quot;facets-group__counter&quot;&gt;({{count}})&lt;/span&gt;
<span class='line-number'>195</span>	    &lt;/button&gt;
<span class='line-number'>196</span>	&lt;/script&gt;
<span class='line-number'>197</span>	
<span class='line-number'>198</span>	&lt;script id=&quot;Colors&quot; type=&quot;text/x-template&quot;&gt;
<span class='line-number'>199</span>	    &lt;button type=&quot;button&quot; class=&quot;btn btn--colorbox u-margin-right {{selected}} {{disabled}}&quot; style=&quot;background-color: {{value}}&quot; title=&quot;{{label}}&quot; data-check=&quot;{{selected}}&quot; onclick=&quot;Facets.UpdateFacets(this);&quot; name=&quot;{{queryParameter}}&quot; value=&quot;{{value}}&quot; {{disabled}}&gt;&lt;/button&gt;
<span class='line-number'>200</span>	&lt;/script&gt;
<span class='line-number'>201</span>	
<span class='line-number'>202</span>	&lt;script id=&quot;SelectedFilter&quot; type=&quot;text/x-template&quot;&gt;
<span class='line-number'>203</span>	    &lt;button type=&quot;button&quot; class=&quot;btn btn--tag&quot; data-check=&quot;checked&quot; onclick=&quot;Facets.UpdateFacets(this);&quot; name=&quot;{{queryParameter}}&quot; value=&quot;{{value}}&quot; title=&quot;@Translate(&quot;Remove filter&quot;)&quot;&gt;
<span class='line-number'>204</span>	        {{group}}: {{label}} &lt;i class=&quot;fa fa-times&quot;&gt;&lt;/i&gt;
<span class='line-number'>205</span>	    &lt;/button&gt;
<span class='line-number'>206</span>	&lt;/script&gt;
<span class='line-number'>207</span>	
<span class='line-number'>208</span>	&lt;script id=&quot;SelectedColorFilter&quot; type=&quot;text/x-template&quot;&gt;
<span class='line-number'>209</span>	    &lt;button type=&quot;button&quot; class=&quot;btn btn--tag&quot; data-check=&quot;checked&quot; onclick=&quot;Facets.UpdateFacets(this);&quot; name=&quot;{{queryParameter}}&quot; value=&quot;{{value}}&quot; title=&quot;@Translate(&quot;Remove filter&quot;)&quot;&gt;
<span class='line-number'>210</span>	        {{group}}: &lt;div class=&quot;btn__colorbox&quot; style=&quot;background-color: {{label}}&quot;&gt;&lt;/div&gt; &lt;i class=&quot;fa fa-times&quot;&gt;&lt;/i&gt;
<span class='line-number'>211</span>	    &lt;/button&gt;
<span class='line-number'>212</span>	&lt;/script&gt;
<span class='line-number'>213</span>	
<span class='line-number'>214</span>	&lt;script id=&quot;ResetFilters&quot; type=&quot;text/x-template&quot;&gt;
<span class='line-number'>215</span>	    &lt;button type=&quot;button&quot; class=&quot;btn btn--tag&quot; onclick=&quot;Facets.ResetFacets(this);&quot;&gt;
<span class='line-number'>216</span>	        @Translate(&quot;Reset all filters&quot;) &lt;i class=&quot;fa fa-rotate-left&quot;&gt;&lt;/i&gt;
<span class='line-number'>217</span>	    &lt;/button&gt;
<span class='line-number'>218</span>	&lt;/script&gt;
<span class='line-number'>219</span>	
<span class='line-number'>220</span>	@* Product list templates *@
<span class='line-number'>221</span>	
<span class='line-number'>222</span>	@* List view *@
<span class='line-number'>223</span>	
<span class='line-number'>224</span>	&lt;script id=&quot;ProductItemContainer&quot; type=&quot;text/x-template&quot;&gt;
<span class='line-number'>225</span>	    &lt;div id=&quot;Product&quot; class=&quot;grid__col-12&quot; data-template=&quot;ProductItem&quot; data-preloader=&quot;false&quot;&gt;&lt;/div&gt;
<span class='line-number'>226</span>	&lt;/script&gt;
<span class='line-number'>227</span>	
<span class='line-number'>228</span>	&lt;script id=&quot;ProductItem&quot; type=&quot;text/x-template&quot;&gt;
<span class='line-number'>229</span>	    &lt;input type=&quot;hidden&quot; name=&quot;ProductLoopCounter{{uniqueId}}&quot; value=&quot;{{uniqueId}}&quot; /&gt;
<span class='line-number'>230</span>	    &lt;input type=&quot;hidden&quot; name=&quot;ProductID{{uniqueId}}&quot; value=&quot;{{id}}&quot; /&gt;
<span class='line-number'>231</span>	
<span class='line-number'>232</span>	    &lt;div class=&quot;grid product-list__list-item dw-mod&quot;&gt;
<span class='line-number'>233</span>	        &lt;div class=&quot;grid__col-md-4 {{noImage}} product-list__list-item__left dw-mod&quot;&gt;
<span class='line-number'>234</span>	            &lt;div class=&quot;grid__cell&quot;&gt;
<span class='line-number'>235</span>	                &lt;div class=&quot;sticker {{onSale}} dw-mod&quot;&gt;@Translate(&quot;Sale!&quot;)&lt;/div&gt;
<span class='line-number'>236</span>	                &lt;a href=&quot;{{link}}&quot; onclick=&quot;Scroll.SavePosition(event)&quot;&gt;&lt;img class=&quot;grid__cell-img grid__cell-img--centered&quot; src=&quot;/Admin/Public/GetImage.ashx?width=300&amp;amp;height=300&amp;amp;crop=5&amp;amp;Compression=75&amp;amp;image={{image}}&quot; alt=&quot;{{name}}&quot; /&gt;&lt;/a&gt;
<span class='line-number'>237</span>	            &lt;/div&gt;
<span class='line-number'>238</span>	        &lt;/div&gt;
<span class='line-number'>239</span>	        &lt;div class=&quot;grid__col-md-auto product-list__list-item__right dw-mod&quot;&gt;
<span class='line-number'>240</span>	            &lt;div&gt;
<span class='line-number'>241</span>	                &lt;div class=&quot;u-pull--left&quot;&gt;
<span class='line-number'>242</span>	                    &lt;a href=&quot;{{link}}&quot; onclick=&quot;Scroll.SavePosition(event)&quot; title=&quot;{{name}}&quot;&gt;&lt;h2 class=&quot;u-condensed-text u-max-w340px&quot;&gt;{{name}}&lt;/h2&gt;&lt;/a&gt;
<span class='line-number'>243</span>	                    &lt;div class=&quot;item-number dw-mod&quot;&gt;{{number}}&lt;/div&gt;
<span class='line-number'>244</span>	                &lt;/div&gt;
<span class='line-number'>245</span>	               @* &lt;div id=&quot;Favorite&quot; data-template=&quot;FavoriteTemplate&quot; class=&quot;favorites u-pull--right {{hasVariants}} dw-mod&quot; {{hasVariants}}&gt;&lt;/div&gt;*@
<span class='line-number'>246</span>	            &lt;/div&gt;
<span class='line-number'>247</span>	
<span class='line-number'>248</span>	            &lt;div class=&quot;introduction-text&quot;&gt;
<span class='line-number'>249</span>	                {{description}}
<span class='line-number'>250</span>	            &lt;/div&gt;
<span class='line-number'>251</span>	            &lt;div class=&quot;grid_cell&quot; id=&quot;Certifications&quot; data-template=&quot;CertificationItem&quot;&gt;&lt;/div&gt;
<span class='line-number'>252</span>	
<span class='line-number'>253</span>	            @* Combinations div needed to handle variant options(used in script block with Variants.SetVariantOptionStatesForProductList function) and should not be deleted *@
<span class='line-number'>254</span>	            &lt;small id=&quot;helpText_{{id}}&quot; class=&quot;help-text {{hideViewMore}} {{hideHelpText}}&quot;&gt;@Translate(&quot;Please select a color and/or size!&quot;)&lt;/small&gt;
<span class='line-number'>255</span>	            &lt;div id=&quot;Combinations&quot; data-template=&quot;VariantCombinations&quot; data-product-id=&quot;{{id}}&quot; class=&quot;js-variants-wrap u-hidden&quot;&gt;&lt;/div&gt;
<span class='line-number'>256</span>	            &lt;div id=&quot;Variants&quot; data-template=&quot;VariantGroup&quot; data-product-id=&quot;{{id}}&quot;&gt;&lt;/div&gt;
<span class='line-number'>257</span>	            
<span class='line-number'>258</span>	
<span class='line-number'>259</span>	            &lt;div class=&quot;grid__cell-footer&quot;&gt;
<span class='line-number'>260</span>	                &lt;div class=&quot;grid__cell&quot;&gt;
<span class='line-number'>261</span>	                    &lt;div class=&quot;product-list__list-item__price-actions dw-mod&quot;&gt;
<span class='line-number'>262</span>	                        &lt;div class=&quot;u-margin-bottom&quot;&gt;
<span class='line-number'>263</span>	                            &lt;div class=&quot;before-price {{onSale}} dw-mod&quot;&gt;{{discount}}&lt;/div&gt;
<span class='line-number'>264</span>	                            &lt;div class=&quot;price dw-mod&quot;&gt;{{price}}&lt;/div&gt;
<span class='line-number'>265</span>	                        &lt;/div&gt;
<span class='line-number'>266</span>	                        &lt;div class=&quot;buttons-collection buttons-collection--right&quot;&gt;
<span class='line-number'>267</span>	                            &lt;button type=&quot;button&quot; id=&quot;CartButton_{{id}}&quot; class=&quot;btn btn--primary btn--condensed u-pull--right dw-mod {{hasVariants}}&quot; name=&quot;submit&quot; onclick=&quot;Cart.AddToCart(event, &#39;{{id}}&#39;, document.getElementById(&#39;Quantity_{{id}}&#39;).value, &#39;Unit_{{id}}&#39;, &#39;Variant_{{id}}&#39;);&quot; {{hasVariants}}&gt;&lt;i class=&quot;fa fa-shopping-cart&quot;&gt;&lt;/i&gt;&lt;span class=&quot;u-hidden-xs u-hidden-xxs&quot;&gt; @Translate(&quot;Add to cart&quot;)&lt;/span&gt;&lt;/button&gt;
<span class='line-number'>268</span>	                            &lt;input type=&quot;number&quot; class=&quot;u-w80px u-pull--right&quot; id=&quot;Quantity_{{id}}&quot; name=&quot;Quantity{{uniqueId}}&quot; value=&quot;1&quot; min=&quot;1&quot;&gt;
<span class='line-number'>269</span>	
<span class='line-number'>270</span>	                            &lt;input type=&quot;checkbox&quot; id=&quot;UnitOptions_{{id}}&quot; class=&quot;dropdown-trigger&quot; /&gt;
<span class='line-number'>271</span>	                            &lt;div class=&quot;dropdown u-w110px u-w100px--xs {{hasUnits}} dw-mod&quot;&gt;
<span class='line-number'>272</span>	                                @*&lt;label class=&quot;dropdown__header dropdown__btn dw-mod&quot; for=&quot;UnitOptions_{{id}}&quot;&gt;{{unitName}}&lt;/label&gt;*@
<span class='line-number'>273</span>	                                &lt;div id=&quot;unitOptions&quot; data-template=&quot;UnitOption&quot; class=&quot;dropdown__content dw-mod&quot;&gt;&lt;/div&gt;
<span class='line-number'>274</span>	                                &lt;label class=&quot;dropdown-trigger-off&quot; for=&quot;UnitOptions_{{id}}&quot;&gt;&lt;/label&gt;
<span class='line-number'>275</span>	                            &lt;/div&gt;
<span class='line-number'>276</span>	                            &lt;input type=&quot;hidden&quot; value=&quot;{{unitId}}&quot; name=&quot;Unit{{uniqueId}}&quot; id=&quot;Unit_{{id}}&quot; /&gt;
<span class='line-number'>277</span>	                            &lt;input type=&quot;hidden&quot; value=&quot;{{variantid}}&quot; name=&quot;VariantID{{uniqueId}}&quot; id=&quot;Variant_{{id}}&quot; /&gt;
<span class='line-number'>278</span>	                        &lt;/div&gt;
<span class='line-number'>279</span>	                    &lt;/div&gt;
<span class='line-number'>280</span>	                &lt;/div&gt;
<span class='line-number'>281</span>	            &lt;/div&gt;
<span class='line-number'>282</span>	        &lt;/div&gt;
<span class='line-number'>283</span>	    &lt;/div&gt;
<span class='line-number'>284</span>	&lt;/script&gt;
<span class='line-number'>285</span>	
<span class='line-number'>286</span>	@* Grid view *@
<span class='line-number'>287</span>	
<span class='line-number'>288</span>	&lt;script id=&quot;ProductGridItemContainer&quot; type=&quot;text/x-template&quot;&gt;
<span class='line-number'>289</span>	    &lt;div id=&quot;Product&quot; class=&quot;grid__col-lg-4 grid__col-md-4 grid__col-sm-4 grid__col-xs-6 product-list__list-item dw-mod&quot; data-template=&quot;ProductGridItem&quot; data-preloader=&quot;false&quot;&gt;&lt;/div&gt;
<span class='line-number'>290</span>	&lt;/script&gt;
<span class='line-number'>291</span>	
<span class='line-number'>292</span>	&lt;script id=&quot;ProductGridItem&quot; type=&quot;text/x-template&quot;&gt;
<span class='line-number'>293</span>	    &lt;input type=&quot;hidden&quot; name=&quot;ProductLoopCounter{{uniqueId}}&quot; value=&quot;{{uniqueId}}&quot; /&gt;
<span class='line-number'>294</span>	    &lt;input type=&quot;hidden&quot; name=&quot;ProductID{{uniqueId}}&quot; value=&quot;{{id}}&quot; /&gt;
<span class='line-number'>295</span>	
<span class='line-number'>296</span>	    &lt;div class=&quot;grid__cell product-list__grid-item__image dw-mod {{noImage}}&quot;&gt;
<span class='line-number'>297</span>	        &lt;div class=&quot;sticker {{onSale}} dw-mod&quot;&gt;@Translate(&quot;Sale!&quot;)&lt;/div&gt;
<span class='line-number'>298</span>	        &lt;a href=&quot;{{link}}&quot; onclick=&quot;Scroll.SavePosition(event)&quot;&gt;&lt;img class=&quot;grid__cell-img grid__cell-img--centered&quot; src=&quot;/Admin/Public/GetImage.ashx?width=300&amp;amp;height=300&amp;amp;crop=5&amp;amp;Compression=75&amp;amp;image={{image}}&quot; alt=&quot;{{name}}&quot; /&gt;&lt;/a&gt;
<span class='line-number'>299</span>	    &lt;/div&gt;
<span class='line-number'>300</span>	
<span class='line-number'>301</span>	    &lt;div class=&quot;grid__cell product-list__grid-item__price-info dw-mod&quot;&gt;
<span class='line-number'>302</span>	        &lt;a href=&quot;{{link}}&quot; onclick=&quot;Scroll.SavePosition(event)&quot; title=&quot;{{name}}&quot;&gt;&lt;h6 class=&quot;u-condensed-text&quot;&gt;{{name}}&lt;/h6&gt;&lt;/a&gt;
<span class='line-number'>303</span>	        &lt;div class=&quot;item-number dw-mod&quot;&gt;{{number}}&lt;/div&gt;
<span class='line-number'>304</span>	        &lt;div class=&quot;price dw-mod&quot;&gt;{{price}}&lt;/div&gt;
<span class='line-number'>305</span>	        &lt;div class=&quot;before-price {{onSale}} dw-mod&quot;&gt;{{discount}}&lt;/div&gt;
<span class='line-number'>306</span>	        &lt;input type=&quot;hidden&quot; id=&quot;Quantity_{{id}}&quot; name=&quot;Quantity{{uniqueId}}&quot; value=&quot;1&quot; min=&quot;1&quot;&gt;
<span class='line-number'>307</span>	        &lt;input type=&quot;hidden&quot; value=&quot;{{unitId}}&quot; name=&quot;Unit{{uniqueId}}&quot; id=&quot;Unit_{{id}}&quot; /&gt;
<span class='line-number'>308</span>	        &lt;input type=&quot;hidden&quot; value=&quot;{{variantid}}&quot; name=&quot;VariantID{{uniqueId}}&quot; id=&quot;Variant_{{id}}&quot; /&gt;
<span class='line-number'>309</span>	    &lt;/div&gt;
<span class='line-number'>310</span>	
<span class='line-number'>311</span>	    &lt;div class=&quot;product-list__grid-item__footer dw-mod&quot;&gt;
<span class='line-number'>312</span>	        &lt;div class=&quot;u-ta-center&quot;&gt;
<span class='line-number'>313</span>	            &lt;a href=&quot;{{link}}&quot; id=&quot;CartButton_{{id}}&quot; class=&quot;btn btn--secondary btn--full u-no-margin dw-mod&quot;&gt;@Translate(&quot;View&quot;)&lt;/a&gt;
<span class='line-number'>314</span>	        &lt;/div&gt;
<span class='line-number'>315</span>	    &lt;/div&gt;
<span class='line-number'>316</span>	&lt;/script&gt;
<span class='line-number'>317</span>	
<span class='line-number'>318</span>	@* Details view *@
<span class='line-number'>319</span>	
<span class='line-number'>320</span>	&lt;script id=&quot;ProductDetailsItemContainer&quot; type=&quot;text/x-template&quot;&gt;
<span class='line-number'>321</span>	    &lt;div id=&quot;Product&quot; class=&quot;grid__col-md-12 product-list__details-item dw-mod&quot; data-template=&quot;ProductDetailsItem&quot; data-preloader=&quot;false&quot; style=&quot;z-index: {{zIndex}}&quot;&gt;&lt;/div&gt;
<span class='line-number'>322</span>	&lt;/script&gt;
<span class='line-number'>323</span>	
<span class='line-number'>324</span>	&lt;script id=&quot;ProductDetailsItem&quot; type=&quot;text/x-template&quot;&gt;
<span class='line-number'>325</span>	    &lt;input type=&quot;hidden&quot; name=&quot;ProductLoopCounter{{uniqueId}}&quot; value=&quot;{{uniqueId}}&quot; /&gt;
<span class='line-number'>326</span>	    &lt;input type=&quot;hidden&quot; name=&quot;ProductID{{uniqueId}}&quot; value=&quot;{{id}}&quot; /&gt;
<span class='line-number'>327</span>	
<span class='line-number'>328</span>	    &lt;div class=&quot;grid__cell&quot;&gt;
<span class='line-number'>329</span>	        &lt;div class=&quot;product-list__details-item__left dw-mod&quot;&gt;
<span class='line-number'>330</span>	            &lt;div class=&quot;micro-sticker {{onSale}} u-hidden-xxs dw-mod&quot;&gt;@Translate(&quot;Sale!&quot;)&lt;/div&gt;
<span class='line-number'>331</span>	            &lt;div class=&quot;lightbox u-hidden-xxs&quot;&gt;                    
<span class='line-number'>332</span>	                &lt;a href=&quot;{{link}}&quot; onclick=&quot;Scroll.SavePosition(event)&quot;&gt;
<span class='line-number'>333</span>	                    &lt;img class=&quot;lightbox__image {{noImage}}&quot; src=&quot;/Admin/Public/GetImage.ashx?width=220&amp;amp;height=220&amp;amp;crop=5&amp;amp;Compression=75&amp;amp;image={{image}}&quot; alt=&quot;{{name}}&quot; /&gt;
<span class='line-number'>334</span>	                    &lt;div class=&quot;u-w40px u-margin-right {{noImage}}&quot;&gt;
<span class='line-number'>335</span>	                        &lt;img src=&quot;/Admin/Public/GetImage.ashx?width=40&amp;amp;height=40&amp;amp;crop=5&amp;amp;Compression=75&amp;amp;image={{image}}&quot; alt=&quot;{{name}}&quot; /&gt;
<span class='line-number'>336</span>	                    &lt;/div&gt;
<span class='line-number'>337</span>	                &lt;/a&gt;
<span class='line-number'>338</span>	            &lt;/div&gt;
<span class='line-number'>339</span>	            &lt;div class=&quot;u-margin-right&quot;&gt;
<span class='line-number'>340</span>	                &lt;a href=&quot;{{link}}&quot; onclick=&quot;Scroll.SavePosition(event)&quot; title=&quot;{{name}}&quot;&gt;&lt;h6 class=&quot;u-condensed-text u-max-w220px&quot;&gt;{{name}}&lt;/h6&gt;&lt;/a&gt;
<span class='line-number'>341</span>	                &lt;div class=&quot;item-number dw-mod&quot;&gt;{{number}} &lt;span class=&quot;stock-icon {{stockState}} dw-mod&quot; title=&quot;{{stockText}}&quot;&gt;&lt;/span&gt; {{stockText}}{{deliveryText}}&lt;/div&gt;
<span class='line-number'>342</span>	            &lt;/div&gt;
<span class='line-number'>343</span>	        &lt;/div&gt;
<span class='line-number'>344</span>	        &lt;div class=&quot;product-list__details-item__right dw-mod&quot;&gt;
<span class='line-number'>345</span>	            &lt;div class=&quot;grid__cell u-hidden-sm u-hidden-md u-hidden-lg&quot;&gt;
<span class='line-number'>346</span>	                &lt;div class=&quot;u-full-width u-ta-right&quot;&gt;
<span class='line-number'>347</span>	                    &lt;div class=&quot;before-price {{onSale}} dw-mod&quot;&gt;{{discount}}&lt;/div&gt;
<span class='line-number'>348</span>	                    &lt;div class=&quot;price price--condensed dw-mod&quot;&gt;{{price}}&lt;/div&gt;
<span class='line-number'>349</span>	                &lt;/div&gt;
<span class='line-number'>350</span>	            &lt;/div&gt;
<span class='line-number'>351</span>	            &lt;div class=&quot;grid__cell grid__cell--align-middle-right&quot;&gt;
<span class='line-number'>352</span>	                &lt;div class=&quot;u-pull--right u-margin-right&quot;&gt;
<span class='line-number'>353</span>	                    &lt;input type=&quot;checkbox&quot; id=&quot;UnitOptions_{{id}}&quot; class=&quot;dropdown-trigger&quot; /&gt;
<span class='line-number'>354</span>	                    &lt;div class=&quot;dropdown u-w120px  {{hasUnits}} dw-mod&quot;&gt;
<span class='line-number'>355</span>	                        &lt;label class=&quot;dropdown__header dropdown__btn dw-mod&quot; for=&quot;UnitOptions_{{id}}&quot;&gt;{{unitName}}&lt;/label&gt;
<span class='line-number'>356</span>	                        &lt;div id=&quot;unitOptions&quot; data-template=&quot;UnitOption&quot; class=&quot;dropdown__content dw-mod&quot;&gt;&lt;/div&gt;
<span class='line-number'>357</span>	                        &lt;label class=&quot;dropdown-trigger-off&quot; for=&quot;UnitOptions_{{id}}&quot;&gt;&lt;/label&gt;
<span class='line-number'>358</span>	                    &lt;/div&gt;
<span class='line-number'>359</span>	                    &lt;input type=&quot;hidden&quot; value=&quot;{{unitId}}&quot; name=&quot;Unit{{uniqueId}}&quot; id=&quot;Unit_{{id}}&quot; /&gt;
<span class='line-number'>360</span>	                    &lt;input type=&quot;hidden&quot; value=&quot;{{variantid}}&quot; name=&quot;VariantID{{uniqueId}}&quot; id=&quot;Variant_{{id}}&quot; /&gt;
<span class='line-number'>361</span>	                &lt;/div&gt;
<span class='line-number'>362</span>	                &lt;div class=&quot;u-pull--right u-margin-right u-w100px u-ta-right u-hidden-xs u-hidden-xxs&quot;&gt;
<span class='line-number'>363</span>	                    &lt;div class=&quot;before-price {{onSale}} dw-mod&quot;&gt;{{discount}}&lt;/div&gt;
<span class='line-number'>364</span>	                    &lt;div class=&quot;price price--condensed dw-mod&quot;&gt;{{price}}&lt;/div&gt;
<span class='line-number'>365</span>	                &lt;/div&gt;
<span class='line-number'>366</span>	                &lt;div class=&quot;u-pull--right {{hideBuyOptions}}&quot;&gt;
<span class='line-number'>367</span>	                    &lt;input type=&quot;number&quot; class=&quot;u-w80px u-no-margin u-margin-right&quot; id=&quot;Quantity_{{id}}&quot; name=&quot;Quantity{{uniqueId}}&quot; value=&quot;1&quot; min=&quot;1&quot;&gt;
<span class='line-number'>368</span>	                &lt;/div&gt;
<span class='line-number'>369</span>	                &lt;div class=&quot;u-pull--right {{hideBuyOptions}}&quot;&gt;
<span class='line-number'>370</span>	                    &lt;button type=&quot;button&quot; id=&quot;CartButton_{{id}}&quot; class=&quot;btn btn--primary btn--condensed u-no-margin dw-mod {{hasVariants}}&quot; name=&quot;submit&quot; onclick=&quot;Cart.AddToCart(event, &#39;{{id}}&#39;, document.getElementById(&#39;Quantity_{{id}}&#39;).value, &#39;Unit_{{id}}&#39;);&quot; {{hasVariants}}&gt;&lt;i class=&quot;fa fa-shopping-cart&quot;&gt;&lt;/i&gt;&lt;/button&gt;
<span class='line-number'>371</span>	                &lt;/div&gt;
<span class='line-number'>372</span>	                &lt;div class=&quot;u-pull--right {{hideViewMore}}&quot;&gt;
<span class='line-number'>373</span>	                    &lt;a href=&quot;{{link}}&quot; class=&quot;btn btn--secondary u-no-margin u-w130px dw-mod&quot; onclick=&quot;Scroll.SavePosition(event)&quot; title=&quot;{{name}}&quot;&gt;@Translate(&quot;View&quot;)&lt;/a&gt;
<span class='line-number'>374</span>	                &lt;/div&gt;
<span class='line-number'>375</span>	                &lt;div id=&quot;Favorite&quot; data-template=&quot;FavoriteTemplate&quot; class=&quot;favorites favorites--lg u-hidden {{hasVariants}} u-hidden-xs u-hidden-xxs dw-mod&quot; {{hasVariants}}&gt;&lt;/div&gt;
<span class='line-number'>376</span>	            &lt;/div&gt;
<span class='line-number'>377</span>	        &lt;/div&gt;
<span class='line-number'>378</span>	    &lt;/div&gt;
<span class='line-number'>379</span>	&lt;/script&gt;
<span class='line-number'>380</span>	
<span class='line-number'>381</span>	@* Units templates *@
<span class='line-number'>382</span>	
<span class='line-number'>383</span>	&lt;script id=&quot;UnitOption&quot; type=&quot;text/x-template&quot;&gt;
<span class='line-number'>384</span>	    &lt;div class=&quot;dropdown__item dw-mod&quot; onclick=&quot;Dynamo.UpdateContent(&#39;Product{{productId}}&#39;, &#39;{{link}}&amp;LayoutTemplate=Json.cshtml&amp;DisableStatistics=True&amp;feedType=productCatalog&amp;UnitID={{value}}&#39;)&quot;&gt;{{name}}&lt;/div&gt;
<span class='line-number'>385</span>	&lt;/script&gt;
<span class='line-number'>386</span>	
<span class='line-number'>387</span>	@* Certification templates *@
<span class='line-number'>388</span>	&lt;script id=&quot;CertificationItem&quot; type=&quot;text/x-template&quot;&gt;
<span class='line-number'>389</span>	    &lt;div class=&quot;u-pull--left&quot;&gt;
<span class='line-number'>390</span>	        &lt;img style=&quot;padding-right: 4px&quot; src=&quot;/Admin/Public/GetImage.ashx?Image=/Files/Images/Ecom/Certification/{{value}}.jpg&amp;Format=jpg&amp;Width=55&amp;Height=45&amp;Crop=0&amp;DoNotUpscale=1&quot; alt=&quot;&quot; /&gt;
<span class='line-number'>391</span>	    &lt;/div&gt;
<span class='line-number'>392</span>	&lt;/script&gt;
<span class='line-number'>393</span>	
<span class='line-number'>394</span>	@* Variants templates *@
<span class='line-number'>395</span>	
<span class='line-number'>396</span>	&lt;script id=&quot;VariantGroup&quot; type=&quot;text/x-template&quot;&gt;
<span class='line-number'>397</span>	    &lt;div&gt;
<span class='line-number'>398</span>	        &lt;div class=&quot;u-bold&quot;&gt;{{name}}&lt;/div&gt;
<span class='line-number'>399</span>	        &lt;div id=&quot;VariantOptions&quot; data-template=&quot;VariantOption&quot;&gt;&lt;/div&gt;
<span class='line-number'>400</span>	    &lt;/div&gt;
<span class='line-number'>401</span>	&lt;/script&gt;
<span class='line-number'>402</span>	    
<span class='line-number'>403</span>	&lt;script id=&quot;VariantOption&quot; type=&quot;text/x-template&quot;&gt;
<span class='line-number'>404</span>	    &lt;button type=&quot;button&quot; id=&quot;{{id}}&quot; data-product-id=&quot;{{productid}}&quot; onclick=&quot;Variants.UpdateVariants(this)&quot; class=&quot;btn btn--tag {{disabled}} {{selected}}&quot; data-check=&quot;{{selected}}&quot; {{disabled}}&gt;{{name}}&lt;/button&gt;
<span class='line-number'>405</span>	&lt;/script&gt;
<span class='line-number'>406</span>	
<span class='line-number'>407</span>	&lt;script id=&quot;VariantOptionImage&quot; type=&quot;text/x-template&quot;&gt;
<span class='line-number'>408</span>	    &lt;img src=&quot;/Admin/Public/GetImage.ashx?width=100&amp;amp;height=50&amp;amp;crop=5&amp;amp;Compression=75&amp;amp;image=/Images/{{image}}&quot; title=&quot;{{name}}&quot; id=&quot;{{id}}&quot; data-product-id=&quot;{{productid}}&quot; onclick=&quot;Variants.UpdateVariants(this)&quot; class=&quot;btn btn--tag {{disabled}} {{selected}}&quot; data-check=&quot;{{selected}}&quot; {{disabled}} /&gt;
<span class='line-number'>409</span>	&lt;/script&gt;
<span class='line-number'>410</span>	
<span class='line-number'>411</span>	&lt;script id=&quot;VariantCombinations&quot; type=&quot;text/x-template&quot;&gt;&lt;/script&gt;
<span class='line-number'>412</span>	
<span class='line-number'>413</span>	@* Favorites templates *@
<span class='line-number'>414</span>	
<span class='line-number'>415</span>	&lt;script id=&quot;FavoriteTemplate&quot; type=&quot;text/x-template&quot;&gt;
<span class='line-number'>416</span>	    &lt;div class=&quot;favorites-list u-pull--right u-ta-left&quot;&gt;
<span class='line-number'>417</span>	        &lt;i class=&quot;{{favoriteIcon}} fa-1_5x&quot;&gt;&lt;/i&gt;
<span class='line-number'>418</span>	        &lt;div class=&quot;favorites-list__container dw-mod&quot;&gt;
<span class='line-number'>419</span>	            &lt;ul id=&quot;FavoriteLists&quot; data-template=&quot;FavoriteListItem&quot; class=&quot;list list--clean dw-mod&quot;&gt;&lt;/ul&gt;
<span class='line-number'>420</span>	        &lt;/div&gt;
<span class='line-number'>421</span>	    &lt;/div&gt;
<span class='line-number'>422</span>	&lt;/script&gt;
<span class='line-number'>423</span>	
<span class='line-number'>424</span>	&lt;script id=&quot;FavoriteListItem&quot; type=&quot;text/x-template&quot;&gt;
<span class='line-number'>425</span>	    &lt;li&gt;
<span class='line-number'>426</span>	        &lt;a href=&quot;{{link}}&quot; class=&quot;list__link dw-mod&quot;&gt;&lt;i class=&quot;{{favoriteIcon}}&quot;&gt;&lt;/i&gt; {{name}}&lt;/a&gt;
<span class='line-number'>427</span>	    &lt;/li&gt;   
<span class='line-number'>428</span>	&lt;/script&gt;
<span class='line-number'>429</span>	
<span class='line-number'>430</span>	@* No products found *@
<span class='line-number'>431</span>	
<span class='line-number'>432</span>	&lt;script id=&quot;NoProductsFound&quot; type=&quot;text/x-template&quot;&gt;
<span class='line-number'>433</span>	    &lt;div class=&quot;grid__col-12&quot;&gt;
<span class='line-number'>434</span>	        &lt;h2 class=&quot;u-ta-center&quot;&gt;@Translate(&quot;No products found&quot;)&lt;/h2&gt;
<span class='line-number'>435</span>	    &lt;/div&gt;
<span class='line-number'>436</span>	&lt;/script&gt;
<span class='line-number'>437</span>	
<span class='line-number'>438</span>	&lt;script&gt;
<span class='line-number'>439</span>	    document.addEventListener(&quot;DOMContentLoaded&quot;, function (event) {
<span class='line-number'>440</span>	        Facets.Init(&quot;productList&quot;, &#39;@productCatalogId&#39;, &#39;@requestQuery&#39;);
<span class='line-number'>441</span>	
<span class='line-number'>442</span>	        Variants.SetProductFeedId(&#39;@productCatalogId&#39;);
<span class='line-number'>443</span>	        Variants.SetViewMode(&quot;productList&quot;);
<span class='line-number'>444</span>	
<span class='line-number'>445</span>	        document.getElementById(&quot;productList&quot;).addEventListener(&#39;contentLoaded&#39;, function (e) {
<span class='line-number'>446</span>	            if (e.srcElement.classList.contains(&quot;js-variants-wrap&quot;)) {
<span class='line-number'>447</span>	                Variants.SetVariantOptionStatesForProductList(e.srcElement);
<span class='line-number'>448</span>	            }
<span class='line-number'>449</span>	        }, false);
<span class='line-number'>450</span>	    });
<span class='line-number'>451</span>	&lt;/script&gt;
<span class='line-number'>452</span>	&lt;script id=&quot;SearchContentTemplate&quot; type=&quot;text/x-template&quot;&gt;
<span class='line-number'>453</span>	    &lt;li class=&quot;dropdown__item dropdown__item--seperator dw-mod&quot;&gt;
<span class='line-number'>454</span>	        &lt;a href=&quot;{{link}}&quot; class=&quot;js-typeahead-link u-color-inherit u-pull--left&quot;&gt;
<span class='line-number'>455</span>	            &lt;div class=&quot;u-margin-right u-pull--left {{noimage}} u-hidden-xs u-hidden-xxs&quot;&gt;&lt;img src=&quot;/Admin/Public/GetImage.ashx?width=45&amp;height=38&amp;crop=1&amp;Compression=75&amp;image={{image}}&quot; alt=&quot;{{name}}&quot;&gt;&lt;/div&gt;
<span class='line-number'>456</span>	            &lt;div class=&quot;u-pull--left&quot;&gt;
<span class='line-number'>457</span>	                &lt;div class=&quot;u-bold u-max-w220px u-truncate-text js-typeahead-name&quot;&gt;{{name}}&lt;/div&gt;
<span class='line-number'>458</span>	                &lt;div&gt;{{price}}&lt;/div&gt;
<span class='line-number'>459</span>	            &lt;/div&gt;
<span class='line-number'>460</span>	        &lt;/a&gt;
<span class='line-number'>461</span>	        &lt;div class=&quot;u-margin-left u-pull--right u-hidden-xs u-hidden-xxs&quot;&gt;
<span class='line-number'>462</span>	            &lt;button class=&quot;btn btn--primary btn--condensed u-no-margin dw-mod {{hideBuyOptions}} js-ignore-click-outside&quot; onclick=&quot;Cart.AddToCart(event, &#39;{{id}}&#39;, &#39;1&#39;)&quot;&gt;&lt;i class=&quot;fa fa-shopping-cart js-ignore-click-outside&quot;&gt;&lt;/i&gt;&lt;/button&gt;
<span class='line-number'>463</span>	            &lt;a href=&quot;{{link}}&quot; class=&quot;btn btn--secondary btn--condensed u-no-margin dw-mod {{hideViewMore}} js-ignore-click-outside&quot;&gt;@Translate(&quot;View&quot;)&lt;/a&gt;
<span class='line-number'>464</span>	        &lt;/div&gt;
<span class='line-number'>465</span>	    &lt;/li&gt;
<span class='line-number'>466</span>	&lt;/script&gt;
<span class='line-number'>467</span>	&lt;script id=&quot;SearchEmpty&quot; type=&quot;text/x-template&quot;&gt;
<span class='line-number'>468</span>	    &lt;li class=&quot;u-margin u-padding-left&quot;&gt;
<span class='line-number'>469</span>	        @Translate(&quot;Your search gave 0 results&quot;)
<span class='line-number'>470</span>	    &lt;/li&gt;
<span class='line-number'>471</span>	&lt;/script&gt;
<span class='line-number'>472</span>	&lt;!-- Javascript --&gt;
<span class='line-number'>473</span>	&lt;script src=&quot;/Files/Templates/Designs/Rapido/js/master.min.js&quot;&gt;&lt;/script&gt;
<span class='line-number'>474</span>	
<span class='line-number'>475</span>	@if (Model.Area.Item.GetBoolean(&quot;UseCustomJavascript&quot;))
<span class='line-number'>476</span>	{
<span class='line-number'>477</span>	    &lt;script src=&quot;/Files/Templates/Designs/Rapido/js/custom.min.js&quot;&gt;&lt;/script&gt;
<span class='line-number'>478</span>	}
<span class='line-number'>479</span>	
</div>

