2018-05-07 10:34:08.2206|ERROR|Templates|Error compiling razor template
RazorEngine.Templating.TemplateCompilationException: Unable to compile template. The name 'stopImpersonateTranslation' does not exist in the current context

Other compilation errors may have occurred. Check the Errors property for more information.
   at RazorEngine.Compilation.DirectCompilerServiceBase.CompileType(TypeContext context)
   at RazorEngine.Templating.TemplateService.CreateTemplateType(String razorTemplate, Type modelType)
   at RazorEngine.Templating.TemplateService.GetTemplate[T](String razorTemplate, Object model, String cacheName)
   at RazorEngine.Templating.TemplateService.GetTemplate(String razorTemplate, Object model, String cacheName)
   at RazorEngine.Templating.TemplateService.Parse(String razorTemplate, Object model, DynamicViewBag viewBag, String cacheName)
   at RazorEngine.Razor.Parse[T](String razorTemplate, T model, String cacheName)
   at Dynamicweb.Rendering.Template.RenderRazorTemplate()
Error compiling template "Designs/Rapido/QueryPublisher/SecondaryUsers.cshtml"
Line 236: The name 'stopImpersonateTranslation' does not exist in the current context
<hr/>
<div class='template-code'>
<span class='line-number'>  1</span>	@inherits Dynamicweb.Rendering.RazorTemplateBase&lt;Dynamicweb.Rendering.RazorTemplateModel&lt;Dynamicweb.Rendering.Template&gt;&gt;
<span class='line-number'>  2</span>	@using Dynamicweb.Modules.UserManagement;
<span class='line-number'>  3</span>	
<span class='line-number'>  4</span>	@using Dynamicweb.Extensibility
<span class='line-number'>  5</span>	@using Dynamicweb.Content
<span class='line-number'>  6</span>	@using System
<span class='line-number'>  7</span>	
<span class='line-number'>  8</span>	@{
<span class='line-number'>  9</span>	    string siteurl = GetGlobalValue(&quot;Global:Request.Url&quot;).ToString();
<span class='line-number'> 10</span>	    int ImpersonationFeed = GetPageIdByNavigationTag(&quot;UsersFeed&quot;);
<span class='line-number'> 11</span>	    Pageview.Meta.Title = Translate(&quot;Manage Accounts&quot;);
<span class='line-number'> 12</span>	}
<span class='line-number'> 13</span>	&lt;div class=&quot;paragraph-container grid__col-x&quot;&gt;
<span class='line-number'> 14</span>	    @if (string.IsNullOrWhiteSpace(GetGlobalValue(&quot;Global:Extranet.SecondaryUser.UserID&quot;)))
<span class='line-number'> 15</span>	    {
<span class='line-number'> 16</span>	        &lt;div class=&quot;grid__cell&quot;&gt;
<span class='line-number'> 17</span>	            &lt;h3  style=&quot;text-align:center&quot;&gt;@Translate(&quot;Customers you can impersonate&quot;)&lt;/h3&gt;
<span class='line-number'> 18</span>	            &lt;div&gt;
<span class='line-number'> 19</span>	                &lt;input type=&quot;text&quot; class=&quot;u-full-width&quot; placeholder=&quot;@Translate(&quot;Search customer&quot;)&quot; name=&quot;q&quot; onkeyup=&quot;Dynamo.UpdateContent(&#39;searchUsersResultsHeader&#39;, &#39;/Default.aspx?ID=@ImpersonationFeed&amp;q=&#39; + this.value);&quot;&gt;
<span class='line-number'> 20</span>	            &lt;/div&gt;
<span class='line-number'> 21</span>	        &lt;/div&gt;
<span class='line-number'> 22</span>	        &lt;div id=&quot;searchUsersResultsHeader&quot; class=&quot;js-ajax-container&quot; data-template=&quot;SearchUsersResult&quot; data-json-feed=&quot;/Default.aspx?ID=@ImpersonationFeed&quot; data-preloader=&quot;minimal&quot;&gt;&lt;/div&gt;
<span class='line-number'> 23</span>	
<span class='line-number'> 24</span>	        &lt;script id=&quot;SearchUsersResult&quot; type=&quot;text/x-template&quot;&gt;
<span class='line-number'> 25</span>	          
<span class='line-number'> 26</span>	            &lt;div id=&quot;Users&quot; data-template=&quot;User&quot;&gt;&lt;/div&gt;
<span class='line-number'> 27</span>	            
<span class='line-number'> 28</span>	            &lt;div id=&quot;Paginations&quot; data-template=&quot;Pagination&quot;&gt;&lt;/div&gt;
<span class='line-number'> 29</span>	        &lt;/script&gt;
<span class='line-number'> 30</span>	
<span class='line-number'> 31</span>	        &lt;script id=&quot;Pagination&quot; type=&quot;text/x-template&quot;&gt;
<span class='line-number'> 32</span>	            &lt;div class=&quot;grid__col--line-top {{hidePagination}}&quot;&gt;
<span class='line-number'> 33</span>	                &lt;div class=&quot;grid__cell&quot;&gt;
<span class='line-number'> 34</span>	                    &lt;span class=&quot;u-pull--left&quot;&gt;
<span class='line-number'> 35</span>	                        &lt;span&gt;@Translate(&quot;Page&quot;) {{current}} @Translate(&quot;of&quot;)  {{total}}&lt;/span&gt;
<span class='line-number'> 36</span>	                    &lt;/span&gt;
<span class='line-number'> 37</span>	                    &lt;div class=&quot;u-pull--right&quot;&gt;
<span class='line-number'> 38</span>	                        &lt;button class=&quot;pager__btn {{prevDisabled}} dw-mod&quot; onclick=&quot;Dynamo.UpdateContent(&#39;searchUsersResultsHeader&#39;, &#39;{{prevPage}}&#39;)&quot; {{prevDisabled}}&gt;
<span class='line-number'> 39</span>	                            &lt;span&gt;&lt;i class=&quot;fa fa-angle-left&quot;&gt;&lt;/i&gt;&lt;/span&gt; 
<span class='line-number'> 40</span>	                        &lt;/button&gt; 
<span class='line-number'> 41</span>	                        &lt;ul class=&quot;pager&quot; id=&quot;Buttons&quot;&gt;&lt;/ul&gt;
<span class='line-number'> 42</span>	                        &lt;button class=&quot;pager__btn {{nextDisabled}} dw-mod&quot; onclick=&quot;Dynamo.UpdateContent(&#39;searchUsersResultsHeader&#39;, &#39;{{nextPage}}&#39;)&quot; {{nextDisabled}}&gt;
<span class='line-number'> 43</span>	                            &lt;span&gt;&lt;i class=&quot;fa fa-angle-right&quot;&gt;&lt;/i&gt;&lt;/span&gt;
<span class='line-number'> 44</span>	                        &lt;/button&gt; 
<span class='line-number'> 45</span>	                    &lt;/div&gt;
<span class='line-number'> 46</span>	                &lt;/div&gt;
<span class='line-number'> 47</span>	            &lt;/div&gt;
<span class='line-number'> 48</span>	        &lt;/script&gt;
<span class='line-number'> 49</span>	
<span class='line-number'> 50</span>	        &lt;script id=&quot;PaginationEllipsis&quot; type=&quot;text/x-template&quot;&gt;
<span class='line-number'> 51</span>	            &lt;li class=&quot;pager__btn disabled dw-mod&quot;&gt;&lt;span&gt;…&lt;/span&gt;&lt;/li&gt;
<span class='line-number'> 52</span>	        &lt;/script&gt;
<span class='line-number'> 53</span>	
<span class='line-number'> 54</span>	        &lt;script id=&quot;PaginationCurrentPage&quot; type=&quot;text/x-template&quot;&gt;
<span class='line-number'> 55</span>	            &lt;li class=&quot;pager__btn pager__btn--current dw-mod&quot;&gt;&lt;span&gt;{{text}}&lt;/span&gt;&lt;/li&gt;
<span class='line-number'> 56</span>	        &lt;/script&gt;
<span class='line-number'> 57</span>	
<span class='line-number'> 58</span>	        &lt;script id=&quot;PaginationLink&quot; type=&quot;text/x-template&quot;&gt;
<span class='line-number'> 59</span>	            &lt;li class=&quot;pager__btn dw-mod&quot; onclick=&quot;Dynamo.UpdateContent(&#39;searchUsersResultsHeader&#39;, &#39;{{link}}&#39; )&quot;&gt;&lt;span&gt;{{text}}&lt;/span&gt;&lt;/li&gt;
<span class='line-number'> 60</span>	        &lt;/script&gt;
<span class='line-number'> 61</span>	        
<span class='line-number'> 62</span>	        &lt;script id=&quot;User&quot; type=&quot;text/x-template&quot;&gt;
<span class='line-number'> 63</span>	            &lt;form method=&quot;post&quot; class=&quot;grid__col--line-top u-no-margin&quot; name=&quot;account{{id}}&quot;&gt;
<span class='line-number'> 64</span>	                &lt;input type=&quot;hidden&quot; id=&quot;DWExtranetSecondaryUserSelector&quot; name=&quot;DWExtranetSecondaryUserSelector&quot; value=&quot;{{id}}&quot; /&gt;
<span class='line-number'> 65</span>	                &lt;div class=&quot;grid__cell&quot;&gt;
<span class='line-number'> 66</span>	                    &lt;div class=&quot;u-pull--left&quot;&gt;
<span class='line-number'> 67</span>	                        &lt;div&gt;&lt;b&gt;{{userName}}&lt;/b&gt;&lt;/div&gt;
<span class='line-number'> 68</span>	                        &lt;div&gt;{{email}}&lt;/div&gt;
<span class='line-number'> 69</span>	                    &lt;/div&gt;
<span class='line-number'> 70</span>	                    &lt;input type=&quot;submit&quot; class=&quot;btn btn--secondary dw-mod u-pull--right u-no-margin&quot; tabindex=&quot;3&quot; value=&quot;@Translate(&quot;Impersonate&quot;)&quot; /&gt;
<span class='line-number'> 71</span>	                &lt;/div&gt;
<span class='line-number'> 72</span>	            &lt;/form&gt;
<span class='line-number'> 73</span>	        &lt;/script&gt;
<span class='line-number'> 74</span>	    }
<span class='line-number'> 75</span>	    else
<span class='line-number'> 76</span>	    {
<span class='line-number'> 77</span>	        &lt;script id=&quot;User&quot; type=&quot;text/x-template&quot;&gt;
<span class='line-number'> 78</span>	            string stopImpersonateTranslation = Translate(&quot;Stop impersonation&quot;, &quot;Stop impersonation&quot;);
<span class='line-number'> 79</span>	            &lt;div class=&quot;grid__col-x paragraph-container&quot;&gt;
<span class='line-number'> 80</span>	                &lt;div class=&quot;grid__cell&quot;&gt;
<span class='line-number'> 81</span>	                    &lt;h3 style=&quot;text-align:center&quot;&gt;@Translate(&quot;Stop Impersonation&quot;)&lt;/h3&gt;
<span class='line-number'> 82</span>	                    &lt;div class=&quot;u-pull--left&quot;&gt;@Translate(&quot;If you want to login as another customer, you have to stop impersonating.&quot;, &quot;If you want to login as another user, you have to stop impersonating.&quot;)&lt;/div&gt;
<span class='line-number'> 83</span>	                    &lt;input type=&quot;hidden&quot; id=&quot;DWExtranetSecondaryUserSelector&quot; name=&quot;DWExtranetSecondaryUserSelector&quot; value=&quot;{{id}}&quot; /&gt;
<span class='line-number'> 84</span>	                    &lt;div class=&quot;u-pull--left&quot;&gt;
<span class='line-number'> 85</span>	                        &lt;div&gt;&lt;b&gt;{{userName}}&lt;/b&gt;&lt;/div&gt;
<span class='line-number'> 86</span>	                        &lt;div&gt;{{email}}&lt;/div&gt;
<span class='line-number'> 87</span>	                    &lt;/div&gt;
<span class='line-number'> 88</span>	                    &lt;form method=&quot;post&quot; class=&quot;u-pull--right u-no-margin&quot;&gt;
<span class='line-number'> 89</span>	
<span class='line-number'> 90</span>	                        &lt;input type=&quot;submit&quot; class=&quot;btn btn--secondary dw-mod u-no-margin&quot; name=&quot;DwExtranetRemoveSecondaryUser&quot; value=&quot;@stopImpersonateTranslation&quot;&gt;
<span class='line-number'> 91</span>	                    &lt;/form&gt;
<span class='line-number'> 92</span>	                &lt;/div&gt;
<span class='line-number'> 93</span>	            &lt;/div&gt;
<span class='line-number'> 94</span>	            &lt;/script&gt;
<span class='line-number'> 95</span>	            }
<span class='line-number'> 96</span>	&lt;/div&gt;
</div>

