2018-05-09 13:02:42.8135|ERROR|Templates|Error compiling razor template
RazorEngine.Templating.TemplateCompilationException: Unable to compile template. The name 'productCatalogId' does not exist in the current context

Other compilation errors may have occurred. Check the Errors property for more information.
   at RazorEngine.Compilation.DirectCompilerServiceBase.CompileType(TypeContext context)
   at RazorEngine.Templating.TemplateService.CreateTemplateType(String razorTemplate, Type modelType)
   at RazorEngine.Templating.TemplateService.GetTemplate[T](String razorTemplate, Object model, String cacheName)
   at RazorEngine.Templating.TemplateService.GetTemplate(String razorTemplate, Object model, String cacheName)
   at RazorEngine.Templating.TemplateService.Parse(String razorTemplate, Object model, DynamicViewBag viewBag, String cacheName)
   at RazorEngine.Razor.Parse[T](String razorTemplate, T model, String cacheName)
   at Dynamicweb.Rendering.Template.RenderRazorTemplate()
Error compiling template "Designs/Rapido/eCom/Product/Product.cshtml"
Line 1877: The name 'productCatalogId' does not exist in the current context
Line 1881: The name 'requestQuery' does not exist in the current context
Line 1885: The name 'productCatalogId' does not exist in the current context
<hr/>
<div class='template-code'>
<span class='line-number'>  1</span>	@inherits Dynamicweb.Rendering.RazorTemplateBase&lt;Dynamicweb.Rendering.RazorTemplateModel&lt;Dynamicweb.Rendering.Template&gt;&gt;
<span class='line-number'>  2</span>	@using Dynamicweb.Extensibility
<span class='line-number'>  3</span>	@using Dynamicweb.Content
<span class='line-number'>  4</span>	@using System
<span class='line-number'>  5</span>	@using System.IO
<span class='line-number'>  6</span>	
<span class='line-number'>  7</span>	@{
<span class='line-number'>  8</span>	    string pageId = GetGlobalValue(&quot;Global:Page.ID&quot;).ToString();
<span class='line-number'>  9</span>	    string productId = GetString(&quot;Ecom:Product.ID&quot;);
<span class='line-number'> 10</span>	    string onSale = GetString(&quot;Ecom:Product.Discount.Price.PriceWithVATFormatted&quot;) == GetString(&quot;Ecom:Product.Price.PriceWithVATFormatted&quot;) ? &quot;u-hidden&quot; : &quot;&quot;;
<span class='line-number'> 11</span>	    string currentPrice = AddSpaceAfterCurrency(GetString(&quot;Ecom:Product.Discount.Price.PriceWithVATFormatted&quot;) == GetString(&quot;Ecom:Product.Price.PriceWithVATFormatted&quot;) ? GetString(&quot;Ecom:Product.Price.PriceWithVATFormatted&quot;) : GetString(&quot;Ecom:Product.Discount.Price.PriceWithVATFormatted&quot;));
<span class='line-number'> 12</span>	    string hideHelpText = &quot;&quot;;
<span class='line-number'> 13</span>	    string feedId = GetPageIdByNavigationTag(&quot;ProductsFeed&quot;).ToString();
<span class='line-number'> 14</span>	    int featuresCount = 0;
<span class='line-number'> 15</span>	    int thumbsCount = GetLoop(&quot;Details&quot;).Count;
<span class='line-number'> 16</span>	
<span class='line-number'> 17</span>	    foreach (LoopItem customField in GetLoop(&quot;CustomFieldValues&quot;))
<span class='line-number'> 18</span>	    {
<span class='line-number'> 19</span>	        if (!String.IsNullOrEmpty(customField.GetString(&quot;Product.CustomField.Value.Clean&quot;)))
<span class='line-number'> 20</span>	        {
<span class='line-number'> 21</span>	            featuresCount++;
<span class='line-number'> 22</span>	        }
<span class='line-number'> 23</span>	    }
<span class='line-number'> 24</span>	
<span class='line-number'> 25</span>	    foreach (LoopItem customField in GetLoop(&quot;ProductCategories&quot;))
<span class='line-number'> 26</span>	    {
<span class='line-number'> 27</span>	        foreach (LoopItem field in customField.GetLoop(&quot;ProductCategoryFields&quot;))
<span class='line-number'> 28</span>	        {
<span class='line-number'> 29</span>	            if (!String.IsNullOrEmpty(field.GetString(&quot;Ecom:Product.CategoryField.Value&quot;)))
<span class='line-number'> 30</span>	            {
<span class='line-number'> 31</span>	                featuresCount++;
<span class='line-number'> 32</span>	            }
<span class='line-number'> 33</span>	        }
<span class='line-number'> 34</span>	    }
<span class='line-number'> 35</span>	
<span class='line-number'> 36</span>	    foreach (LoopItem alternativeImage in GetLoop(&quot;Ecom:Product.AlternativeImages&quot;))
<span class='line-number'> 37</span>	    {
<span class='line-number'> 38</span>	        if (!String.IsNullOrEmpty(alternativeImage.GetString(&quot;Ecom:Product.AlternativeImages.Image&quot;)))
<span class='line-number'> 39</span>	        {
<span class='line-number'> 40</span>	            thumbsCount++;
<span class='line-number'> 41</span>	        }
<span class='line-number'> 42</span>	    }
<span class='line-number'> 43</span>	
<span class='line-number'> 44</span>	    foreach (LoopItem variantgroup in GetLoop(&quot;VariantGroups&quot;))
<span class='line-number'> 45</span>	    {
<span class='line-number'> 46</span>	        foreach (LoopItem variantoption in variantgroup.GetLoop(&quot;VariantAvailableOptions&quot;))
<span class='line-number'> 47</span>	        {
<span class='line-number'> 48</span>	            if (variantoption.GetBoolean(&quot;Ecom:VariantOption.Selected&quot;))
<span class='line-number'> 49</span>	            {
<span class='line-number'> 50</span>	                hideHelpText = &quot;u-hidden&quot;;
<span class='line-number'> 51</span>	            }
<span class='line-number'> 52</span>	        }
<span class='line-number'> 53</span>	    }
<span class='line-number'> 54</span>	
<span class='line-number'> 55</span>	    int relatedProductsPageSize = 4;
<span class='line-number'> 56</span>	    int relatedProductsColumnWidth = 3;
<span class='line-number'> 57</span>	
<span class='line-number'> 58</span>	    if (Pageview.Device.ToString() == &quot;Mobile&quot;)
<span class='line-number'> 59</span>	    {
<span class='line-number'> 60</span>	        relatedProductsPageSize = 1;
<span class='line-number'> 61</span>	        relatedProductsColumnWidth = 12;
<span class='line-number'> 62</span>	    }
<span class='line-number'> 63</span>	
<span class='line-number'> 64</span>	    if (Pageview.Device.ToString() == &quot;Tablet&quot;)
<span class='line-number'> 65</span>	    {
<span class='line-number'> 66</span>	        relatedProductsPageSize = 3;
<span class='line-number'> 67</span>	        relatedProductsColumnWidth = 4;
<span class='line-number'> 68</span>	    }
<span class='line-number'> 69</span>	
<span class='line-number'> 70</span>	    string feedPageUrl = &quot;/Default.aspx?ID=&quot; + GetPageIdByNavigationTag(&quot;RelatedProductsFeed&quot;);
<span class='line-number'> 71</span>	    string feedFullUrl = feedPageUrl + &quot;&amp;feedType=productCatalog&amp;PageSize=&quot; + relatedProductsPageSize + &quot;&amp;ProdID=&quot; + productId;
<span class='line-number'> 72</span>	    string productContainerId = &quot;Product&quot; + productId;
<span class='line-number'> 73</span>	
<span class='line-number'> 74</span>	    string HideStockStatus = GetString(&quot;Ecom:Product:Field.HideShowStock&quot;);
<span class='line-number'> 75</span>	
<span class='line-number'> 76</span>	}
<span class='line-number'> 77</span>	
<span class='line-number'> 78</span>	
<span class='line-number'> 79</span>	@functions {
<span class='line-number'> 80</span>	    string AddSpaceAfterCurrency(string str)
<span class='line-number'> 81</span>	    {
<span class='line-number'> 82</span>	        return str.Insert(str.IndexOfAny(&quot;0123456789-&quot;.ToCharArray()), &quot; &quot;);
<span class='line-number'> 83</span>	    }
<span class='line-number'> 84</span>	}
<span class='line-number'> 85</span>	
<span class='line-number'> 86</span>	&lt;!-- Trigger for the image modal --&gt;
<span class='line-number'> 87</span>	&lt;input type=&quot;checkbox&quot; id=&quot;ImageModalTrigger&quot; class=&quot;modal-trigger&quot; /&gt;
<span class='line-number'> 88</span>	
<span class='line-number'> 89</span>	&lt;!-- Image modal --&gt;
<span class='line-number'> 90</span>	&lt;div class=&quot;modal-container&quot;&gt;
<span class='line-number'> 91</span>	    &lt;label for=&quot;ImageModalTrigger&quot; id=&quot;ImageModalOverlay&quot; class=&quot;modal-overlay&quot;&gt;&lt;/label&gt;
<span class='line-number'> 92</span>	    &lt;div class=&quot;modal modal--full&quot; id=&quot;ImageModal&quot;&gt;
<span class='line-number'> 93</span>	        &lt;div class=&quot;modal__body&quot;&gt;
<span class='line-number'> 94</span>	            &lt;img id=&quot;FullImage&quot; class=&quot;modal--full__img&quot; src=&quot;@GetString(&quot;Ecom:Product.ImageLarge.Default.Clean&quot;)&quot; alt=&quot;@GetString(&quot;Ecom:Product.Name&quot;)&quot; /&gt;
<span class='line-number'> 95</span>	        &lt;/div&gt;
<span class='line-number'> 96</span>	    &lt;/div&gt;
<span class='line-number'> 97</span>	&lt;/div&gt;
<span class='line-number'> 98</span>	
<span class='line-number'> 99</span>	&lt;div class=&quot;paragraph-container__grid--bleed-x paragraph-container__grid--bleed-y&quot;&gt;
<span class='line-number'>100</span>	    &lt;div class=&quot;grid product&quot; id=&quot;productGrid&quot;&gt;
<span class='line-number'>101</span>	        @* Image block with optional thumbs *@
<span class='line-number'>102</span>	        @if (!String.IsNullOrEmpty(GetString(&quot;Ecom:Product.ImageLarge.Default.Clean&quot;)))
<span class='line-number'>103</span>	        {
<span class='line-number'>104</span>	            &lt;div class=&quot;grid__col-md-6 grid__col-sm-6&quot;&gt;
<span class='line-number'>105</span>	                &lt;div class=&quot;grid grid--bleed&quot;&gt;
<span class='line-number'>106</span>	                    @if (thumbsCount &gt; 0)
<span class='line-number'>107</span>	                {
<span class='line-number'>108</span>	                        &lt;div class=&quot;grid__col-2 u-hidden-xxs product__thumbs dw-mod&quot;&gt;
<span class='line-number'>109</span>	                            &lt;div class=&quot;thumb-list&quot;&gt;
<span class='line-number'>110</span>	                                &lt;div class=&quot;thumb-list__item thumb-list__item--active dw-mod js-thumb-btn&quot; onmouseover=&quot;ImageList.LoadImage(this)&quot; data-for=&quot;Image_@productId&quot; data-full-image=&quot;@GetString(&quot;Ecom:Product.ImageLarge.Default.Clean&quot;)&quot; data-image-path=&quot;/Admin/Public/GetImage.ashx?width=550&amp;amp;height=550&amp;amp;crop=5&amp;DoNotUpscale=true&amp;amp;Compression=75&amp;amp;image=@GetString(&quot;Ecom:Product.ImageLarge.Default.Clean&quot;)&quot;&gt;&lt;img src=&quot;/Admin/Public/GetImage.ashx?width=100&amp;amp;height=100&amp;amp;crop=5&amp;amp;DoNotUpscale=true&amp;amp;Compression=75&amp;amp;image=@GetString(&quot;Ecom:Product.ImageLarge.Default.Clean&quot;)&quot; alt=&quot;@GetString(&quot;Ecom:Product.Name&quot;)&quot;&gt;&lt;/div&gt;
<span class='line-number'>111</span>	
<span class='line-number'>112</span>	                                @foreach (LoopItem alternativeImage in GetLoop(&quot;Ecom:Product.AlternativeImages&quot;))
<span class='line-number'>113</span>	                                {
<span class='line-number'>114</span>	                                    if (!String.IsNullOrEmpty(alternativeImage.GetString(&quot;Ecom:Product.AlternativeImages.Image&quot;)))
<span class='line-number'>115</span>	                                    {
<span class='line-number'>116</span>	                                        string fullImage = alternativeImage.GetString(&quot;Ecom:Product.AlternativeImages.Image&quot;);
<span class='line-number'>117</span>	                                        string image = &quot;/Admin/Public/GetImage.ashx?width=550&amp;amp;height=550&amp;amp;crop=5&amp;DoNotUpscale=true&amp;amp;Compression=75&amp;amp;image=&quot; + alternativeImage.GetString(&quot;Ecom:Product.AlternativeImages.Image&quot;);
<span class='line-number'>118</span>	                                        string thumb = &quot;/Admin/Public/GetImage.ashx?width=100&amp;amp;height=100&amp;amp;crop=5&amp;DoNotUpscale=true&amp;amp;Compression=75&amp;amp;image=&quot; + alternativeImage.GetString(&quot;Ecom:Product.AlternativeImages.Image&quot;);
<span class='line-number'>119</span>	
<span class='line-number'>120</span>	                                        &lt;div class=&quot;thumb-list__item dw-mod js-thumb-btn&quot; onmouseover=&quot;ImageList.LoadImage(this)&quot; data-for=&quot;Image_@productId&quot; data-full-image=&quot;@fullImage&quot; data-image-path=&quot;@image&quot;&gt;&lt;img src=&quot;@thumb&quot; alt=&quot;@GetString(&quot;Ecom:Product.Name&quot;)&quot;&gt;&lt;/div&gt;
<span class='line-number'>121</span>	                                    }
<span class='line-number'>122</span>	                                }
<span class='line-number'>123</span>	
<span class='line-number'>124</span>	                                @foreach (LoopItem detail in GetLoop(&quot;Details&quot;))
<span class='line-number'>125</span>	                                {
<span class='line-number'>126</span>	                                    string fullImage = detail.GetString(&quot;Ecom:Product:Detail.Image.Clean&quot;);
<span class='line-number'>127</span>	                                    string image = &quot;/Admin/Public/GetImage.ashx?width=550&amp;amp;height=550&amp;amp;crop=5&amp;DoNotUpscale=true&amp;amp;Compression=75&amp;amp;image=&quot; + detail.GetString(&quot;Ecom:Product:Detail.Image.Clean&quot;);
<span class='line-number'>128</span>	                                    string thumb = &quot;/Admin/Public/GetImage.ashx?width=100&amp;amp;height=100&amp;amp;crop=5&amp;DoNotUpscale=true&amp;amp;Compression=75&amp;amp;image=&quot; + detail.GetString(&quot;Ecom:Product:Detail.Image.Clean&quot;);
<span class='line-number'>129</span>	
<span class='line-number'>130</span>	                                    &lt;div class=&quot;thumb-list__item dw-mod js-thumb-btn&quot; onmouseover=&quot;ImageList.LoadImage(this)&quot; data-for=&quot;Image_@productId&quot; data-full-image=&quot;@fullImage&quot; data-image-path=&quot;@image&quot;&gt;&lt;img src=&quot;@thumb&quot; alt=&quot;@GetString(&quot;Ecom:Product.Name&quot;)&quot;&gt;&lt;/div&gt;
<span class='line-number'>131</span>	                                }
<span class='line-number'>132</span>	                            &lt;/div&gt;
<span class='line-number'>133</span>	                        &lt;/div&gt;
<span class='line-number'>134</span>	                    }
<span class='line-number'>135</span>	                    &lt;div class=&quot;grid__col-auto&quot;&gt;
<span class='line-number'>136</span>	                        @if (GetString(&quot;Ecom:Product.Discount.Price.PriceWithVATFormatted&quot;) != GetString(&quot;Ecom:Product.Price.PriceWithVATFormatted&quot;))
<span class='line-number'>137</span>	                        {
<span class='line-number'>138</span>	                            &lt;div class=&quot;sticker u-margin-left dw-mod&quot;&gt;@Translate(&quot;Sale!&quot;)&lt;/div&gt;
<span class='line-number'>139</span>	                        }
<span class='line-number'>140</span>	                        &lt;label for=&quot;ImageModalTrigger&quot; class=&quot;product__image-container&quot;&gt;
<span class='line-number'>141</span>	                            &lt;img class=&quot;thumb-image-view product__image-container__image dw-mod&quot; onclick=&quot;document.getElementById(&#39;FullImage&#39;).src = this.getAttribute(&#39;data-full-image&#39;)&quot; id=&quot;Image_@productId&quot; src=&quot;/Admin/Public/GetImage.ashx?crop=5&amp;height=550&amp;width=550&amp;Compression=75&amp;DoNotUpscale=true&amp;image=@GetString(&quot;Ecom:Product.ImageLarge.Default.Clean&quot;)&quot; data-full-image=&quot;@GetString(&quot;Ecom:Product.ImageLarge.Default.Clean&quot;)&quot; alt=&quot;@GetString(&quot;Ecom:Product.Name&quot;)&quot; /&gt;
<span class='line-number'>142</span>	                        &lt;/label&gt;
<span class='line-number'>143</span>	                    &lt;/div&gt;
<span class='line-number'>144</span>	                &lt;/div&gt;
<span class='line-number'>145</span>	            &lt;/div&gt;
<span class='line-number'>146</span>	        }
<span class='line-number'>147</span>	
<span class='line-number'>148</span>	        @* Primary product informations *@
<span class='line-number'>149</span>	        &lt;div class=&quot;grid__col-auto product__info dw-mod&quot;&gt;
<span class='line-number'>150</span>	            &lt;div class=&quot;grid__cell&quot;&gt;
<span class='line-number'>151</span>	                &lt;div class=&quot;u-pull--left product__title dw-mod&quot;&gt;
<span class='line-number'>152</span>	                    &lt;h1 class=&quot;u-no-margin&quot;&gt;@GetString(&quot;Ecom:Product.Name&quot;) @GetString(&quot;Ecom:Product.SelectedVariantComboName&quot;)&lt;/h1&gt;
<span class='line-number'>153</span>	                    &lt;div class=&quot;item-number dw-mod&quot;&gt;@GetString(&quot;Ecom:Product.Number&quot;)&lt;/div&gt;
<span class='line-number'>154</span>	                &lt;/div&gt;
<span class='line-number'>155</span>	                @*&lt;div class=&quot;u-pull--right&quot;&gt;
<span class='line-number'>156</span>	                    @if (Dynamicweb.Core.Converter.ToBoolean(GetGlobalValue(&quot;Global:Extranet.UserName&quot;)))
<span class='line-number'>157</span>	                    {
<span class='line-number'>158</span>	                        string favoriteId = &quot;Favorite&quot; + GetString(&quot;Ecom:Product.ID&quot;);
<span class='line-number'>159</span>	                        &lt;div id=&quot;@favoriteId&quot; class=&quot;favorites favorites--md u-pull--right dw-mod&quot;&gt;
<span class='line-number'>160</span>	                            &lt;div&gt;
<span class='line-number'>161</span>	                                @{ string favorite = GetBoolean(&quot;Ecom:Product.IsProductInFavoriteList&quot;) ? &quot;fa fa-star&quot; : &quot;fa fa-star-o&quot;; }
<span class='line-number'>162</span>	                                &lt;i class=&quot;@favorite fa-1_5x&quot;&gt;&lt;/i&gt;
<span class='line-number'>163</span>	                            &lt;/div&gt;
<span class='line-number'>164</span>	
<span class='line-number'>165</span>	                            &lt;div class=&quot;favorites-list__container dw-mod&quot;&gt;
<span class='line-number'>166</span>	                                &lt;ul class=&quot;list list--clean dw-mod&quot;&gt;
<span class='line-number'>167</span>	                                    @foreach (LoopItem listType in GetLoop(&quot;CustomerCenter.ListTypes&quot;))
<span class='line-number'>168</span>	                                    {
<span class='line-number'>169</span>	                                        foreach (LoopItem list in listType.GetLoop(&quot;CustomerCenter.ProductLists&quot;))
<span class='line-number'>170</span>	                                        {
<span class='line-number'>171</span>	                                            &lt;li&gt;
<span class='line-number'>172</span>	                                                @{string favLinkType = list.GetString(&quot;Ecom:Product.List.IsProductInThisList&quot;) == &quot;True&quot; ? list.GetString(&quot;Ecom:Product.RemoveFromThisList&quot;) : list.GetString(&quot;Ecom:Product.AddToThisListAction&quot;);}
<span class='line-number'>173</span>	                                                @{string isInListIcon = list.GetString(&quot;Ecom:Product.List.IsProductInThisList&quot;) == &quot;True&quot; ? &quot;fa fa-star&quot; : &quot;fa fa-star-o&quot;;}
<span class='line-number'>174</span>	                                                &lt;a href=&quot;@favLinkType&quot; class=&quot;list__link dw-mod&quot;&gt;&lt;i class=&quot;@isInListIcon&quot;&gt;&lt;/i&gt; @list.GetValue(&quot;Ecom:CustomerCenter.List.Name&quot;)&lt;/a&gt;
<span class='line-number'>175</span>	                                            &lt;/li&gt;
<span class='line-number'>176</span>	                                                        }
<span class='line-number'>177</span>	                                                    }
<span class='line-number'>178</span>	                                &lt;/ul&gt;
<span class='line-number'>179</span>	                            &lt;/div&gt;
<span class='line-number'>180</span>	                        &lt;/div&gt;
<span class='line-number'>181</span>	                                                    }
<span class='line-number'>182</span>	                &lt;/div&gt;*@
<span class='line-number'>183</span>	
<span class='line-number'>184</span>	                &lt;div&gt;
<span class='line-number'>185</span>	                    &lt;div class=&quot;u-border-bottom u-full-width u-pull--left&quot;&gt;&lt;/div&gt;
<span class='line-number'>186</span>	
<span class='line-number'>187</span>	                   @* 
<span class='line-number'>188</span>	                       // Delivery + stock information 
<span class='line-number'>189</span>	                    @if (HideStockStatus == &quot;False&quot;)
<span class='line-number'>190</span>	                    {
<span class='line-number'>191</span>	                        string stockIcon = GetInteger(&quot;Ecom:Product.Stock&quot;) &gt; 0 ? &quot;stock-icon--in&quot; : &quot;stock-icon--not&quot;;
<span class='line-number'>192</span>	                        &lt;table class=&quot;table table--clean delivery-and-stock-info dw-mod&quot;&gt;
<span class='line-number'>193</span>	                            &lt;tr&gt;
<span class='line-number'>194</span>	                                &lt;td class=&quot;u-no-padding&quot;&gt;@GetString(&quot;Ecom:Product:Stock.Text&quot;) &lt;div class=&quot;stock-icon @stockIcon&quot;&gt;&lt;/div&gt;&lt;/td&gt;
<span class='line-number'>195</span>	                                @if (!String.IsNullOrEmpty(GetString(&quot;Ecom:Product:Stock.Text&quot;)) || !String.IsNullOrEmpty(GetString(&quot;Ecom:Product:Stock.DeliveryText&quot;)))
<span class='line-number'>196</span>	                                {
<span class='line-number'>197</span>	                                    if (!String.IsNullOrEmpty(GetString(&quot;Ecom:Product:Stock.DeliveryText&quot;)))
<span class='line-number'>198</span>	                                    {
<span class='line-number'>199</span>	                                        &lt;td class=&quot;u-no-padding u-ta-right&quot;&gt;@Translate(&quot;Shipping&quot;) @GetString(&quot;Ecom:Product:Stock.DeliveryText&quot;) @GetString(&quot;Ecom:Product:Stock.DeliveryUnit&quot;)&lt;/td&gt;
<span class='line-number'>200</span>	                                    }
<span class='line-number'>201</span>	                                }
<span class='line-number'>202</span>	                            &lt;/tr&gt;
<span class='line-number'>203</span>	                        &lt;/table&gt;
<span class='line-number'>204</span>	
<span class='line-number'>205</span>	                    }
<span class='line-number'>206</span>	                    *@                  
<span class='line-number'>207</span>	                    @* Short description *@
<span class='line-number'>208</span>	                    @if (!String.IsNullOrEmpty(GetString(&quot;Ecom:Product.ShortDescription&quot;)))
<span class='line-number'>209</span>	                    {
<span class='line-number'>210</span>	                        &lt;div class=&quot;introduction-text&quot;&gt;
<span class='line-number'>211</span>	                            @GetString(&quot;Ecom:Product.ShortDescription&quot;)
<span class='line-number'>212</span>	                        &lt;/div&gt;
<span class='line-number'>213</span>	                    }
<span class='line-number'>214</span>	                    @*Certification images*@
<span class='line-number'>215</span>	                    @if (!String.IsNullOrEmpty(GetString(&quot;Ecom:Product:Field.Certification.Value.Clean&quot;)))
<span class='line-number'>216</span>	                    {
<span class='line-number'>217</span>	                        string[] certStrArr = GetString(&quot;Ecom:Product:Field.Certification.Value.Clean&quot;).Split(&#39;,&#39;);
<span class='line-number'>218</span>	                        &lt;div class=&quot;grid__col-12 u-no-padding&quot;&gt;
<span class='line-number'>219</span>	                            &lt;div class=&quot;grid&quot;&gt;                                                      
<span class='line-number'>220</span>	                                
<span class='line-number'>221</span>	                                    @foreach (string certStrItem in certStrArr)
<span class='line-number'>222</span>	                                    {
<span class='line-number'>223</span>	                                            &lt;div&gt;                                     
<span class='line-number'>224</span>	                                            &lt;img class=&quot;grid__cell-img&quot; style=&quot;padding-right: 3px&quot; src=&quot;/Admin/Public/GetImage.ashx?Image=/Files/Images/Ecom/Certification/@(certStrItem).jpg&amp;Format=jpg&amp;Height=70&amp;Crop=0&amp;DoNotUpscale=1&quot; alt=&quot;certification image&quot; /&gt;                                       
<span class='line-number'>225</span>	                                            &lt;/div&gt;
<span class='line-number'>226</span>	                                    }
<span class='line-number'>227</span>	                              &lt;/div&gt;
<span class='line-number'>228</span>	                       &lt;/div&gt;
<span class='line-number'>229</span>	                    }
<span class='line-number'>230</span>	
<span class='line-number'>231</span>	                    @* Variants *@
<span class='line-number'>232</span>	                    @if (GetLoop(&quot;VariantGroups&quot;).Count &gt; 0)
<span class='line-number'>233</span>	                    {
<span class='line-number'>234</span>	                        &lt;small id=&quot;helpText_@productId&quot; class=&quot;help-text @hideHelpText&quot;&gt;@Translate(&quot;Please select a size and/or color!&quot;)&lt;/small&gt;
<span class='line-number'>235</span>	                        string containerId = &quot;Variants&quot; + productId;
<span class='line-number'>236</span>	                        &lt;div&gt;
<span class='line-number'>237</span>	                            &lt;div id=&quot;@containerId&quot; data-product-id=&quot;@productId&quot;&gt;
<span class='line-number'>238</span>	                                @foreach (LoopItem variantGoup in GetLoop(&quot;VariantGroups&quot;))
<span class='line-number'>239</span>	                                {
<span class='line-number'>240</span>	                                    &lt;div&gt;
<span class='line-number'>241</span>	                                        &lt;div class=&quot;u-bold&quot;&gt;@variantGoup.GetString(&quot;Ecom:VariantGroup.Name&quot;)&lt;/div&gt;
<span class='line-number'>242</span>	                                        &lt;div&gt;
<span class='line-number'>243</span>	                                            @foreach (LoopItem variantOption in variantGoup.GetLoop(&quot;VariantAvailableOptions&quot;))
<span class='line-number'>244</span>	                                            {
<span class='line-number'>245</span>	                                                string selected = variantOption.GetBoolean(&quot;Ecom:VariantOption.Selected&quot;) ? &quot;checked&quot; : &quot;&quot;;
<span class='line-number'>246</span>	
<span class='line-number'>247</span>	                                                if (!string.IsNullOrEmpty(variantOption.GetString(&quot;Ecom:VariantOption.ImgSmall.Clean&quot;)))
<span class='line-number'>248</span>	                                                {
<span class='line-number'>249</span>	                                                    &lt;img src=&quot;/Admin/Public/GetImage.ashx?width=100&amp;amp;height=50&amp;amp;crop=5&amp;amp;Compression=75&amp;amp;image=/Images/@variantOption.GetString(&quot;Ecom:VariantOption.ImgSmall.Clean&quot;)&quot; title=&quot;@variantOption.GetString(&quot;Ecom:VariantOption.Name&quot;)&quot; id=&quot;@variantOption.GetString(&quot;Ecom:VariantOption.ID&quot;)&quot; data-product-id=&quot;@productId&quot; onclick=&quot;Variants.UpdateVariants(this, false)&quot; class=&quot;btn btn--tag @selected&quot; data-check=&quot;@selected&quot; /&gt;
<span class='line-number'>250</span>	                                                }
<span class='line-number'>251</span>	                                                else
<span class='line-number'>252</span>	                                                {
<span class='line-number'>253</span>	                                                    &lt;button type=&quot;button&quot; id=&quot;@variantOption.GetString(&quot;Ecom:VariantOption.ID&quot;)&quot; data-product-id=&quot;@productId&quot; onclick=&quot;Variants.UpdateVariants(this, false)&quot; class=&quot;btn btn--tag @selected&quot; data-check=&quot;@selected&quot;&gt;@variantOption.GetString(&quot;Ecom:VariantOption.Name&quot;)&lt;/button&gt;
<span class='line-number'>254</span>	                                                }
<span class='line-number'>255</span>	                                            }
<span class='line-number'>256</span>	                                        &lt;/div&gt;
<span class='line-number'>257</span>	                                    &lt;/div&gt;
<span class='line-number'>258</span>	                                }
<span class='line-number'>259</span>	                            &lt;/div&gt;
<span class='line-number'>260</span>	                           
<span class='line-number'>261</span>	                        &lt;/div&gt;
<span class='line-number'>262</span>	                    }
<span class='line-number'>263</span>	
<span class='line-number'>264</span>	                    @* BOMProducts *@
<span class='line-number'>265</span>	                    @if (GetLoop(&quot;BOMProducts&quot;).Count &gt; 0)
<span class='line-number'>266</span>	                    {
<span class='line-number'>267</span>	                        &lt;h2 class=&quot;section-title&quot;&gt;@Translate(&quot;Including products&quot;)&lt;/h2&gt;
<span class='line-number'>268</span>	                        foreach (LoopItem BOMProductItem in GetLoop(&quot;BOMProducts&quot;))
<span class='line-number'>269</span>	                        {
<span class='line-number'>270</span>	                            string link = &quot;/&quot; + BOMProductItem.GetString(&quot;Ecom:Product.LinkGroup.Clean&quot;) + (!String.IsNullOrEmpty(BOMProductItem.GetString(&quot;Ecom:Product.VariantID&quot;)) ? &quot;&amp;VariantID=&quot; + BOMProductItem.GetString(&quot;Ecom:Product.VariantID&quot;) : &quot;&quot;);
<span class='line-number'>271</span>	                            &lt;div class=&quot;grid__col--border grid&quot;&gt;
<span class='line-number'>272</span>	                                &lt;div class=&quot;grid__cell grid__cell--align-middle-left&quot;&gt;
<span class='line-number'>273</span>	                                    &lt;a href=&quot;@link&quot; class=&quot;u-pull--left u-margin-right&quot;&gt;
<span class='line-number'>274</span>	                                        &lt;img src=&quot;/Admin/Public/GetImage.ashx?width=50&amp;image=@BOMProductItem.GetString(&quot;Ecom:Product.ImageSmall.Default.Clean&quot;)&amp;Compression=99&quot; /&gt;
<span class='line-number'>275</span>	                                    &lt;/a&gt;
<span class='line-number'>276</span>	                                    &lt;a href=&quot;@link&quot;&gt;@BOMProductItem.GetString(&quot;Ecom:Product.Name&quot;)&lt;/a&gt;
<span class='line-number'>277</span>	                                &lt;/div&gt;
<span class='line-number'>278</span>	                            &lt;/div&gt;
<span class='line-number'>279</span>	                        }
<span class='line-number'>280</span>	                    }
<span class='line-number'>281</span>	                &lt;/div&gt;
<span class='line-number'>282</span>	            &lt;/div&gt;
<span class='line-number'>283</span>	
<span class='line-number'>284</span>	            @* Buy block *@
<span class='line-number'>285</span>	            &lt;div class=&quot;grid__cell-footer&quot;&gt;
<span class='line-number'>286</span>	                &lt;div class=&quot;grid__cell product__price-actions js-ajax-container dw-mod&quot; id=&quot;PriceAndActions&quot; data-template=&quot;PricesAndActionsTemplate&quot; data-json-feed=&quot;/Default.aspx?ID=@feedId&amp;ProductID=@productId&quot;&gt;&lt;/div&gt;
<span class='line-number'>287</span>	                &lt;input type=&quot;hidden&quot; value=&quot;@GetString(&quot;Ecom:Product.VariantID.Extented&quot;)&quot; name=&quot;Variant&quot; id=&quot;Variant_@GetString(&quot;Ecom:Product.ID&quot;)&quot; /&gt;
<span class='line-number'>288</span>	            &lt;/div&gt;
<span class='line-number'>289</span>	        &lt;/div&gt;
<span class='line-number'>290</span>	    &lt;/div&gt;
<span class='line-number'>291</span>	
<span class='line-number'>292</span>	    &lt;div class=&quot;grid&quot;&gt;
<span class='line-number'>293</span>	        @* Long description *@
<span class='line-number'>294</span>	        @if (!String.IsNullOrEmpty(GetString(&quot;Ecom:Product.LongDescription&quot;)))
<span class='line-number'>295</span>	        {
<span class='line-number'>296</span>	            &lt;div class=&quot;grid__col-12&quot;&gt;
<span class='line-number'>297</span>	                &lt;h2 class=&quot;section-title&quot;&gt;@Translate(&quot;Description&quot;)&lt;/h2&gt;
<span class='line-number'>298</span>	
<span class='line-number'>299</span>	                &lt;div class=&quot;grid grid--bleed&quot;&gt;
<span class='line-number'>300</span>	                    &lt;div class=&quot;grid__col-lg-8 grid__col-md-8 grid__col-sm-12 grid__col-xs-12 product__description dw-mod&quot;&gt;
<span class='line-number'>301</span>	                        @GetString(&quot;Ecom:Product.LongDescription&quot;)
<span class='line-number'>302</span>	                    &lt;/div&gt;
<span class='line-number'>303</span>	                &lt;/div&gt;
<span class='line-number'>304</span>	            &lt;/div&gt;
<span class='line-number'>305</span>	        }
<span class='line-number'>306</span>	
<span class='line-number'>307</span>	        @* Features lists *@
<span class='line-number'>308</span>	        @if (featuresCount &gt; 0 &amp;&amp; featuresCount &lt; 10)
<span class='line-number'>309</span>	        {
<span class='line-number'>310</span>	            &lt;div class=&quot;grid__col-12 product__features dw-mod&quot;&gt;
<span class='line-number'>311</span>	                &lt;h2 class=&quot;section-title&quot;&gt;@Translate(&quot;Product information&quot;)&lt;/h2&gt;
<span class='line-number'>312</span>	
<span class='line-number'>313</span>	                &lt;div class=&quot;grid grid--bleed&quot;&gt;
<span class='line-number'>314</span>	                    &lt;div class=&quot;grid__col-lg-8 grid__col-md-8 grid__col-sm-12 grid__col-xs-12&quot;&gt;
<span class='line-number'>315</span>	                        @if (GetLoop(&quot;CustomFieldValues&quot;).Count &gt; 0)
<span class='line-number'>316</span>	                        {
<span class='line-number'>317</span>	                            &lt;table class=&quot;table table--clean table--compact&quot;&gt;
<span class='line-number'>318</span>	                                @foreach (LoopItem customField in GetLoop(&quot;CustomFieldValues&quot;).Where(x =&gt; x.GetString(&quot;Product.CustomField.System&quot;) != &quot;HideShowStock&quot;))
<span class='line-number'>319</span>	                                {
<span class='line-number'>320</span>	
<span class='line-number'>321</span>	                                    string fieldValue = customField.GetString(&quot;Product.CustomField.Value&quot;);
<span class='line-number'>322</span>	
<span class='line-number'>323</span>	                                    if (customField.GetLoop(&quot;Product.CustomField.Options&quot;).Count &gt; 0)
<span class='line-number'>324</span>	                                    {
<span class='line-number'>325</span>	                                        fieldValue = &quot;&quot;;
<span class='line-number'>326</span>	                                        int count = 0;
<span class='line-number'>327</span>	
<span class='line-number'>328</span>	                                        foreach (LoopItem customFieldOptions in customField.GetLoop(&quot;Product.CustomField.Options&quot;))
<span class='line-number'>329</span>	                                        {
<span class='line-number'>330</span>	                                            if (customFieldOptions.GetBoolean(&quot;Product.CustomField.Option.IsSelected&quot;))
<span class='line-number'>331</span>	                                            {
<span class='line-number'>332</span>	                                                if (count != 0)
<span class='line-number'>333</span>	                                                {
<span class='line-number'>334</span>	                                                    fieldValue += &quot;, &quot;;
<span class='line-number'>335</span>	                                                }
<span class='line-number'>336</span>	
<span class='line-number'>337</span>	                                                fieldValue += customFieldOptions.GetString(&quot;Product.CustomField.Option.Name&quot;);
<span class='line-number'>338</span>	                                                count++;
<span class='line-number'>339</span>	                                            }
<span class='line-number'>340</span>	                                        }
<span class='line-number'>341</span>	                                    }
<span class='line-number'>342</span>	
<span class='line-number'>343</span>	                                    if (fieldValue == &quot;False&quot;)
<span class='line-number'>344</span>	                                    {
<span class='line-number'>345</span>	                                        fieldValue = Translate(&quot;No&quot;);
<span class='line-number'>346</span>	                                    }
<span class='line-number'>347</span>	
<span class='line-number'>348</span>	                                    if (fieldValue == &quot;True&quot;)
<span class='line-number'>349</span>	                                    {
<span class='line-number'>350</span>	                                        fieldValue = Translate(&quot;Yes&quot;);
<span class='line-number'>351</span>	                                    }
<span class='line-number'>352</span>	
<span class='line-number'>353</span>	                                    if (!String.IsNullOrEmpty(customField.GetString(&quot;Product.CustomField.Name&quot;)) &amp;&amp; !String.IsNullOrEmpty(fieldValue))
<span class='line-number'>354</span>	                                    {
<span class='line-number'>355</span>	                                        &lt;tr&gt;
<span class='line-number'>356</span>	                                                &lt;td width=&quot;160&quot;&gt;@customField.GetString(&quot;Product.CustomField.Name&quot;):&lt;/td&gt;
<span class='line-number'>357</span>	                                                @if (!String.IsNullOrEmpty(customField.GetString(&quot;Document.FullPath&quot;)))
<span class='line-number'>358</span>	                                                {
<span class='line-number'>359</span>	                                                    &lt;td class=&quot;u-ta-left&quot;&gt;&lt;a href=&quot;@customField.GetString(&quot;Document.FullPath&quot;)&quot; download title=&quot;@Translate(&quot;Download&quot;)&quot;&gt;&lt;i class=&quot;fa @getIconForFile(fieldValue)&quot;&gt;&lt;/i&gt; @fieldValue&lt;/a&gt;&lt;/td&gt;
<span class='line-number'>360</span>	                                                }
<span class='line-number'>361</span>	                                                else
<span class='line-number'>362</span>	                                                {
<span class='line-number'>363</span>	                                                    string[] extArr = { &quot;.jpg&quot;, &quot;.png&quot;, &quot;.gif&quot;, &quot;.jpeg&quot; };
<span class='line-number'>364</span>	
<span class='line-number'>365</span>	                                                    if (extArr.Any(x =&gt; customField.GetString(&quot;Product.CustomField.Value&quot;).Contains(x)))
<span class='line-number'>366</span>	                                                    {
<span class='line-number'>367</span>	                                                        &lt;td class=&quot;u-ta-left&quot;&gt;
<span class='line-number'>368</span>	                                                            &lt;img src=&quot;/Admin/Public/Getimage.ashx?height=50&amp;amp;compression=75&amp;amp;Crop=5&amp;amp;image=@customField.GetString(&quot;Product.CustomField.Value&quot;)&quot; alt=&quot;@fieldValue&quot; /&gt;
<span class='line-number'>369</span>	                                                        &lt;/td&gt;
<span class='line-number'>370</span>	                                                    }
<span class='line-number'>371</span>	                                                    else
<span class='line-number'>372</span>	                                                    {
<span class='line-number'>373</span>	                                                        &lt;td class=&quot;u-ta-left&quot;&gt;&lt;span property=&quot;identifier&quot;&gt;@fieldValue&lt;/span&gt;&lt;/td&gt;
<span class='line-number'>374</span>	                                                    }
<span class='line-number'>375</span>	                                                }
<span class='line-number'>376</span>	                                            &lt;/tr&gt;
<span class='line-number'>377</span>	                                        }
<span class='line-number'>378</span>	
<span class='line-number'>379</span>	                                    }
<span class='line-number'>380</span>	                                
<span class='line-number'>381</span>	                                
<span class='line-number'>382</span>	                            &lt;/table&gt;
<span class='line-number'>383</span>	                        }
<span class='line-number'>384</span>	
<span class='line-number'>385</span>	                        @if (GetLoop(&quot;ProductCategories&quot;).Count &gt; 0)
<span class='line-number'>386</span>	                        {
<span class='line-number'>387</span>	                            &lt;table class=&quot;table table--clean table--compact u-margin-bottom&quot;&gt;
<span class='line-number'>388</span>	                                @foreach (LoopItem categoryGroup in GetLoop(&quot;ProductCategories&quot;))
<span class='line-number'>389</span>	                                {
<span class='line-number'>390</span>	                                    int fieldsCount = 0;
<span class='line-number'>391</span>	                                    foreach (LoopItem categoryField in categoryGroup.GetLoop(&quot;ProductCategoryFields&quot;))
<span class='line-number'>392</span>	                                    {
<span class='line-number'>393</span>	                                        if (!String.IsNullOrEmpty(categoryField.GetString(&quot;Ecom:Product.CategoryField.Value&quot;)))
<span class='line-number'>394</span>	                                        {
<span class='line-number'>395</span>	                                            fieldsCount++;
<span class='line-number'>396</span>	                                        }
<span class='line-number'>397</span>	                                    }
<span class='line-number'>398</span>	
<span class='line-number'>399</span>	                                    if (fieldsCount &gt; 0)
<span class='line-number'>400</span>	                                    {
<span class='line-number'>401</span>	                                        &lt;tr&gt;
<span class='line-number'>402</span>	                                            &lt;td colspan=&quot;2&quot; class=&quot;u-ta-left table__section-header dw-mod&quot;&gt;@categoryGroup.GetString(&quot;Ecom:Product.Category.Name&quot;)&lt;/td&gt;
<span class='line-number'>403</span>	                                        &lt;/tr&gt;
<span class='line-number'>404</span>	
<span class='line-number'>405</span>	                                        foreach (LoopItem categoryField in categoryGroup.GetLoop(&quot;ProductCategoryFields&quot;))
<span class='line-number'>406</span>	                                        {
<span class='line-number'>407</span>	                                            string fieldValue = categoryField.GetString(&quot;Ecom:Product.CategoryField.Value&quot;);
<span class='line-number'>408</span>	
<span class='line-number'>409</span>	                                            if (fieldValue == &quot;False&quot;)
<span class='line-number'>410</span>	                                            {
<span class='line-number'>411</span>	                                                fieldValue = Translate(&quot;No&quot;);
<span class='line-number'>412</span>	                                            }
<span class='line-number'>413</span>	
<span class='line-number'>414</span>	                                            if (fieldValue == &quot;True&quot;)
<span class='line-number'>415</span>	                                            {
<span class='line-number'>416</span>	                                                fieldValue = Translate(&quot;Yes&quot;);
<span class='line-number'>417</span>	                                            }
<span class='line-number'>418</span>	
<span class='line-number'>419</span>	                                            if (!String.IsNullOrEmpty(categoryField.GetString(&quot;Ecom:Product.CategoryField.Label&quot;)) &amp;&amp; !String.IsNullOrEmpty(fieldValue))
<span class='line-number'>420</span>	                                            {
<span class='line-number'>421</span>	                                                &lt;tr&gt;
<span class='line-number'>422</span>	                                                    &lt;td width=&quot;160&quot;&gt;@categoryField.GetString(&quot;Ecom:Product.CategoryField.Label&quot;):&lt;/td&gt;
<span class='line-number'>423</span>	                                                    @if (categoryField.GetString(&quot;Ecom:Product.CategoryField.TypeID&quot;) == &quot;9&quot;)
<span class='line-number'>424</span>	                                                    {
<span class='line-number'>425</span>	
<span class='line-number'>426</span>	                                                        &lt;td class=&quot;u-ta-left&quot;&gt;&lt;a href=&quot;@fieldValue&quot; download title=&quot;@Translate(&quot;Download&quot;)&quot;&gt;&lt;i class=&quot;fa @getIconForFile(fieldValue)&quot;&gt;&lt;/i&gt; @fieldValue&lt;/a&gt;&lt;/td&gt;
<span class='line-number'>427</span>	                                                    }
<span class='line-number'>428</span>	                                                    else if (categoryField.GetString(&quot;Ecom:Product.CategoryField.TypeID&quot;) == &quot;15&quot;)
<span class='line-number'>429</span>	                                                    {
<span class='line-number'>430</span>	                                                        &lt;td class=&quot;u-ta-left&quot;&gt;&lt;span property=&quot;identifier&quot;&gt;@categoryField.GetString(&quot;Ecom:Product.CategoryField.OptionLabel&quot;)&lt;/span&gt;&lt;/td&gt;
<span class='line-number'>431</span>	                                                    }
<span class='line-number'>432</span>	                                                    else if (categoryField.GetString(&quot;Ecom:Product.CategoryField.TypeID&quot;) == &quot;8&quot;)
<span class='line-number'>433</span>	                                                    {
<span class='line-number'>434</span>	                                                        &lt;td class=&quot;u-ta-left&quot;&gt;&lt;a property=&quot;identifier&quot; href=&quot;@fieldValue&quot;&gt;@fieldValue&lt;/a&gt;&lt;/td&gt;
<span class='line-number'>435</span>	                                                    }
<span class='line-number'>436</span>	                                                    else
<span class='line-number'>437</span>	                                                    {
<span class='line-number'>438</span>	                                                        &lt;td class=&quot;u-ta-left&quot;&gt;&lt;span property=&quot;identifier&quot;&gt;@fieldValue&lt;/span&gt;&lt;/td&gt;
<span class='line-number'>439</span>	                                                    }
<span class='line-number'>440</span>	                                                &lt;/tr&gt;
<span class='line-number'>441</span>	                                            }
<span class='line-number'>442</span>	                                        }
<span class='line-number'>443</span>	                                    }
<span class='line-number'>444</span>	                                }
<span class='line-number'>445</span>	                            &lt;/table&gt;
<span class='line-number'>446</span>	                        }
<span class='line-number'>447</span>	                    &lt;/div&gt;
<span class='line-number'>448</span>	                &lt;/div&gt;
<span class='line-number'>449</span>	            &lt;/div&gt;
<span class='line-number'>450</span>	        }
<span class='line-number'>451</span>	
<span class='line-number'>452</span>	
<span class='line-number'>453</span>	        @if (featuresCount &gt;= 10)
<span class='line-number'>454</span>	        {
<span class='line-number'>455</span>	            &lt;div class=&quot;grid__col-12 grid__col--bleed-y&quot;&gt;
<span class='line-number'>456</span>	                &lt;h2 class=&quot;section-title&quot;&gt;@Translate(&quot;Product information&quot;)&lt;/h2&gt;
<span class='line-number'>457</span>	
<span class='line-number'>458</span>	                &lt;input type=&quot;checkbox&quot; id=&quot;expandable-text-trigger&quot; class=&quot;expandable-text-trigger&quot; /&gt;
<span class='line-number'>459</span>	                &lt;div class=&quot;expandable-text-container&quot;&gt;
<span class='line-number'>460</span>	                    &lt;div class=&quot;expandable-text-container__content dw-mod&quot;&gt;
<span class='line-number'>461</span>	                        &lt;div class=&quot;grid grid--bleed&quot;&gt;
<span class='line-number'>462</span>	                            &lt;div class=&quot;grid__col-lg-8 grid__col-md-8 grid__col-sm-12 grid__col-xs-12&quot;&gt;
<span class='line-number'>463</span>	                                @if (GetLoop(&quot;CustomFieldValues&quot;).Count &gt; 0)
<span class='line-number'>464</span>	                                {
<span class='line-number'>465</span>	                                    &lt;table class=&quot;table table--clean table--compact&quot;&gt;
<span class='line-number'>466</span>	                                        @foreach (LoopItem customField in GetLoop(&quot;CustomFieldValues&quot;))
<span class='line-number'>467</span>	                                        {
<span class='line-number'>468</span>	                                            string fieldValue = customField.GetString(&quot;Product.CustomField.Value.Clean&quot;);
<span class='line-number'>469</span>	
<span class='line-number'>470</span>	                                            if (customField.GetLoop(&quot;Product.CustomField.Options&quot;).Count &gt; 0)
<span class='line-number'>471</span>	                                            {
<span class='line-number'>472</span>	                                                fieldValue = &quot;&quot;;
<span class='line-number'>473</span>	                                                int count = 0;
<span class='line-number'>474</span>	
<span class='line-number'>475</span>	                                                foreach (LoopItem customFieldOptions in customField.GetLoop(&quot;Product.CustomField.Options&quot;))
<span class='line-number'>476</span>	                                                {
<span class='line-number'>477</span>	                                                    if (customFieldOptions.GetBoolean(&quot;Product.CustomField.Option.IsSelected&quot;))
<span class='line-number'>478</span>	                                                    {
<span class='line-number'>479</span>	                                                        if (count != 0)
<span class='line-number'>480</span>	                                                        {
<span class='line-number'>481</span>	                                                            fieldValue += &quot;, &quot;;
<span class='line-number'>482</span>	                                                        }
<span class='line-number'>483</span>	
<span class='line-number'>484</span>	                                                        fieldValue += customFieldOptions.GetString(&quot;Product.CustomField.Option.Name&quot;);
<span class='line-number'>485</span>	                                                        count++;
<span class='line-number'>486</span>	                                                    }
<span class='line-number'>487</span>	                                                }
<span class='line-number'>488</span>	                                            }
<span class='line-number'>489</span>	
<span class='line-number'>490</span>	                                            if (fieldValue == &quot;False&quot;)
<span class='line-number'>491</span>	                                            {
<span class='line-number'>492</span>	                                                fieldValue = Translate(&quot;No&quot;);
<span class='line-number'>493</span>	                                            }
<span class='line-number'>494</span>	
<span class='line-number'>495</span>	                                            if (fieldValue == &quot;True&quot;)
<span class='line-number'>496</span>	                                            {
<span class='line-number'>497</span>	                                                fieldValue = Translate(&quot;Yes&quot;);
<span class='line-number'>498</span>	                                            }
<span class='line-number'>499</span>	
<span class='line-number'>500</span>	                                            if (!String.IsNullOrEmpty(customField.GetString(&quot;Product.CustomField.Name&quot;)) &amp;&amp; !String.IsNullOrEmpty(fieldValue))
<span class='line-number'>501</span>	                                            {
<span class='line-number'>502</span>	                                                &lt;tr&gt;
<span class='line-number'>503</span>	                                                    &lt;td width=&quot;160&quot;&gt;@customField.GetString(&quot;Product.CustomField.Name&quot;):&lt;/td&gt;
<span class='line-number'>504</span>	                                                    @if (!String.IsNullOrEmpty(customField.GetString(&quot;Document.FullPath&quot;)))
<span class='line-number'>505</span>	                                                    {
<span class='line-number'>506</span>	                                                        &lt;td class=&quot;u-ta-left&quot;&gt;&lt;a href=&quot;@customField.GetString(&quot;Document.FullPath&quot;)&quot; download title=&quot;@Translate(&quot;Download&quot;)&quot;&gt;&lt;span property=&quot;identifier&quot;&gt;&lt;i class=&quot;fa @getIconForFile(fieldValue)&quot;&gt;&lt;/i&gt; &amp;nbsp;@fieldValue&lt;/span&gt;&lt;/a&gt;&lt;/td&gt;
<span class='line-number'>507</span>	                                                    }
<span class='line-number'>508</span>	                                                    else
<span class='line-number'>509</span>	                                                    {
<span class='line-number'>510</span>	                                                        &lt;td class=&quot;u-ta-left&quot;&gt;&lt;span property=&quot;identifier&quot;&gt;@fieldValue&lt;/span&gt;&lt;/td&gt;
<span class='line-number'>511</span>	                                                    }
<span class='line-number'>512</span>	                                                &lt;/tr&gt;
<span class='line-number'>513</span>	                                            }
<span class='line-number'>514</span>	                                        }
<span class='line-number'>515</span>	                                    &lt;/table&gt;
<span class='line-number'>516</span>	                                }
<span class='line-number'>517</span>	
<span class='line-number'>518</span>	                                @if (GetLoop(&quot;ProductCategories&quot;).Count &gt; 0)
<span class='line-number'>519</span>	                                {
<span class='line-number'>520</span>	                                    &lt;table class=&quot;table table--clean table--compact u-margin-bottom&quot;&gt;
<span class='line-number'>521</span>	                                        @foreach (LoopItem categoryGroup in GetLoop(&quot;ProductCategories&quot;))
<span class='line-number'>522</span>	                                        {
<span class='line-number'>523</span>	                                            int fieldsCount = 0;
<span class='line-number'>524</span>	                                            foreach (LoopItem categoryField in categoryGroup.GetLoop(&quot;ProductCategoryFields&quot;))
<span class='line-number'>525</span>	                                            {
<span class='line-number'>526</span>	                                                if (!String.IsNullOrEmpty(categoryField.GetString(&quot;Ecom:Product.CategoryField.Value&quot;)))
<span class='line-number'>527</span>	                                                {
<span class='line-number'>528</span>	                                                    fieldsCount++;
<span class='line-number'>529</span>	                                                }
<span class='line-number'>530</span>	                                            }
<span class='line-number'>531</span>	
<span class='line-number'>532</span>	                                            if (fieldsCount &gt; 0)
<span class='line-number'>533</span>	                                            {
<span class='line-number'>534</span>	                                                &lt;tr&gt;
<span class='line-number'>535</span>	                                                    &lt;td colspan=&quot;2&quot; class=&quot;u-ta-left table__section-header dw-mod&quot;&gt;@categoryGroup.GetString(&quot;Ecom:Product.Category.Name&quot;)&lt;/td&gt;
<span class='line-number'>536</span>	                                                &lt;/tr&gt;
<span class='line-number'>537</span>	
<span class='line-number'>538</span>	                                                foreach (LoopItem categoryField in categoryGroup.GetLoop(&quot;ProductCategoryFields&quot;))
<span class='line-number'>539</span>	                                                {
<span class='line-number'>540</span>	                                                    string fieldValue = categoryField.GetString(&quot;Ecom:Product.CategoryField.Value&quot;);
<span class='line-number'>541</span>	
<span class='line-number'>542</span>	                                                    if (fieldValue == &quot;False&quot;)
<span class='line-number'>543</span>	                                                    {
<span class='line-number'>544</span>	                                                        fieldValue = Translate(&quot;No&quot;);
<span class='line-number'>545</span>	                                                    }
<span class='line-number'>546</span>	
<span class='line-number'>547</span>	                                                    if (fieldValue == &quot;True&quot;)
<span class='line-number'>548</span>	                                                    {
<span class='line-number'>549</span>	                                                        fieldValue = Translate(&quot;Yes&quot;);
<span class='line-number'>550</span>	                                                    }
<span class='line-number'>551</span>	
<span class='line-number'>552</span>	                                                    if (!String.IsNullOrEmpty(categoryField.GetString(&quot;Ecom:Product.CategoryField.Label&quot;)) &amp;&amp; !String.IsNullOrEmpty(fieldValue))
<span class='line-number'>553</span>	                                                    {
<span class='line-number'>554</span>	                                                        &lt;tr&gt;
<span class='line-number'>555</span>	                                                            &lt;td width=&quot;160&quot;&gt;@categoryField.GetString(&quot;Ecom:Product.CategoryField.Label&quot;):&lt;/td&gt;
<span class='line-number'>556</span>	                                                            @if (categoryField.GetString(&quot;Ecom:Product.CategoryField.TypeID&quot;) == &quot;9&quot;)
<span class='line-number'>557</span>	                                                            {
<span class='line-number'>558</span>	                                                                &lt;td class=&quot;u-ta-left&quot;&gt;&lt;a href=&quot;@fieldValue&quot; download title=&quot;@Translate(&quot;Download&quot;)&quot;&gt;&lt;i class=&quot;fa @getIconForFile(fieldValue)&quot;&gt;&lt;/i&gt; @fieldValue&lt;/a&gt;&lt;/td&gt;
<span class='line-number'>559</span>	                                                            }
<span class='line-number'>560</span>	                                                            else if (categoryField.GetString(&quot;Ecom:Product.CategoryField.TypeID&quot;) == &quot;15&quot;)
<span class='line-number'>561</span>	                                                            {
<span class='line-number'>562</span>	                                                                &lt;td class=&quot;u-ta-left&quot;&gt;&lt;span property=&quot;identifier&quot;&gt;@categoryField.GetString(&quot;Ecom:Product.CategoryField.OptionLabel&quot;)&lt;/span&gt;&lt;/td&gt;
<span class='line-number'>563</span>	                                                            }
<span class='line-number'>564</span>	                                                            else if (categoryField.GetString(&quot;Ecom:Product.CategoryField.TypeID&quot;) == &quot;8&quot;)
<span class='line-number'>565</span>	                                                            {
<span class='line-number'>566</span>	                                                                &lt;td class=&quot;u-ta-left&quot;&gt;&lt;a property=&quot;identifier&quot; href=&quot;@fieldValue&quot;&gt;@fieldValue&lt;/a&gt;&lt;/td&gt;
<span class='line-number'>567</span>	                                                            }
<span class='line-number'>568</span>	                                                            else
<span class='line-number'>569</span>	                                                            {
<span class='line-number'>570</span>	                                                                &lt;td class=&quot;u-ta-left&quot;&gt;&lt;span property=&quot;identifier&quot;&gt;@fieldValue&lt;/span&gt;&lt;/td&gt;
<span class='line-number'>571</span>	                                                            }
<span class='line-number'>572</span>	                                                        &lt;/tr&gt;
<span class='line-number'>573</span>	                                                    }
<span class='line-number'>574</span>	                                                }
<span class='line-number'>575</span>	                                            }
<span class='line-number'>576</span>	                                        }
<span class='line-number'>577</span>	                                    &lt;/table&gt;
<span class='line-number'>578</span>	                                }
<span class='line-number'>579</span>	                            &lt;/div&gt;
<span class='line-number'>580</span>	                        &lt;/div&gt;
<span class='line-number'>581</span>	                    &lt;/div&gt;
<span class='line-number'>582</span>	                    &lt;div class=&quot;u-ta-center&quot;&gt;
<span class='line-number'>583</span>	                        &lt;label for=&quot;expandable-text-trigger&quot; class=&quot;btn btn--secondary expandable-text-container__btn more dw-mod&quot;&gt;@Translate(&quot;Show more&quot;)&lt;/label&gt;
<span class='line-number'>584</span>	                        &lt;label for=&quot;expandable-text-trigger&quot; class=&quot;btn btn--secondary expandable-text-container__btn less dw-mod&quot;&gt;@Translate(&quot;Show less&quot;)&lt;/label&gt;
<span class='line-number'>585</span>	                    &lt;/div&gt;
<span class='line-number'>586</span>	                &lt;/div&gt;
<span class='line-number'>587</span>	            &lt;/div&gt;
<span class='line-number'>588</span>	        }
<span class='line-number'>589</span>	
<span class='line-number'>590</span>	       @* 
<span class='line-number'>591</span>	           // Related products 
<span class='line-number'>592</span>	        &lt;div class=&quot;js-ajax-container&quot; id=&quot;ProductList&quot; data-template=&quot;ProductContainer&quot; data-pre-render-template=&quot;ProductPreRenderContainer&quot; data-json-feed=&quot;@feedFullUrl&quot;&gt;&lt;/div&gt;*@
<span class='line-number'>593</span>	    &lt;/div&gt;
<span class='line-number'>594</span>	&lt;/div&gt;
<span class='line-number'>595</span>	
<span class='line-number'>596</span>	&lt;script id=&quot;PricesAndActionsTemplate&quot; type=&quot;text/x-template&quot;&gt;
<span class='line-number'>597</span>	    &lt;div class=&quot;product__price-actions__price dw-mod&quot;&gt;
<span class='line-number'>598</span>	        &lt;div class=&quot;before-price {{onSale}} dw-mod&quot;&gt;{{discount}}&lt;/div&gt;
<span class='line-number'>599</span>	        &lt;div class=&quot;price dw-mod&quot;&gt;{{price}}&lt;/div&gt;
<span class='line-number'>600</span>	    &lt;/div&gt;
<span class='line-number'>601</span>	    &lt;div class=&quot;buttons-collection buttons-collection--right product__price-actions__actions dw-mod&quot;&gt;
<span class='line-number'>602</span>	        &lt;button type=&quot;button&quot; id=&quot;CartButton_{{id}}&quot; class=&quot;btn btn--primary btn--condensed dw-mod u-pull--right&quot; name=&quot;submit&quot; onclick=&quot;Cart.AddToCart(event, &#39;{{id}}&#39;, document.getElementById(&#39;Quantity_{{id}}&#39;).value, &#39;Unit_{{id}}&#39;, &#39;Variant_{{id}}&#39;);&quot;&gt;&lt;i class=&quot;fa fa-shopping-cart&quot;&gt;&lt;/i&gt;&lt;span class=&quot;u-hidden-xs u-hidden-xxs&quot;&gt; @Translate(&quot;Add to cart&quot;)&lt;/span&gt;&lt;/button&gt;
<span class='line-number'>603</span>	        &lt;input type=&quot;number&quot; class=&quot;u-w70px u-pull--right&quot; id=&quot;Quantity_{{id}}&quot; name=&quot;Quantity&quot; value=&quot;1&quot; min=&quot;1&quot;&gt;
<span class='line-number'>604</span>	        &lt;input type=&quot;checkbox&quot; id=&quot;UnitOptions_{{id}}&quot; class=&quot;dropdown-trigger&quot; /&gt;
<span class='line-number'>605</span>	        &lt;div class=&quot;dropdown u-pull--right u-w150px u-w80px--xs dw-mod {{hasUnits}}&quot;&gt;
<span class='line-number'>606</span>	           @* &lt;label class=&quot;dropdown__header dropdown__btn dw-mod&quot; for=&quot;UnitOptions_{{id}}&quot;&gt;{{unitName}}&lt;/label&gt;*@
<span class='line-number'>607</span>	            &lt;div class=&quot;dropdown__content dw-mod&quot; id=&quot;unitOptions&quot; data-template=&quot;Units&quot;&gt;&lt;/div&gt;
<span class='line-number'>608</span>	            &lt;label class=&quot;dropdown-trigger-off&quot; for=&quot;UnitOptions_{{id}}&quot;&gt;&lt;/label&gt;
<span class='line-number'>609</span>	        &lt;/div&gt;
<span class='line-number'>610</span>	        &lt;input type=&quot;hidden&quot; value=&quot;{{unitId}}&quot; name=&quot;Unit&quot; id=&quot;Unit_{{id}}&quot; /&gt;
<span class='line-number'>611</span>	    &lt;/div&gt;
<span class='line-number'>612</span>	&lt;/script&gt;
<span class='line-number'>613</span>	
<span class='line-number'>614</span>	&lt;script id=&quot;Units&quot; type=&quot;text/x-template&quot;&gt;
<span class='line-number'>615</span>	    &lt;div class=&quot;dropdown__item dw-mod&quot; onclick=&quot;Dynamo.UpdateContent(&#39;PriceAndActions&#39;, &#39;/Default.aspx?ID=@feedId&amp;ProductID=@productId&amp;UnitID={{value}}&#39;)&quot;&gt;{{name}}&lt;/div&gt;
<span class='line-number'>616</span>	&lt;/script&gt;
<span class='line-number'>617</span>	
<span class='line-number'>618</span>	
<span class='line-number'>619</span>	@* Script templates for related products *@
<span class='line-number'>620</span>	&lt;script id=&quot;ProductPreRenderContainer&quot; type=&quot;text/x-template&quot;&gt;
<span class='line-number'>621</span>	    &lt;div class=&quot;u-h600px u-full-width&quot;&gt;
<span class='line-number'>622</span>	        &lt;div class=&quot;grid&quot;&gt;
<span class='line-number'>623</span>	            &lt;div class=&quot;grid__col-12&quot;&gt;
<span class='line-number'>624</span>	                &lt;div class=&quot;pre-render-element pre-render-element--md&quot;&gt;&lt;/div&gt;
<span class='line-number'>625</span>	            &lt;/div&gt;
<span class='line-number'>626</span>	        &lt;/div&gt;
<span class='line-number'>627</span>	    &lt;/div&gt;
<span class='line-number'>628</span>	&lt;/script&gt;
<span class='line-number'>629</span>	
<span class='line-number'>630</span>	&lt;script id=&quot;ProductContainer&quot; type=&quot;text/x-template&quot;&gt;
<span class='line-number'>631</span>	    &lt;div class=&quot;u-min-h500px u-full-width&quot;&gt;
<span class='line-number'>632</span>	        &lt;div class=&quot;grid&quot;&gt;
<span class='line-number'>633</span>	            &lt;div class=&quot;grid__col-12&quot;&gt;
<span class='line-number'>634</span>	                &lt;h2 class=&quot;section-title section-title--condensed&quot;&gt;@Translate(&quot;What about these products?&quot;)&lt;/h2&gt;
<span class='line-number'>635</span>	            &lt;/div&gt;
<span class='line-number'>636</span>	
<span class='line-number'>637</span>	            &lt;div class=&quot;grid__col-45px grid__col--bleed-x&quot;&gt;
<span class='line-number'>638</span>	                &lt;div class=&quot;grid__cell grid__cell--align-middle-left&quot;&gt;
<span class='line-number'>639</span>	                    &lt;button class=&quot;btn btn--condensed btn--clean {{prevdisabled}} dw-mod&quot; onclick=&quot;Dynamo.UpdateContent(&#39;ProductList&#39;, &#39;{{prevPage}}&#39;)&quot; {{prevdisabled}}&gt;&lt;i class=&quot;fa fa-chevron-left fa-2x&quot;&gt;&lt;/i&gt;&lt;/button&gt;
<span class='line-number'>640</span>	                &lt;/div&gt;
<span class='line-number'>641</span>	            &lt;/div&gt;
<span class='line-number'>642</span>	            &lt;div class=&quot;grid__col-auto grid__col--bleed-x&quot;&gt;
<span class='line-number'>643</span>	                &lt;div id=&quot;ProductsContainer&quot; class=&quot;grid product-list dw-mod&quot; data-template=&quot;ProductGridItemContainer&quot;&gt;&lt;/div&gt;
<span class='line-number'>644</span>	            &lt;/div&gt;
<span class='line-number'>645</span>	            &lt;div class=&quot;grid__col-45px grid__col--bleed-x&quot;&gt;
<span class='line-number'>646</span>	                &lt;div class=&quot;grid__cell grid__cell--align-middle-right&quot;&gt;
<span class='line-number'>647</span>	                    &lt;button class=&quot;btn btn--condensed btn--clean {{nextdisabled}} dw-mod&quot; onclick=&quot;Dynamo.UpdateContent(&#39;ProductList&#39;, &#39;{{nextPage}}&#39;)&quot; {{nextdisabled}}&gt;&lt;i class=&quot;fa fa-chevron-right fa-2x&quot;&gt;&lt;/i&gt;&lt;/button&gt;
<span class='line-number'>648</span>	                &lt;/div&gt;
<span class='line-number'>649</span>	            &lt;/div&gt;
<span class='line-number'>650</span>	        &lt;/div&gt;
<span class='line-number'>651</span>	    &lt;/div&gt;
<span class='line-number'>652</span>	&lt;/script&gt;
<span class='line-number'>653</span>	
<span class='line-number'>654</span>	&lt;script id=&quot;ProductGridItemContainer&quot; type=&quot;text/x-template&quot;&gt;
<span class='line-number'>655</span>	    &lt;div id=&quot;Product&quot; class=&quot;grid__col-@relatedProductsColumnWidth product-list__list-item dw-mod&quot; data-template=&quot;ProductGridItem&quot; data-preloader=&quot;false&quot;&gt;&lt;/div&gt;
<span class='line-number'>656</span>	&lt;/script&gt;
<span class='line-number'>657</span>	
<span class='line-number'>658</span>	&lt;script id=&quot;ProductGridItem&quot; type=&quot;text/x-template&quot;&gt;
<span class='line-number'>659</span>	    &lt;div class=&quot;grid__cell product-list__grid-item__image dw-mod {{noImage}}&quot;&gt;
<span class='line-number'>660</span>	        &lt;div class=&quot;sticker {{onSale}} dw-mod&quot;&gt;@Translate(&quot;Sale!&quot;)&lt;/div&gt;
<span class='line-number'>661</span>	        &lt;a href=&quot;{{link}}&quot; onclick=&quot;Scroll.SavePosition(event)&quot;&gt;&lt;img class=&quot;grid__cell-img grid__cell-img--centered&quot; src=&quot;/Admin/Public/GetImage.ashx?width=300&amp;amp;height=300&amp;amp;crop=5&amp;amp;Compression=75&amp;amp;image={{image}}&quot; alt=&quot;{{name}}&quot; /&gt;&lt;/a&gt;
<span class='line-number'>662</span>	    &lt;/div&gt;
<span class='line-number'>663</span>	
<span class='line-number'>664</span>	    &lt;div class=&quot;grid__cell product-list__grid-item__price-info dw-mod&quot;&gt;
<span class='line-number'>665</span>	        &lt;a href=&quot;{{link}}&quot; onclick=&quot;Scroll.SavePosition(event)&quot; title=&quot;{{name}}&quot;&gt;&lt;h6 class=&quot;u-condensed-text&quot;&gt;{{name}}&lt;/h6&gt;&lt;/a&gt;
<span class='line-number'>666</span>	        &lt;div class=&quot;item-number dw-mod&quot;&gt;{{number}}&lt;/div&gt;
<span class='line-number'>667</span>	        &lt;div class=&quot;price dw-mod&quot;&gt;{{price}}&lt;/div&gt;
<span class='line-number'>668</span>	        &lt;div class=&quot;before-price {{onSale}} dw-mod&quot;&gt;{{discount}}&lt;/div&gt;
<span class='line-number'>669</span>	    &lt;/div&gt;
<span class='line-number'>670</span>	
<span class='line-number'>671</span>	    &lt;div class=&quot;product-list__grid-item__footer dw-mod&quot;&gt;
<span class='line-number'>672</span>	        &lt;div class=&quot;u-ta-center&quot;&gt;
<span class='line-number'>673</span>	            &lt;a href=&quot;{{link}}&quot; id=&quot;CartButton_{{id}}&quot; class=&quot;btn btn--secondary btn--full u-no-margin dw-mod&quot;&gt;@Translate(&quot;View&quot;)&lt;/a&gt;
<span class='line-number'>674</span>	        &lt;/div&gt;
<span class='line-number'>675</span>	    &lt;/div&gt;
<span class='line-number'>676</span>	&lt;/script&gt;
<span class='line-number'>677</span>	
<span class='line-number'>678</span>	@*Variants data generation*@
<span class='line-number'>679</span>	&lt;script&gt;
<span class='line-number'>680</span>	    document.addEventListener(&quot;DOMContentLoaded&quot;, function (event) {
<span class='line-number'>681</span>	        var variants = [];
<span class='line-number'>682</span>	
<span class='line-number'>683</span>	        document.getElementById(&quot;productGrid&quot;).addEventListener(&#39;contentLoaded&#39;, function (e) {
<span class='line-number'>684</span>	            if (e.srcElement.classList.contains(&quot;js-variants-wrap&quot;)) {
<span class='line-number'>685</span>	                Variants.SetVariantOptionStatesForProductList(e.srcElement);
<span class='line-number'>686</span>	            }
<span class='line-number'>687</span>	        }, false);
<span class='line-number'>688</span>	
<span class='line-number'>689</span>	        @foreach (LoopItem variantgroup in GetLoop(&quot;VariantGroups&quot;))
<span class='line-number'>690</span>	        {
<span class='line-number'>691</span>	            &lt;text&gt;var optionsArray = [];&lt;/text&gt;
<span class='line-number'>692</span>	
<span class='line-number'>693</span>	            foreach (LoopItem variantoption in variantgroup.GetLoop(&quot;VariantAvailableOptions&quot;))
<span class='line-number'>694</span>	            {
<span class='line-number'>695</span>	                string variantSelection = variantoption.GetBoolean(&quot;Ecom:VariantOption.Selected&quot;) ? &quot;checked&quot; : &quot;&quot;;
<span class='line-number'>696</span>	
<span class='line-number'>697</span>	                &lt;text&gt;
<span class='line-number'>698</span>	        var option = new Variants.VariantOption(&quot;@variantoption.GetValue(&quot;Ecom:VariantOption.ID&quot;)&quot;, &quot;@GetString(&quot;Ecom:Product.ID&quot;)&quot;, &quot;@variantoption.GetString(&quot;Ecom:VariantOption.Name&quot;)&quot;, &quot;@variantSelection&quot;, &quot;&quot;, &quot;@variantoption.GetString(&quot;Ecom:VariantOption.Color&quot;)&quot;, &quot;@variantoption.GetString(&quot;Ecom:VariantOption.ImgSmall.Clean&quot;)&quot;);
<span class='line-number'>699</span>	        optionsArray.push(option);
<span class='line-number'>700</span>	        &lt;/text&gt;
<span class='line-number'>701</span>	            }
<span class='line-number'>702</span>	
<span class='line-number'>703</span>	            &lt;text&gt;
<span class='line-number'>704</span>	        var group = new Variants.VariantGroup(&quot;@GetString(&quot;Ecom:Product.ID&quot;)_@variantgroup.GetValue(&quot;Ecom:VariantGroup.ID&quot;)&quot;, &quot;@variantgroup.GetValue(&quot;Ecom:VariantGroup.Name&quot;)&quot;, optionsArray);
<span class='line-number'>705</span>	        variants.push(group);
<span class='line-number'>706</span>	        &lt;/text&gt;
<span class='line-number'>707</span>	            }
<span class='line-number'>708</span>	
<span class='line-number'>709</span>	        var combinations = [];
<span class='line-number'>710</span>	        @foreach (LoopItem variantcomb in GetLoop(&quot;VariantStockCombinations&quot;))
<span class='line-number'>711</span>	            {
<span class='line-number'>712</span>	                &lt;text&gt;
<span class='line-number'>713</span>	        combinations.push(new Variants.CombinationItem(&quot;@variantcomb.GetValue(&quot;Ecom:VariantStockCombination.VariantID&quot;)&quot;));
<span class='line-number'>714</span>	        &lt;/text&gt;
<span class='line-number'>715</span>	            }
<span class='line-number'>716</span>	
<span class='line-number'>717</span>	        Variants.SetProductFeedId(&#39;@feedId&#39;);
<span class='line-number'>718</span>	        Variants.SetProductUrl(&#39;/@GetString(&quot;Ecom:Product.VariantLinkGroup.Clean&quot;)&#39;);
<span class='line-number'>719</span>	       
<span class='line-number'>720</span>	  		Dynamo.SetDataInCache((&quot;Variants&quot; + &quot;@productId&quot;), variants);
<span class='line-number'>721</span>	        Dynamo.SetDataInCache((&quot;Combinations&quot; + &quot;@productId&quot;), combinations);
<span class='line-number'>722</span>	  
<span class='line-number'>723</span>	        document.getElementById(&quot;PriceAndActions&quot;).addEventListener(&#39;contentLoaded&#39;, function (e) {
<span class='line-number'>724</span>	            Variants.InitVariants(variants, combinations, &quot;@productId&quot;);
<span class='line-number'>725</span>	        }, false);
<span class='line-number'>726</span>	    });
<span class='line-number'>727</span>	&lt;/script&gt;
<span class='line-number'>728</span>	
<span class='line-number'>729</span>	@functions {
<span class='line-number'>730</span>	    string getIconForFile(string fileName)
<span class='line-number'>731</span>	    {
<span class='line-number'>732</span>	        string ext = Path.GetExtension(fileName);
<span class='line-number'>733</span>	        string icon = &quot;&quot;;
<span class='line-number'>734</span>	        switch (ext.ToLower())
<span class='line-number'>735</span>	        {
<span class='line-number'>736</span>	            case &quot;.pdf&quot;:
<span class='line-number'>737</span>	                icon = &quot;fa-file-pdf-o&quot;;
<span class='line-number'>738</span>	                break;
<span class='line-number'>739</span>	            case &quot;.xls&quot;:
<span class='line-number'>740</span>	            case &quot;.xlsx&quot;:
<span class='line-number'>741</span>	                icon = &quot;fa-file-excel-o&quot;;
<span class='line-number'>742</span>	                break;
<span class='line-number'>743</span>	            case &quot;.ppt&quot;:
<span class='line-number'>744</span>	            case &quot;.pptx&quot;:
<span class='line-number'>745</span>	                icon = &quot;fa-file-powerpoint-o&quot;;
<span class='line-number'>746</span>	                break;
<span class='line-number'>747</span>	            case &quot;.doc&quot;:
<span class='line-number'>748</span>	            case &quot;.docx&quot;:
<span class='line-number'>749</span>	                icon = &quot;fa-file-word-o&quot;;
<span class='line-number'>750</span>	                break;
<span class='line-number'>751</span>	            case &quot;.jpg&quot;:
<span class='line-number'>752</span>	            case &quot;.jpeg&quot;:
<span class='line-number'>753</span>	            case &quot;.png&quot;:
<span class='line-number'>754</span>	            case &quot;.gif&quot;:
<span class='line-number'>755</span>	                icon = &quot;fa-file-image-o&quot;;
<span class='line-number'>756</span>	                break;
<span class='line-number'>757</span>	            default:
<span class='line-number'>758</span>	                icon = &quot;fa-file-o&quot;;
<span class='line-number'>759</span>	                break;
<span class='line-number'>760</span>	        }
<span class='line-number'>761</span>	        return icon;
<span class='line-number'>762</span>	    }
<span class='line-number'>763</span>	}
<span class='line-number'>764</span>	&lt;script&gt;
<span class='line-number'>765</span>	    document.addEventListener(&quot;DOMContentLoaded&quot;, function (event) {
<span class='line-number'>766</span>	        Facets.Init(&quot;productList&quot;, &#39;@productCatalogId&#39;, &#39;@requestQuery&#39;);
<span class='line-number'>767</span>	
<span class='line-number'>768</span>	        Variants.SetProductFeedId(&#39;@productCatalogId&#39;);
<span class='line-number'>769</span>	        Variants.SetViewMode(&quot;productList&quot;);
<span class='line-number'>770</span>	
<span class='line-number'>771</span>	        document.getElementById(&quot;productList&quot;).addEventListener(&#39;contentLoaded&#39;, function (e) {
<span class='line-number'>772</span>	            if (e.srcElement.classList.contains(&quot;js-variants-wrap&quot;)) {
<span class='line-number'>773</span>	                Variants.SetVariantOptionStatesForProductList(e.srcElement);
<span class='line-number'>774</span>	            }
<span class='line-number'>775</span>	        }, false);
<span class='line-number'>776</span>	    });
<span class='line-number'>777</span>	&lt;/script&gt;
<span class='line-number'>778</span>	&lt;!-- Javascript --&gt;
<span class='line-number'>779</span>	&lt;script src=&quot;~/Files/Templates/Designs/Rapido/js/master.min.js&quot;&gt;&lt;/script&gt;
</div>

